#-----------------------------------------------------------
# Vivado v2018.2.1 (64-bit)
# SW Build 2288692 on Thu Jul 26 18:24:02 MDT 2018
# IP Build 2289599 on Thu Jul 26 21:09:20 MDT 2018
# Start of session at: Mon Nov 26 10:45:38 2018
# Process ID: 6196
# Current directory: C:/Users/tdale19/Documents/GitHub/LSTM_Hardware/LSTMsingle
# Command line: vivado.exe -gui_launcher_event rodinguilauncherevent9500 C:\Users\tdale19\Documents\GitHub\LSTM_Hardware\LSTMsingle\LSTMsingle.xpr
# Log file: C:/Users/tdale19/Documents/GitHub/LSTM_Hardware/LSTMsingle/vivado.log
# Journal file: C:/Users/tdale19/Documents/GitHub/LSTM_Hardware/LSTMsingle\vivado.jou
#-----------------------------------------------------------
start_gui
open_project C:/Users/tdale19/Documents/GitHub/LSTM_Hardware/LSTMsingle/LSTMsingle.xpr
CRITICAL WARNING: [Project 1-19] Could not find the file 'C:/Users/tdale19/Documents/GitHub/Nexys4DDR_Master.xdc'.
Scanning sources...
Finished scanning sources
INFO: [IP_Flow 19-234] Refreshing IP repositories
INFO: [IP_Flow 19-1704] No user IP repositories specified
INFO: [IP_Flow 19-2313] Loaded Vivado IP repository 'C:/Xilinx/Vivado/2018.2/data/ip'.
open_project: Time (s): cpu = 00:00:10 ; elapsed = 00:00:06 . Memory (MB): peak = 805.898 ; gain = 74.703
update_compile_order -fileset sources_1
close [ open C:/Users/tdale19/Documents/GitHub/LSTM_Hardware/LSTMsingle/LSTMsingle.srcs/sources_1/new/add.vhd w ]
add_files C:/Users/tdale19/Documents/GitHub/LSTM_Hardware/LSTMsingle/LSTMsingle.srcs/sources_1/new/add.vhd
update_compile_order -fileset sources_1
export_ip_user_files -of_objects  [get_files C:/Users/tdale19/Documents/GitHub/LSTM_Hardware/LSTMsingle/LSTMsingle.srcs/sources_1/new/add.vhd] -no_script -reset -force -quiet
remove_files  C:/Users/tdale19/Documents/GitHub/LSTM_Hardware/LSTMsingle/LSTMsingle.srcs/sources_1/new/add.vhd
close [ open C:/Users/tdale19/Documents/GitHub/LSTM_Hardware/LSTMsingle/LSTMsingle.srcs/sources_1/new/addMat.vhd w ]
add_files C:/Users/tdale19/Documents/GitHub/LSTM_Hardware/LSTMsingle/LSTMsingle.srcs/sources_1/new/addMat.vhd
update_compile_order -fileset sources_1
export_ip_user_files -of_objects  [get_files C:/Users/tdale19/Documents/GitHub/LSTM_Hardware/LSTMsingle/LSTMsingle.srcs/sources_1/new/sigmoid.vhd] -no_script -reset -force -quiet
remove_files  C:/Users/tdale19/Documents/GitHub/LSTM_Hardware/LSTMsingle/LSTMsingle.srcs/sources_1/new/sigmoid.vhd
file delete -force C:/Users/tdale19/Documents/GitHub/LSTM_Hardware/LSTMsingle/LSTMsingle.srcs/sources_1/new/sigmoid.vhd
update_compile_order -fileset sources_1
update_compile_order -fileset sim_1
update_compile_order -fileset sim_1
update_compile_order -fileset sources_1
close [ open C:/Users/tdale19/Documents/GitHub/LSTM_Hardware/LSTMsingle/LSTMsingle.srcs/sources_1/new/matMatMult.vhd w ]
add_files C:/Users/tdale19/Documents/GitHub/LSTM_Hardware/LSTMsingle/LSTMsingle.srcs/sources_1/new/matMatMult.vhd
update_compile_order -fileset sources_1
update_compile_order -fileset sources_1
update_compile_order -fileset sim_1
update_compile_order -fileset sources_1
reset_run synth_1
launch_runs synth_1 -jobs 4
[Mon Nov 26 11:45:23 2018] Launched synth_1...
Run output will be captured here: C:/Users/tdale19/Documents/GitHub/LSTM_Hardware/LSTMsingle/LSTMsingle.runs/synth_1/runme.log
export_ip_user_files -of_objects  [get_files C:/Users/tdale19/Documents/GitHub/Nexys4DDR_Master.xdc] -no_script -reset -force -quiet
remove_files  -fileset constrs_1 C:/Users/tdale19/Documents/GitHub/Nexys4DDR_Master.xdc
reset_run synth_1
launch_runs synth_1 -jobs 4
[Mon Nov 26 11:46:19 2018] Launched synth_1...
Run output will be captured here: C:/Users/tdale19/Documents/GitHub/LSTM_Hardware/LSTMsingle/LSTMsingle.runs/synth_1/runme.log
open_run synth_1 -name synth_1
Design is defaulting to impl run constrset: constrs_1
Design is defaulting to synth run part: xc7a100tcsg324-1
INFO: [Project 1-479] Netlist was created with Vivado 2018.2.1
INFO: [Device 21-403] Loading part xc7a100tcsg324-1
INFO: [Project 1-570] Preparing netlist for logic optimization
INFO: [Opt 31-138] Pushed 0 inverter(s) to 0 load pin(s).
CRITICAL WARNING: [Project 1-560] Could not resolve non-primitive black box cell 'addMat' instantiated as 'top/calMemCell'. 3 instances of this cell are unresolved black boxes. [C:/Users/tdale19/Documents/GitHub/LSTM_Hardware/LSTMsingle/LSTMsingle.srcs/sources_1/new/LSTMtop.vhd:72]
CRITICAL WARNING: [Project 1-560] Could not resolve non-primitive black box cell 'vectMatMult' instantiated as 'top/memoryCanditateGate/multH'. 4 instances of this cell are unresolved black boxes. [C:/Users/tdale19/Documents/GitHub/LSTM_Hardware/LSTMsingle/LSTMsingle.srcs/sources_1/new/elementProcessorTanh.vhd:42]
INFO: [Project 1-111] Unisim Transformation Summary:
No Unisim elements were transformed.

open_run: Time (s): cpu = 00:00:14 ; elapsed = 00:00:11 . Memory (MB): peak = 1304.453 ; gain = 431.078
close_design
synth_design -rtl -name rtl_1
Command: synth_design -rtl -name rtl_1
Starting synth_design
Using part: xc7a100tcsg324-1
Top: LSTMtester
---------------------------------------------------------------------------------
Starting RTL Elaboration : Time (s): cpu = 00:00:03 ; elapsed = 00:00:02 . Memory (MB): peak = 1736.566 ; gain = 0.000
---------------------------------------------------------------------------------
INFO: [Synth 8-638] synthesizing module 'LSTMtester' [C:/Users/tdale19/Documents/GitHub/LSTM_Hardware/LSTMsingle/LSTMsingle.srcs/sources_1/new/LSTMtester.vhd:10]
INFO: [Synth 8-3491] module 'LSTMtop' declared at 'C:/Users/tdale19/Documents/GitHub/LSTM_Hardware/LSTMsingle/LSTMsingle.srcs/sources_1/new/LSTMtop.vhd:8' bound to instance 'top' of component 'LSTMtop' [C:/Users/tdale19/Documents/GitHub/LSTM_Hardware/LSTMsingle/LSTMsingle.srcs/sources_1/new/LSTMtester.vhd:16]
INFO: [Synth 8-638] synthesizing module 'LSTMtop' [C:/Users/tdale19/Documents/GitHub/LSTM_Hardware/LSTMsingle/LSTMsingle.srcs/sources_1/new/LSTMtop.vhd:12]
	Parameter widthV bound to: 10 - type: integer 
	Parameter widthM bound to: 100 - type: integer 
INFO: [Synth 8-3491] module 'elementProcessorSig' declared at 'C:/Users/tdale19/Documents/GitHub/LSTM_Hardware/LSTMsingle/LSTMsingle.srcs/sources_1/new/elementProcessorSig.vhd:6' bound to instance 'outputGate' of component 'elementProcessorSig' [C:/Users/tdale19/Documents/GitHub/LSTM_Hardware/LSTMsingle/LSTMsingle.srcs/sources_1/new/LSTMtop.vhd:65]
INFO: [Synth 8-638] synthesizing module 'elementProcessorSig' [C:/Users/tdale19/Documents/GitHub/LSTM_Hardware/LSTMsingle/LSTMsingle.srcs/sources_1/new/elementProcessorSig.vhd:17]
	Parameter widthV bound to: 10 - type: integer 
	Parameter widthM bound to: 100 - type: integer 
	Parameter widthV bound to: 10 - type: integer 
	Parameter widthM bound to: 100 - type: integer 
INFO: [Synth 8-3491] module 'vectMatMult' declared at 'C:/Users/tdale19/Documents/GitHub/LSTM_Hardware/LSTMsingle/LSTMsingle.srcs/sources_1/new/vectMatMult.vhd:7' bound to instance 'multX' of component 'vectMatMult' [C:/Users/tdale19/Documents/GitHub/LSTM_Hardware/LSTMsingle/LSTMsingle.srcs/sources_1/new/elementProcessorSig.vhd:40]
INFO: [Synth 8-638] synthesizing module 'vectMatMult' [C:/Users/tdale19/Documents/GitHub/LSTM_Hardware/LSTMsingle/LSTMsingle.srcs/sources_1/new/vectMatMult.vhd:16]
	Parameter widthV bound to: 10 - type: integer 
	Parameter widthM bound to: 100 - type: integer 
INFO: [Synth 8-256] done synthesizing module 'vectMatMult' (1#1) [C:/Users/tdale19/Documents/GitHub/LSTM_Hardware/LSTMsingle/LSTMsingle.srcs/sources_1/new/vectMatMult.vhd:16]
	Parameter widthV bound to: 10 - type: integer 
	Parameter widthM bound to: 100 - type: integer 
INFO: [Synth 8-3491] module 'vectMatMult' declared at 'C:/Users/tdale19/Documents/GitHub/LSTM_Hardware/LSTMsingle/LSTMsingle.srcs/sources_1/new/vectMatMult.vhd:7' bound to instance 'multH' of component 'vectMatMult' [C:/Users/tdale19/Documents/GitHub/LSTM_Hardware/LSTMsingle/LSTMsingle.srcs/sources_1/new/elementProcessorSig.vhd:41]
	Parameter widthM bound to: 100 - type: integer 
INFO: [Synth 8-3491] module 'addMat' declared at 'C:/Users/tdale19/Documents/GitHub/LSTM_Hardware/LSTMsingle/LSTMsingle.srcs/sources_1/new/addMat.vhd:34' bound to instance 'add' of component 'addMat' [C:/Users/tdale19/Documents/GitHub/LSTM_Hardware/LSTMsingle/LSTMsingle.srcs/sources_1/new/elementProcessorSig.vhd:43]
INFO: [Synth 8-638] synthesizing module 'addMat' [C:/Users/tdale19/Documents/GitHub/LSTM_Hardware/LSTMsingle/LSTMsingle.srcs/sources_1/new/addMat.vhd:43]
	Parameter widthM bound to: 100 - type: integer 
INFO: [Synth 8-256] done synthesizing module 'addMat' (2#1) [C:/Users/tdale19/Documents/GitHub/LSTM_Hardware/LSTMsingle/LSTMsingle.srcs/sources_1/new/addMat.vhd:43]
	Parameter widthM bound to: 100 - type: integer 
INFO: [Synth 8-3491] module 'sigGate' declared at 'C:/Users/tdale19/Documents/GitHub/LSTM_Hardware/LSTMsingle/LSTMsingle.srcs/sources_1/new/sigGate.vhd:6' bound to instance 'sigmoid' of component 'sigGate' [C:/Users/tdale19/Documents/GitHub/LSTM_Hardware/LSTMsingle/LSTMsingle.srcs/sources_1/new/elementProcessorSig.vhd:44]
INFO: [Synth 8-638] synthesizing module 'sigGate' [C:/Users/tdale19/Documents/GitHub/LSTM_Hardware/LSTMsingle/LSTMsingle.srcs/sources_1/new/sigGate.vhd:14]
	Parameter widthM bound to: 100 - type: integer 
INFO: [Synth 8-256] done synthesizing module 'sigGate' (3#1) [C:/Users/tdale19/Documents/GitHub/LSTM_Hardware/LSTMsingle/LSTMsingle.srcs/sources_1/new/sigGate.vhd:14]
INFO: [Synth 8-256] done synthesizing module 'elementProcessorSig' (4#1) [C:/Users/tdale19/Documents/GitHub/LSTM_Hardware/LSTMsingle/LSTMsingle.srcs/sources_1/new/elementProcessorSig.vhd:17]
	Parameter widthV bound to: 10 - type: integer 
	Parameter widthM bound to: 100 - type: integer 
INFO: [Synth 8-3491] module 'elementProcessorSig' declared at 'C:/Users/tdale19/Documents/GitHub/LSTM_Hardware/LSTMsingle/LSTMsingle.srcs/sources_1/new/elementProcessorSig.vhd:6' bound to instance 'forgetGate' of component 'elementProcessorSig' [C:/Users/tdale19/Documents/GitHub/LSTM_Hardware/LSTMsingle/LSTMsingle.srcs/sources_1/new/LSTMtop.vhd:66]
	Parameter widthV bound to: 10 - type: integer 
	Parameter widthM bound to: 100 - type: integer 
INFO: [Synth 8-3491] module 'elementProcessorSig' declared at 'C:/Users/tdale19/Documents/GitHub/LSTM_Hardware/LSTMsingle/LSTMsingle.srcs/sources_1/new/elementProcessorSig.vhd:6' bound to instance 'inputGate' of component 'elementProcessorSig' [C:/Users/tdale19/Documents/GitHub/LSTM_Hardware/LSTMsingle/LSTMsingle.srcs/sources_1/new/LSTMtop.vhd:67]
	Parameter widthV bound to: 10 - type: integer 
	Parameter widthM bound to: 100 - type: integer 
INFO: [Synth 8-3491] module 'elementProcessorTanh' declared at 'C:/Users/tdale19/Documents/GitHub/LSTM_Hardware/LSTMsingle/LSTMsingle.srcs/sources_1/new/elementProcessorTanh.vhd:6' bound to instance 'memoryCanditateGate' of component 'elementProcessorTanh' [C:/Users/tdale19/Documents/GitHub/LSTM_Hardware/LSTMsingle/LSTMsingle.srcs/sources_1/new/LSTMtop.vhd:68]
INFO: [Synth 8-638] synthesizing module 'elementProcessorTanh' [C:/Users/tdale19/Documents/GitHub/LSTM_Hardware/LSTMsingle/LSTMsingle.srcs/sources_1/new/elementProcessorTanh.vhd:18]
	Parameter widthV bound to: 10 - type: integer 
	Parameter widthM bound to: 100 - type: integer 
	Parameter widthV bound to: 10 - type: integer 
	Parameter widthM bound to: 100 - type: integer 
INFO: [Synth 8-3491] module 'vectMatMult' declared at 'C:/Users/tdale19/Documents/GitHub/LSTM_Hardware/LSTMsingle/LSTMsingle.srcs/sources_1/new/vectMatMult.vhd:7' bound to instance 'multX' of component 'vectMatMult' [C:/Users/tdale19/Documents/GitHub/LSTM_Hardware/LSTMsingle/LSTMsingle.srcs/sources_1/new/elementProcessorTanh.vhd:41]
	Parameter widthV bound to: 10 - type: integer 
	Parameter widthM bound to: 100 - type: integer 
INFO: [Synth 8-3491] module 'vectMatMult' declared at 'C:/Users/tdale19/Documents/GitHub/LSTM_Hardware/LSTMsingle/LSTMsingle.srcs/sources_1/new/vectMatMult.vhd:7' bound to instance 'multH' of component 'vectMatMult' [C:/Users/tdale19/Documents/GitHub/LSTM_Hardware/LSTMsingle/LSTMsingle.srcs/sources_1/new/elementProcessorTanh.vhd:42]
	Parameter widthM bound to: 100 - type: integer 
INFO: [Synth 8-3491] module 'addMat' declared at 'C:/Users/tdale19/Documents/GitHub/LSTM_Hardware/LSTMsingle/LSTMsingle.srcs/sources_1/new/addMat.vhd:34' bound to instance 'add' of component 'addMat' [C:/Users/tdale19/Documents/GitHub/LSTM_Hardware/LSTMsingle/LSTMsingle.srcs/sources_1/new/elementProcessorTanh.vhd:44]
	Parameter widthM bound to: 100 - type: integer 
INFO: [Synth 8-3491] module 'tanhGate' declared at 'C:/Users/tdale19/Documents/GitHub/LSTM_Hardware/LSTMsingle/LSTMsingle.srcs/sources_1/new/tanhGate.vhd:4' bound to instance 'tanh' of component 'tanhGate' [C:/Users/tdale19/Documents/GitHub/LSTM_Hardware/LSTMsingle/LSTMsingle.srcs/sources_1/new/elementProcessorTanh.vhd:45]
INFO: [Synth 8-638] synthesizing module 'tanhGate' [C:/Users/tdale19/Documents/GitHub/LSTM_Hardware/LSTMsingle/LSTMsingle.srcs/sources_1/new/tanhGate.vhd:12]
	Parameter widthM bound to: 100 - type: integer 
INFO: [Synth 8-256] done synthesizing module 'tanhGate' (5#1) [C:/Users/tdale19/Documents/GitHub/LSTM_Hardware/LSTMsingle/LSTMsingle.srcs/sources_1/new/tanhGate.vhd:12]
INFO: [Synth 8-256] done synthesizing module 'elementProcessorTanh' (6#1) [C:/Users/tdale19/Documents/GitHub/LSTM_Hardware/LSTMsingle/LSTMsingle.srcs/sources_1/new/elementProcessorTanh.vhd:18]
	Parameter widthM bound to: 100 - type: integer 
INFO: [Synth 8-3491] module 'matMatMult' declared at 'C:/Users/tdale19/Documents/GitHub/LSTM_Hardware/LSTMsingle/LSTMsingle.srcs/sources_1/new/matMatMult.vhd:34' bound to instance 'inputeTimesCandidate' of component 'matMatMult' [C:/Users/tdale19/Documents/GitHub/LSTM_Hardware/LSTMsingle/LSTMsingle.srcs/sources_1/new/LSTMtop.vhd:70]
INFO: [Synth 8-638] synthesizing module 'matMatMult' [C:/Users/tdale19/Documents/GitHub/LSTM_Hardware/LSTMsingle/LSTMsingle.srcs/sources_1/new/matMatMult.vhd:38]
INFO: [Synth 8-256] done synthesizing module 'matMatMult' (7#1) [C:/Users/tdale19/Documents/GitHub/LSTM_Hardware/LSTMsingle/LSTMsingle.srcs/sources_1/new/matMatMult.vhd:38]
	Parameter widthM bound to: 100 - type: integer 
INFO: [Synth 8-3491] module 'matMatMult' declared at 'C:/Users/tdale19/Documents/GitHub/LSTM_Hardware/LSTMsingle/LSTMsingle.srcs/sources_1/new/matMatMult.vhd:34' bound to instance 'forgetTimesMemory' of component 'matMatMult' [C:/Users/tdale19/Documents/GitHub/LSTM_Hardware/LSTMsingle/LSTMsingle.srcs/sources_1/new/LSTMtop.vhd:71]
	Parameter widthM bound to: 100 - type: integer 
INFO: [Synth 8-3491] module 'addMat' declared at 'C:/Users/tdale19/Documents/GitHub/LSTM_Hardware/LSTMsingle/LSTMsingle.srcs/sources_1/new/addMat.vhd:34' bound to instance 'calMemCell' of component 'addMat' [C:/Users/tdale19/Documents/GitHub/LSTM_Hardware/LSTMsingle/LSTMsingle.srcs/sources_1/new/LSTMtop.vhd:72]
	Parameter widthM bound to: 100 - type: integer 
INFO: [Synth 8-3491] module 'tanhGate' declared at 'C:/Users/tdale19/Documents/GitHub/LSTM_Hardware/LSTMsingle/LSTMsingle.srcs/sources_1/new/tanhGate.vhd:4' bound to instance 'tanhCalc' of component 'tanhGate' [C:/Users/tdale19/Documents/GitHub/LSTM_Hardware/LSTMsingle/LSTMsingle.srcs/sources_1/new/LSTMtop.vhd:73]
	Parameter widthM bound to: 100 - type: integer 
INFO: [Synth 8-3491] module 'matMatMult' declared at 'C:/Users/tdale19/Documents/GitHub/LSTM_Hardware/LSTMsingle/LSTMsingle.srcs/sources_1/new/matMatMult.vhd:34' bound to instance 'getResult' of component 'matMatMult' [C:/Users/tdale19/Documents/GitHub/LSTM_Hardware/LSTMsingle/LSTMsingle.srcs/sources_1/new/LSTMtop.vhd:74]
WARNING: [Synth 8-115] binding instance 'inputeTimesCandidate' in module 'LSTMtop' to reference 'matMatMult' which has no pins
WARNING: [Synth 8-115] binding instance 'forgetTimesMemory' in module 'LSTMtop' to reference 'matMatMult' which has no pins
WARNING: [Synth 8-115] binding instance 'getResult' in module 'LSTMtop' to reference 'matMatMult' which has no pins
WARNING: [Synth 8-3848] Net x in module/entity LSTMtop does not have driver. [C:/Users/tdale19/Documents/GitHub/LSTM_Hardware/LSTMsingle/LSTMsingle.srcs/sources_1/new/LSTMtop.vhd:58]
WARNING: [Synth 8-3848] Net hold in module/entity LSTMtop does not have driver. [C:/Users/tdale19/Documents/GitHub/LSTM_Hardware/LSTMsingle/LSTMsingle.srcs/sources_1/new/LSTMtop.vhd:58]
WARNING: [Synth 8-3848] Net weightXO in module/entity LSTMtop does not have driver. [C:/Users/tdale19/Documents/GitHub/LSTM_Hardware/LSTMsingle/LSTMsingle.srcs/sources_1/new/LSTMtop.vhd:61]
WARNING: [Synth 8-3848] Net weightHO in module/entity LSTMtop does not have driver. [C:/Users/tdale19/Documents/GitHub/LSTM_Hardware/LSTMsingle/LSTMsingle.srcs/sources_1/new/LSTMtop.vhd:61]
WARNING: [Synth 8-3848] Net weightXF in module/entity LSTMtop does not have driver. [C:/Users/tdale19/Documents/GitHub/LSTM_Hardware/LSTMsingle/LSTMsingle.srcs/sources_1/new/LSTMtop.vhd:61]
WARNING: [Synth 8-3848] Net weightHF in module/entity LSTMtop does not have driver. [C:/Users/tdale19/Documents/GitHub/LSTM_Hardware/LSTMsingle/LSTMsingle.srcs/sources_1/new/LSTMtop.vhd:61]
WARNING: [Synth 8-3848] Net weightXI in module/entity LSTMtop does not have driver. [C:/Users/tdale19/Documents/GitHub/LSTM_Hardware/LSTMsingle/LSTMsingle.srcs/sources_1/new/LSTMtop.vhd:61]
WARNING: [Synth 8-3848] Net weightHI in module/entity LSTMtop does not have driver. [C:/Users/tdale19/Documents/GitHub/LSTM_Hardware/LSTMsingle/LSTMsingle.srcs/sources_1/new/LSTMtop.vhd:61]
WARNING: [Synth 8-3848] Net weightXC in module/entity LSTMtop does not have driver. [C:/Users/tdale19/Documents/GitHub/LSTM_Hardware/LSTMsingle/LSTMsingle.srcs/sources_1/new/LSTMtop.vhd:61]
WARNING: [Synth 8-3848] Net weightHC in module/entity LSTMtop does not have driver. [C:/Users/tdale19/Documents/GitHub/LSTM_Hardware/LSTMsingle/LSTMsingle.srcs/sources_1/new/LSTMtop.vhd:61]
WARNING: [Synth 8-3848] Net output in module/entity LSTMtop does not have driver. [C:/Users/tdale19/Documents/GitHub/LSTM_Hardware/LSTMsingle/LSTMsingle.srcs/sources_1/new/LSTMtop.vhd:34]
WARNING: [Synth 8-3848] Net output in module/entity LSTMtop does not have driver. [C:/Users/tdale19/Documents/GitHub/LSTM_Hardware/LSTMsingle/LSTMsingle.srcs/sources_1/new/LSTMtop.vhd:34]
INFO: [Synth 8-256] done synthesizing module 'LSTMtop' (8#1) [C:/Users/tdale19/Documents/GitHub/LSTM_Hardware/LSTMsingle/LSTMsingle.srcs/sources_1/new/LSTMtop.vhd:12]
WARNING: [Synth 8-312] ignoring unsynthesizable construct: wait statement with no conditon [C:/Users/tdale19/Documents/GitHub/LSTM_Hardware/LSTMsingle/LSTMsingle.srcs/sources_1/new/LSTMtester.vhd:20]
INFO: [Synth 8-256] done synthesizing module 'LSTMtester' (9#1) [C:/Users/tdale19/Documents/GitHub/LSTM_Hardware/LSTMsingle/LSTMsingle.srcs/sources_1/new/LSTMtester.vhd:10]
WARNING: [Synth 8-3331] design LSTMtop has unconnected port clk
---------------------------------------------------------------------------------
Finished RTL Elaboration : Time (s): cpu = 00:00:03 ; elapsed = 00:00:03 . Memory (MB): peak = 1745.266 ; gain = 8.699
---------------------------------------------------------------------------------

Report Check Netlist: 
+------+------------------+-------+---------+-------+------------------+
|      |Item              |Errors |Warnings |Status |Description       |
+------+------------------+-------+---------+-------+------------------+
|1     |multi_driven_nets |      0|        0|Passed |Multi driven nets |
+------+------------------+-------+---------+-------+------------------+
WARNING: [Synth 8-3295] tying undriven pin outputGate:weightX[10] to constant 0 [C:/Users/tdale19/Documents/GitHub/LSTM_Hardware/LSTMsingle/LSTMsingle.srcs/sources_1/new/LSTMtop.vhd:65]
WARNING: [Synth 8-3295] tying undriven pin outputGate:weightX[9] to constant 0 [C:/Users/tdale19/Documents/GitHub/LSTM_Hardware/LSTMsingle/LSTMsingle.srcs/sources_1/new/LSTMtop.vhd:65]
WARNING: [Synth 8-3295] tying undriven pin outputGate:weightX[8] to constant 0 [C:/Users/tdale19/Documents/GitHub/LSTM_Hardware/LSTMsingle/LSTMsingle.srcs/sources_1/new/LSTMtop.vhd:65]
WARNING: [Synth 8-3295] tying undriven pin outputGate:weightX[7] to constant 0 [C:/Users/tdale19/Documents/GitHub/LSTM_Hardware/LSTMsingle/LSTMsingle.srcs/sources_1/new/LSTMtop.vhd:65]
WARNING: [Synth 8-3295] tying undriven pin outputGate:weightX[6] to constant 0 [C:/Users/tdale19/Documents/GitHub/LSTM_Hardware/LSTMsingle/LSTMsingle.srcs/sources_1/new/LSTMtop.vhd:65]
WARNING: [Synth 8-3295] tying undriven pin outputGate:weightX[5] to constant 0 [C:/Users/tdale19/Documents/GitHub/LSTM_Hardware/LSTMsingle/LSTMsingle.srcs/sources_1/new/LSTMtop.vhd:65]
WARNING: [Synth 8-3295] tying undriven pin outputGate:weightX[4] to constant 0 [C:/Users/tdale19/Documents/GitHub/LSTM_Hardware/LSTMsingle/LSTMsingle.srcs/sources_1/new/LSTMtop.vhd:65]
WARNING: [Synth 8-3295] tying undriven pin outputGate:weightX[3] to constant 0 [C:/Users/tdale19/Documents/GitHub/LSTM_Hardware/LSTMsingle/LSTMsingle.srcs/sources_1/new/LSTMtop.vhd:65]
WARNING: [Synth 8-3295] tying undriven pin outputGate:weightX[2] to constant 0 [C:/Users/tdale19/Documents/GitHub/LSTM_Hardware/LSTMsingle/LSTMsingle.srcs/sources_1/new/LSTMtop.vhd:65]
WARNING: [Synth 8-3295] tying undriven pin outputGate:weightX[1] to constant 0 [C:/Users/tdale19/Documents/GitHub/LSTM_Hardware/LSTMsingle/LSTMsingle.srcs/sources_1/new/LSTMtop.vhd:65]
WARNING: [Synth 8-3295] tying undriven pin outputGate:weightX[0] to constant 0 [C:/Users/tdale19/Documents/GitHub/LSTM_Hardware/LSTMsingle/LSTMsingle.srcs/sources_1/new/LSTMtop.vhd:65]
WARNING: [Synth 8-3295] tying undriven pin outputGate:weightH[10] to constant 0 [C:/Users/tdale19/Documents/GitHub/LSTM_Hardware/LSTMsingle/LSTMsingle.srcs/sources_1/new/LSTMtop.vhd:65]
WARNING: [Synth 8-3295] tying undriven pin outputGate:weightH[9] to constant 0 [C:/Users/tdale19/Documents/GitHub/LSTM_Hardware/LSTMsingle/LSTMsingle.srcs/sources_1/new/LSTMtop.vhd:65]
WARNING: [Synth 8-3295] tying undriven pin outputGate:weightH[8] to constant 0 [C:/Users/tdale19/Documents/GitHub/LSTM_Hardware/LSTMsingle/LSTMsingle.srcs/sources_1/new/LSTMtop.vhd:65]
WARNING: [Synth 8-3295] tying undriven pin outputGate:weightH[7] to constant 0 [C:/Users/tdale19/Documents/GitHub/LSTM_Hardware/LSTMsingle/LSTMsingle.srcs/sources_1/new/LSTMtop.vhd:65]
WARNING: [Synth 8-3295] tying undriven pin outputGate:weightH[6] to constant 0 [C:/Users/tdale19/Documents/GitHub/LSTM_Hardware/LSTMsingle/LSTMsingle.srcs/sources_1/new/LSTMtop.vhd:65]
WARNING: [Synth 8-3295] tying undriven pin outputGate:weightH[5] to constant 0 [C:/Users/tdale19/Documents/GitHub/LSTM_Hardware/LSTMsingle/LSTMsingle.srcs/sources_1/new/LSTMtop.vhd:65]
WARNING: [Synth 8-3295] tying undriven pin outputGate:weightH[4] to constant 0 [C:/Users/tdale19/Documents/GitHub/LSTM_Hardware/LSTMsingle/LSTMsingle.srcs/sources_1/new/LSTMtop.vhd:65]
WARNING: [Synth 8-3295] tying undriven pin outputGate:weightH[3] to constant 0 [C:/Users/tdale19/Documents/GitHub/LSTM_Hardware/LSTMsingle/LSTMsingle.srcs/sources_1/new/LSTMtop.vhd:65]
WARNING: [Synth 8-3295] tying undriven pin outputGate:weightH[2] to constant 0 [C:/Users/tdale19/Documents/GitHub/LSTM_Hardware/LSTMsingle/LSTMsingle.srcs/sources_1/new/LSTMtop.vhd:65]
WARNING: [Synth 8-3295] tying undriven pin outputGate:weightH[1] to constant 0 [C:/Users/tdale19/Documents/GitHub/LSTM_Hardware/LSTMsingle/LSTMsingle.srcs/sources_1/new/LSTMtop.vhd:65]
WARNING: [Synth 8-3295] tying undriven pin outputGate:weightH[0] to constant 0 [C:/Users/tdale19/Documents/GitHub/LSTM_Hardware/LSTMsingle/LSTMsingle.srcs/sources_1/new/LSTMtop.vhd:65]
WARNING: [Synth 8-3295] tying undriven pin outputGate:oldH[100] to constant 0 [C:/Users/tdale19/Documents/GitHub/LSTM_Hardware/LSTMsingle/LSTMsingle.srcs/sources_1/new/LSTMtop.vhd:65]
WARNING: [Synth 8-3295] tying undriven pin outputGate:oldH[99] to constant 0 [C:/Users/tdale19/Documents/GitHub/LSTM_Hardware/LSTMsingle/LSTMsingle.srcs/sources_1/new/LSTMtop.vhd:65]
WARNING: [Synth 8-3295] tying undriven pin outputGate:oldH[98] to constant 0 [C:/Users/tdale19/Documents/GitHub/LSTM_Hardware/LSTMsingle/LSTMsingle.srcs/sources_1/new/LSTMtop.vhd:65]
WARNING: [Synth 8-3295] tying undriven pin outputGate:oldH[97] to constant 0 [C:/Users/tdale19/Documents/GitHub/LSTM_Hardware/LSTMsingle/LSTMsingle.srcs/sources_1/new/LSTMtop.vhd:65]
WARNING: [Synth 8-3295] tying undriven pin outputGate:oldH[96] to constant 0 [C:/Users/tdale19/Documents/GitHub/LSTM_Hardware/LSTMsingle/LSTMsingle.srcs/sources_1/new/LSTMtop.vhd:65]
WARNING: [Synth 8-3295] tying undriven pin outputGate:oldH[95] to constant 0 [C:/Users/tdale19/Documents/GitHub/LSTM_Hardware/LSTMsingle/LSTMsingle.srcs/sources_1/new/LSTMtop.vhd:65]
WARNING: [Synth 8-3295] tying undriven pin outputGate:oldH[94] to constant 0 [C:/Users/tdale19/Documents/GitHub/LSTM_Hardware/LSTMsingle/LSTMsingle.srcs/sources_1/new/LSTMtop.vhd:65]
WARNING: [Synth 8-3295] tying undriven pin outputGate:oldH[93] to constant 0 [C:/Users/tdale19/Documents/GitHub/LSTM_Hardware/LSTMsingle/LSTMsingle.srcs/sources_1/new/LSTMtop.vhd:65]
WARNING: [Synth 8-3295] tying undriven pin outputGate:oldH[92] to constant 0 [C:/Users/tdale19/Documents/GitHub/LSTM_Hardware/LSTMsingle/LSTMsingle.srcs/sources_1/new/LSTMtop.vhd:65]
WARNING: [Synth 8-3295] tying undriven pin outputGate:oldH[91] to constant 0 [C:/Users/tdale19/Documents/GitHub/LSTM_Hardware/LSTMsingle/LSTMsingle.srcs/sources_1/new/LSTMtop.vhd:65]
WARNING: [Synth 8-3295] tying undriven pin outputGate:oldH[90] to constant 0 [C:/Users/tdale19/Documents/GitHub/LSTM_Hardware/LSTMsingle/LSTMsingle.srcs/sources_1/new/LSTMtop.vhd:65]
WARNING: [Synth 8-3295] tying undriven pin outputGate:oldH[89] to constant 0 [C:/Users/tdale19/Documents/GitHub/LSTM_Hardware/LSTMsingle/LSTMsingle.srcs/sources_1/new/LSTMtop.vhd:65]
WARNING: [Synth 8-3295] tying undriven pin outputGate:oldH[88] to constant 0 [C:/Users/tdale19/Documents/GitHub/LSTM_Hardware/LSTMsingle/LSTMsingle.srcs/sources_1/new/LSTMtop.vhd:65]
WARNING: [Synth 8-3295] tying undriven pin outputGate:oldH[87] to constant 0 [C:/Users/tdale19/Documents/GitHub/LSTM_Hardware/LSTMsingle/LSTMsingle.srcs/sources_1/new/LSTMtop.vhd:65]
WARNING: [Synth 8-3295] tying undriven pin outputGate:oldH[86] to constant 0 [C:/Users/tdale19/Documents/GitHub/LSTM_Hardware/LSTMsingle/LSTMsingle.srcs/sources_1/new/LSTMtop.vhd:65]
WARNING: [Synth 8-3295] tying undriven pin outputGate:oldH[85] to constant 0 [C:/Users/tdale19/Documents/GitHub/LSTM_Hardware/LSTMsingle/LSTMsingle.srcs/sources_1/new/LSTMtop.vhd:65]
WARNING: [Synth 8-3295] tying undriven pin outputGate:oldH[84] to constant 0 [C:/Users/tdale19/Documents/GitHub/LSTM_Hardware/LSTMsingle/LSTMsingle.srcs/sources_1/new/LSTMtop.vhd:65]
WARNING: [Synth 8-3295] tying undriven pin outputGate:oldH[83] to constant 0 [C:/Users/tdale19/Documents/GitHub/LSTM_Hardware/LSTMsingle/LSTMsingle.srcs/sources_1/new/LSTMtop.vhd:65]
WARNING: [Synth 8-3295] tying undriven pin outputGate:oldH[82] to constant 0 [C:/Users/tdale19/Documents/GitHub/LSTM_Hardware/LSTMsingle/LSTMsingle.srcs/sources_1/new/LSTMtop.vhd:65]
WARNING: [Synth 8-3295] tying undriven pin outputGate:oldH[81] to constant 0 [C:/Users/tdale19/Documents/GitHub/LSTM_Hardware/LSTMsingle/LSTMsingle.srcs/sources_1/new/LSTMtop.vhd:65]
WARNING: [Synth 8-3295] tying undriven pin outputGate:oldH[80] to constant 0 [C:/Users/tdale19/Documents/GitHub/LSTM_Hardware/LSTMsingle/LSTMsingle.srcs/sources_1/new/LSTMtop.vhd:65]
WARNING: [Synth 8-3295] tying undriven pin outputGate:oldH[79] to constant 0 [C:/Users/tdale19/Documents/GitHub/LSTM_Hardware/LSTMsingle/LSTMsingle.srcs/sources_1/new/LSTMtop.vhd:65]
WARNING: [Synth 8-3295] tying undriven pin outputGate:oldH[78] to constant 0 [C:/Users/tdale19/Documents/GitHub/LSTM_Hardware/LSTMsingle/LSTMsingle.srcs/sources_1/new/LSTMtop.vhd:65]
WARNING: [Synth 8-3295] tying undriven pin outputGate:oldH[77] to constant 0 [C:/Users/tdale19/Documents/GitHub/LSTM_Hardware/LSTMsingle/LSTMsingle.srcs/sources_1/new/LSTMtop.vhd:65]
WARNING: [Synth 8-3295] tying undriven pin outputGate:oldH[76] to constant 0 [C:/Users/tdale19/Documents/GitHub/LSTM_Hardware/LSTMsingle/LSTMsingle.srcs/sources_1/new/LSTMtop.vhd:65]
WARNING: [Synth 8-3295] tying undriven pin outputGate:oldH[75] to constant 0 [C:/Users/tdale19/Documents/GitHub/LSTM_Hardware/LSTMsingle/LSTMsingle.srcs/sources_1/new/LSTMtop.vhd:65]
WARNING: [Synth 8-3295] tying undriven pin outputGate:oldH[74] to constant 0 [C:/Users/tdale19/Documents/GitHub/LSTM_Hardware/LSTMsingle/LSTMsingle.srcs/sources_1/new/LSTMtop.vhd:65]
WARNING: [Synth 8-3295] tying undriven pin outputGate:oldH[73] to constant 0 [C:/Users/tdale19/Documents/GitHub/LSTM_Hardware/LSTMsingle/LSTMsingle.srcs/sources_1/new/LSTMtop.vhd:65]
WARNING: [Synth 8-3295] tying undriven pin outputGate:oldH[72] to constant 0 [C:/Users/tdale19/Documents/GitHub/LSTM_Hardware/LSTMsingle/LSTMsingle.srcs/sources_1/new/LSTMtop.vhd:65]
WARNING: [Synth 8-3295] tying undriven pin outputGate:oldH[71] to constant 0 [C:/Users/tdale19/Documents/GitHub/LSTM_Hardware/LSTMsingle/LSTMsingle.srcs/sources_1/new/LSTMtop.vhd:65]
WARNING: [Synth 8-3295] tying undriven pin outputGate:oldH[70] to constant 0 [C:/Users/tdale19/Documents/GitHub/LSTM_Hardware/LSTMsingle/LSTMsingle.srcs/sources_1/new/LSTMtop.vhd:65]
WARNING: [Synth 8-3295] tying undriven pin outputGate:oldH[69] to constant 0 [C:/Users/tdale19/Documents/GitHub/LSTM_Hardware/LSTMsingle/LSTMsingle.srcs/sources_1/new/LSTMtop.vhd:65]
WARNING: [Synth 8-3295] tying undriven pin outputGate:oldH[68] to constant 0 [C:/Users/tdale19/Documents/GitHub/LSTM_Hardware/LSTMsingle/LSTMsingle.srcs/sources_1/new/LSTMtop.vhd:65]
WARNING: [Synth 8-3295] tying undriven pin outputGate:oldH[67] to constant 0 [C:/Users/tdale19/Documents/GitHub/LSTM_Hardware/LSTMsingle/LSTMsingle.srcs/sources_1/new/LSTMtop.vhd:65]
WARNING: [Synth 8-3295] tying undriven pin outputGate:oldH[66] to constant 0 [C:/Users/tdale19/Documents/GitHub/LSTM_Hardware/LSTMsingle/LSTMsingle.srcs/sources_1/new/LSTMtop.vhd:65]
WARNING: [Synth 8-3295] tying undriven pin outputGate:oldH[65] to constant 0 [C:/Users/tdale19/Documents/GitHub/LSTM_Hardware/LSTMsingle/LSTMsingle.srcs/sources_1/new/LSTMtop.vhd:65]
WARNING: [Synth 8-3295] tying undriven pin outputGate:oldH[64] to constant 0 [C:/Users/tdale19/Documents/GitHub/LSTM_Hardware/LSTMsingle/LSTMsingle.srcs/sources_1/new/LSTMtop.vhd:65]
WARNING: [Synth 8-3295] tying undriven pin outputGate:oldH[63] to constant 0 [C:/Users/tdale19/Documents/GitHub/LSTM_Hardware/LSTMsingle/LSTMsingle.srcs/sources_1/new/LSTMtop.vhd:65]
WARNING: [Synth 8-3295] tying undriven pin outputGate:oldH[62] to constant 0 [C:/Users/tdale19/Documents/GitHub/LSTM_Hardware/LSTMsingle/LSTMsingle.srcs/sources_1/new/LSTMtop.vhd:65]
WARNING: [Synth 8-3295] tying undriven pin outputGate:oldH[61] to constant 0 [C:/Users/tdale19/Documents/GitHub/LSTM_Hardware/LSTMsingle/LSTMsingle.srcs/sources_1/new/LSTMtop.vhd:65]
WARNING: [Synth 8-3295] tying undriven pin outputGate:oldH[60] to constant 0 [C:/Users/tdale19/Documents/GitHub/LSTM_Hardware/LSTMsingle/LSTMsingle.srcs/sources_1/new/LSTMtop.vhd:65]
WARNING: [Synth 8-3295] tying undriven pin outputGate:oldH[59] to constant 0 [C:/Users/tdale19/Documents/GitHub/LSTM_Hardware/LSTMsingle/LSTMsingle.srcs/sources_1/new/LSTMtop.vhd:65]
WARNING: [Synth 8-3295] tying undriven pin outputGate:oldH[58] to constant 0 [C:/Users/tdale19/Documents/GitHub/LSTM_Hardware/LSTMsingle/LSTMsingle.srcs/sources_1/new/LSTMtop.vhd:65]
WARNING: [Synth 8-3295] tying undriven pin outputGate:oldH[57] to constant 0 [C:/Users/tdale19/Documents/GitHub/LSTM_Hardware/LSTMsingle/LSTMsingle.srcs/sources_1/new/LSTMtop.vhd:65]
WARNING: [Synth 8-3295] tying undriven pin outputGate:oldH[56] to constant 0 [C:/Users/tdale19/Documents/GitHub/LSTM_Hardware/LSTMsingle/LSTMsingle.srcs/sources_1/new/LSTMtop.vhd:65]
WARNING: [Synth 8-3295] tying undriven pin outputGate:oldH[55] to constant 0 [C:/Users/tdale19/Documents/GitHub/LSTM_Hardware/LSTMsingle/LSTMsingle.srcs/sources_1/new/LSTMtop.vhd:65]
WARNING: [Synth 8-3295] tying undriven pin outputGate:oldH[54] to constant 0 [C:/Users/tdale19/Documents/GitHub/LSTM_Hardware/LSTMsingle/LSTMsingle.srcs/sources_1/new/LSTMtop.vhd:65]
WARNING: [Synth 8-3295] tying undriven pin outputGate:oldH[53] to constant 0 [C:/Users/tdale19/Documents/GitHub/LSTM_Hardware/LSTMsingle/LSTMsingle.srcs/sources_1/new/LSTMtop.vhd:65]
WARNING: [Synth 8-3295] tying undriven pin outputGate:oldH[52] to constant 0 [C:/Users/tdale19/Documents/GitHub/LSTM_Hardware/LSTMsingle/LSTMsingle.srcs/sources_1/new/LSTMtop.vhd:65]
WARNING: [Synth 8-3295] tying undriven pin outputGate:oldH[51] to constant 0 [C:/Users/tdale19/Documents/GitHub/LSTM_Hardware/LSTMsingle/LSTMsingle.srcs/sources_1/new/LSTMtop.vhd:65]
WARNING: [Synth 8-3295] tying undriven pin outputGate:oldH[50] to constant 0 [C:/Users/tdale19/Documents/GitHub/LSTM_Hardware/LSTMsingle/LSTMsingle.srcs/sources_1/new/LSTMtop.vhd:65]
WARNING: [Synth 8-3295] tying undriven pin outputGate:oldH[49] to constant 0 [C:/Users/tdale19/Documents/GitHub/LSTM_Hardware/LSTMsingle/LSTMsingle.srcs/sources_1/new/LSTMtop.vhd:65]
WARNING: [Synth 8-3295] tying undriven pin outputGate:oldH[48] to constant 0 [C:/Users/tdale19/Documents/GitHub/LSTM_Hardware/LSTMsingle/LSTMsingle.srcs/sources_1/new/LSTMtop.vhd:65]
WARNING: [Synth 8-3295] tying undriven pin outputGate:oldH[47] to constant 0 [C:/Users/tdale19/Documents/GitHub/LSTM_Hardware/LSTMsingle/LSTMsingle.srcs/sources_1/new/LSTMtop.vhd:65]
WARNING: [Synth 8-3295] tying undriven pin outputGate:oldH[46] to constant 0 [C:/Users/tdale19/Documents/GitHub/LSTM_Hardware/LSTMsingle/LSTMsingle.srcs/sources_1/new/LSTMtop.vhd:65]
WARNING: [Synth 8-3295] tying undriven pin outputGate:oldH[45] to constant 0 [C:/Users/tdale19/Documents/GitHub/LSTM_Hardware/LSTMsingle/LSTMsingle.srcs/sources_1/new/LSTMtop.vhd:65]
WARNING: [Synth 8-3295] tying undriven pin outputGate:oldH[44] to constant 0 [C:/Users/tdale19/Documents/GitHub/LSTM_Hardware/LSTMsingle/LSTMsingle.srcs/sources_1/new/LSTMtop.vhd:65]
WARNING: [Synth 8-3295] tying undriven pin outputGate:oldH[43] to constant 0 [C:/Users/tdale19/Documents/GitHub/LSTM_Hardware/LSTMsingle/LSTMsingle.srcs/sources_1/new/LSTMtop.vhd:65]
WARNING: [Synth 8-3295] tying undriven pin outputGate:oldH[42] to constant 0 [C:/Users/tdale19/Documents/GitHub/LSTM_Hardware/LSTMsingle/LSTMsingle.srcs/sources_1/new/LSTMtop.vhd:65]
WARNING: [Synth 8-3295] tying undriven pin outputGate:oldH[41] to constant 0 [C:/Users/tdale19/Documents/GitHub/LSTM_Hardware/LSTMsingle/LSTMsingle.srcs/sources_1/new/LSTMtop.vhd:65]
WARNING: [Synth 8-3295] tying undriven pin outputGate:oldH[40] to constant 0 [C:/Users/tdale19/Documents/GitHub/LSTM_Hardware/LSTMsingle/LSTMsingle.srcs/sources_1/new/LSTMtop.vhd:65]
WARNING: [Synth 8-3295] tying undriven pin outputGate:oldH[39] to constant 0 [C:/Users/tdale19/Documents/GitHub/LSTM_Hardware/LSTMsingle/LSTMsingle.srcs/sources_1/new/LSTMtop.vhd:65]
WARNING: [Synth 8-3295] tying undriven pin outputGate:oldH[38] to constant 0 [C:/Users/tdale19/Documents/GitHub/LSTM_Hardware/LSTMsingle/LSTMsingle.srcs/sources_1/new/LSTMtop.vhd:65]
WARNING: [Synth 8-3295] tying undriven pin outputGate:oldH[37] to constant 0 [C:/Users/tdale19/Documents/GitHub/LSTM_Hardware/LSTMsingle/LSTMsingle.srcs/sources_1/new/LSTMtop.vhd:65]
WARNING: [Synth 8-3295] tying undriven pin outputGate:oldH[36] to constant 0 [C:/Users/tdale19/Documents/GitHub/LSTM_Hardware/LSTMsingle/LSTMsingle.srcs/sources_1/new/LSTMtop.vhd:65]
WARNING: [Synth 8-3295] tying undriven pin outputGate:oldH[35] to constant 0 [C:/Users/tdale19/Documents/GitHub/LSTM_Hardware/LSTMsingle/LSTMsingle.srcs/sources_1/new/LSTMtop.vhd:65]
WARNING: [Synth 8-3295] tying undriven pin outputGate:oldH[34] to constant 0 [C:/Users/tdale19/Documents/GitHub/LSTM_Hardware/LSTMsingle/LSTMsingle.srcs/sources_1/new/LSTMtop.vhd:65]
WARNING: [Synth 8-3295] tying undriven pin outputGate:oldH[33] to constant 0 [C:/Users/tdale19/Documents/GitHub/LSTM_Hardware/LSTMsingle/LSTMsingle.srcs/sources_1/new/LSTMtop.vhd:65]
WARNING: [Synth 8-3295] tying undriven pin outputGate:oldH[32] to constant 0 [C:/Users/tdale19/Documents/GitHub/LSTM_Hardware/LSTMsingle/LSTMsingle.srcs/sources_1/new/LSTMtop.vhd:65]
WARNING: [Synth 8-3295] tying undriven pin outputGate:oldH[31] to constant 0 [C:/Users/tdale19/Documents/GitHub/LSTM_Hardware/LSTMsingle/LSTMsingle.srcs/sources_1/new/LSTMtop.vhd:65]
WARNING: [Synth 8-3295] tying undriven pin outputGate:oldH[30] to constant 0 [C:/Users/tdale19/Documents/GitHub/LSTM_Hardware/LSTMsingle/LSTMsingle.srcs/sources_1/new/LSTMtop.vhd:65]
WARNING: [Synth 8-3295] tying undriven pin outputGate:oldH[29] to constant 0 [C:/Users/tdale19/Documents/GitHub/LSTM_Hardware/LSTMsingle/LSTMsingle.srcs/sources_1/new/LSTMtop.vhd:65]
WARNING: [Synth 8-3295] tying undriven pin outputGate:oldH[28] to constant 0 [C:/Users/tdale19/Documents/GitHub/LSTM_Hardware/LSTMsingle/LSTMsingle.srcs/sources_1/new/LSTMtop.vhd:65]
WARNING: [Synth 8-3295] tying undriven pin outputGate:oldH[27] to constant 0 [C:/Users/tdale19/Documents/GitHub/LSTM_Hardware/LSTMsingle/LSTMsingle.srcs/sources_1/new/LSTMtop.vhd:65]
WARNING: [Synth 8-3295] tying undriven pin outputGate:oldH[26] to constant 0 [C:/Users/tdale19/Documents/GitHub/LSTM_Hardware/LSTMsingle/LSTMsingle.srcs/sources_1/new/LSTMtop.vhd:65]
WARNING: [Synth 8-3295] tying undriven pin outputGate:oldH[25] to constant 0 [C:/Users/tdale19/Documents/GitHub/LSTM_Hardware/LSTMsingle/LSTMsingle.srcs/sources_1/new/LSTMtop.vhd:65]
WARNING: [Synth 8-3295] tying undriven pin outputGate:oldH[24] to constant 0 [C:/Users/tdale19/Documents/GitHub/LSTM_Hardware/LSTMsingle/LSTMsingle.srcs/sources_1/new/LSTMtop.vhd:65]
WARNING: [Synth 8-3295] tying undriven pin outputGate:oldH[23] to constant 0 [C:/Users/tdale19/Documents/GitHub/LSTM_Hardware/LSTMsingle/LSTMsingle.srcs/sources_1/new/LSTMtop.vhd:65]
INFO: [Common 17-14] Message 'Synth 8-3295' appears 100 times and further instances of the messages will be disabled. Use the Tcl command set_msg_config to change the current settings.
---------------------------------------------------------------------------------
Start Handling Custom Attributes
---------------------------------------------------------------------------------
---------------------------------------------------------------------------------
Finished Handling Custom Attributes : Time (s): cpu = 00:00:04 ; elapsed = 00:00:03 . Memory (MB): peak = 1745.266 ; gain = 8.699
---------------------------------------------------------------------------------
---------------------------------------------------------------------------------
Finished RTL Optimization Phase 1 : Time (s): cpu = 00:00:04 ; elapsed = 00:00:03 . Memory (MB): peak = 1745.266 ; gain = 8.699
---------------------------------------------------------------------------------
INFO: [Project 1-570] Preparing netlist for logic optimization

Processing XDC Constraints
Initializing timing engine
Completed Processing XDC Constraints

INFO: [Opt 31-138] Pushed 0 inverter(s) to 0 load pin(s).
INFO: [Project 1-111] Unisim Transformation Summary:
No Unisim elements were transformed.

RTL Elaboration Complete:  : Time (s): cpu = 00:00:08 ; elapsed = 00:00:05 . Memory (MB): peak = 1850.020 ; gain = 113.453
40 Infos, 117 Warnings, 0 Critical Warnings and 0 Errors encountered.
synth_design completed successfully
synth_design: Time (s): cpu = 00:00:08 ; elapsed = 00:00:05 . Memory (MB): peak = 1850.020 ; gain = 113.453
update_compile_order -fileset sources_1
export_ip_user_files -of_objects  [get_files C:/Users/tdale19/Documents/GitHub/LSTM_Hardware/LSTMsingle/input.out] -no_script -reset -force -quiet
remove_files  C:/Users/tdale19/Documents/GitHub/LSTM_Hardware/LSTMsingle/input.out
remove_files  C:/Users/tdale19/Documents/GitHub/LSTM_Hardware/LSTMsingle/input.out
WARNING: [Vivado 12-818] No files matched 'C:/Users/tdale19/Documents/GitHub/LSTM_Hardware/LSTMsingle/input.out'
exit
INFO: [Common 17-206] Exiting Vivado at Mon Nov 26 12:28:13 2018...
