#-----------------------------------------------------------
# Vivado v2018.2.1 (64-bit)
# SW Build 2288692 on Thu Jul 26 18:24:02 MDT 2018
# IP Build 2289599 on Thu Jul 26 21:09:20 MDT 2018
# Start of session at: Tue Nov 20 15:40:57 2018
# Process ID: 22204
# Current directory: C:/Users/tdale19/Documents/GitHub/LSTM_Hardware/LSTMsingle
# Command line: vivado.exe -gui_launcher_event rodinguilauncherevent11860 C:\Users\tdale19\Documents\GitHub\LSTM_Hardware\LSTMsingle\LSTMsingle.xpr
# Log file: C:/Users/tdale19/Documents/GitHub/LSTM_Hardware/LSTMsingle/vivado.log
# Journal file: C:/Users/tdale19/Documents/GitHub/LSTM_Hardware/LSTMsingle\vivado.jou
#-----------------------------------------------------------
start_gui
open_project C:/Users/tdale19/Documents/GitHub/LSTM_Hardware/LSTMsingle/LSTMsingle.xpr
INFO: [Project 1-313] Project file moved from 'C:/Users/tdale19/Desktop/LSTM_Hardware/LSTMsingle' since last save.
CRITICAL WARNING: [Project 1-311] Could not find the file 'C:/Users/tdale19/Documents/GitHub/Nexys4DDR_Master.xdc', nor could it be found using path 'C:/Users/tdale19/Desktop/Nexys4DDR_Master.xdc'.
Scanning sources...
Finished scanning sources
INFO: [IP_Flow 19-234] Refreshing IP repositories
INFO: [IP_Flow 19-1704] No user IP repositories specified
INFO: [IP_Flow 19-2313] Loaded Vivado IP repository 'C:/Xilinx/Vivado/2018.2/data/ip'.
open_project: Time (s): cpu = 00:00:10 ; elapsed = 00:00:06 . Memory (MB): peak = 805.453 ; gain = 83.211
update_compile_order -fileset sources_1
export_ip_user_files -of_objects  [get_files C:/Users/tdale19/Documents/GitHub/LSTM_Hardware/LSTMsingle/LSTMsingle.srcs/sources_1/new/writeToFile.vhd] -no_script -reset -force -quiet
remove_files  C:/Users/tdale19/Documents/GitHub/LSTM_Hardware/LSTMsingle/LSTMsingle.srcs/sources_1/new/writeToFile.vhd
close [ open C:/Users/tdale19/Documents/GitHub/LSTM_Hardware/LSTMsingle/LSTMsingle.srcs/sources_1/new/vectMatMult.vhd w ]
add_files C:/Users/tdale19/Documents/GitHub/LSTM_Hardware/LSTMsingle/LSTMsingle.srcs/sources_1/new/vectMatMult.vhd
close [ open C:/Users/tdale19/Documents/GitHub/LSTM_Hardware/LSTMsingle/LSTMsingle.srcs/sources_1/new/elementProcessorSig.v w ]
add_files C:/Users/tdale19/Documents/GitHub/LSTM_Hardware/LSTMsingle/LSTMsingle.srcs/sources_1/new/elementProcessorSig.v
close [ open C:/Users/tdale19/Documents/GitHub/LSTM_Hardware/LSTMsingle/LSTMsingle.srcs/sources_1/new/sigmoid.vhd w ]
add_files C:/Users/tdale19/Documents/GitHub/LSTM_Hardware/LSTMsingle/LSTMsingle.srcs/sources_1/new/sigmoid.vhd
update_compile_order -fileset sources_1
export_ip_user_files -of_objects  [get_files C:/Users/tdale19/Documents/GitHub/LSTM_Hardware/LSTMsingle/LSTMsingle.srcs/sources_1/new/elementProcessor.vhd] -no_script -reset -force -quiet
remove_files  C:/Users/tdale19/Documents/GitHub/LSTM_Hardware/LSTMsingle/LSTMsingle.srcs/sources_1/new/elementProcessor.vhd
set_property SOURCE_SET sources_1 [get_filesets sim_1]
add_files -fileset sim_1 -norecurse C:/Users/tdale19/Documents/GitHub/LSTM_Hardware/LSTMsingle/LSTMsingle.srcs/sources_1/new/elementProcessorTanh.vhd
set_property file_type VHDL [get_files  C:/Users/tdale19/Documents/GitHub/LSTM_Hardware/LSTMsingle/LSTMsingle.srcs/sources_1/new/elementProcessorSig.v]
set_property SOURCE_SET sources_1 [get_filesets sim_1]
add_files -fileset sim_1 -norecurse C:/Users/tdale19/Documents/GitHub/LSTM_Hardware/LSTMsingle/LSTMsingle.srcs/sources_1/new/elementProcessorTanh.vhd
WARNING: [filemgmt 56-12] File 'C:/Users/tdale19/Documents/GitHub/LSTM_Hardware/LSTMsingle/LSTMsingle.srcs/sources_1/new/elementProcessorTanh.vhd' cannot be added to the project because it already exists in the project, skipping this file
set_property SOURCE_SET sources_1 [get_filesets sim_1]
add_files -fileset sim_1 -norecurse C:/Users/tdale19/Documents/GitHub/LSTM_Hardware/LSTMsingle/LSTMsingle.srcs/sources_1/new/elementProcessorTanh.vhd
WARNING: [filemgmt 56-12] File 'C:/Users/tdale19/Documents/GitHub/LSTM_Hardware/LSTMsingle/LSTMsingle.srcs/sources_1/new/elementProcessorTanh.vhd' cannot be added to the project because it already exists in the project, skipping this file
export_ip_user_files -of_objects  [get_files C:/Users/tdale19/Documents/GitHub/LSTM_Hardware/LSTMsingle/LSTMsingle.srcs/sources_1/new/elementProcessorSig.v] -no_script -reset -force -quiet
remove_files  C:/Users/tdale19/Documents/GitHub/LSTM_Hardware/LSTMsingle/LSTMsingle.srcs/sources_1/new/elementProcessorSig.v
file delete -force C:/Users/tdale19/Documents/GitHub/LSTM_Hardware/LSTMsingle/LSTMsingle.srcs/sources_1/new/elementProcessorSig.v
add_files -norecurse C:/Users/tdale19/Documents/GitHub/LSTM_Hardware/LSTMsingle/LSTMsingle.srcs/sources_1/new/elementProcessorTanh.vhd
update_compile_order -fileset sources_1
close [ open C:/Users/tdale19/Documents/GitHub/LSTM_Hardware/LSTMsingle/LSTMsingle.srcs/sources_1/new/elementProcessorSig.vhd w ]
add_files C:/Users/tdale19/Documents/GitHub/LSTM_Hardware/LSTMsingle/LSTMsingle.srcs/sources_1/new/elementProcessorSig.vhd
update_compile_order -fileset sim_1
update_compile_order -fileset sources_1
update_compile_order -fileset sim_1
update_compile_order -fileset sources_1
update_compile_order -fileset sources_1
update_compile_order -fileset sim_1
exit
INFO: [Common 17-206] Exiting Vivado at Tue Nov 20 16:48:22 2018...
