#-----------------------------------------------------------
# Vivado v2018.2.1 (64-bit)
# SW Build 2288692 on Thu Jul 26 18:24:02 MDT 2018
# IP Build 2289599 on Thu Jul 26 21:09:20 MDT 2018
# Start of session at: Mon Nov 26 15:39:28 2018
# Process ID: 10152
# Current directory: C:/Users/tdale19/Desktop/LSTM_Hardware/LSTMsingle
# Command line: vivado.exe -gui_launcher_event rodinguilauncherevent5696 C:\Users\tdale19\Desktop\LSTM_Hardware\LSTMsingle\LSTMsingle.xpr
# Log file: C:/Users/tdale19/Desktop/LSTM_Hardware/LSTMsingle/vivado.log
# Journal file: C:/Users/tdale19/Desktop/LSTM_Hardware/LSTMsingle\vivado.jou
#-----------------------------------------------------------
start_gui
open_project C:/Users/tdale19/Desktop/LSTM_Hardware/LSTMsingle/LSTMsingle.xpr
INFO: [Project 1-313] Project file moved from 'C:/Users/tdale19/Documents/GitHub/LSTM_Hardware/LSTMsingle' since last save.
Scanning sources...
Finished scanning sources
INFO: [IP_Flow 19-234] Refreshing IP repositories
INFO: [IP_Flow 19-1704] No user IP repositories specified
INFO: [IP_Flow 19-2313] Loaded Vivado IP repository 'C:/Xilinx/Vivado/2018.2/data/ip'.
open_project: Time (s): cpu = 00:00:10 ; elapsed = 00:00:05 . Memory (MB): peak = 803.492 ; gain = 73.023
update_compile_order -fileset sources_1
exit
INFO: [Common 17-206] Exiting Vivado at Mon Nov 26 18:52:16 2018...
