#-----------------------------------------------------------
# Vivado v2018.2.1 (64-bit)
# SW Build 2288692 on Thu Jul 26 18:24:02 MDT 2018
# IP Build 2289599 on Thu Jul 26 21:09:20 MDT 2018
# Start of session at: Tue Nov 27 14:52:01 2018
# Process ID: 9004
# Current directory: C:/Users/tdale19/Desktop/LSTM_Hardware/LSTMpipelined
# Command line: vivado.exe -gui_launcher_event rodinguilauncherevent9892 C:\Users\tdale19\Desktop\LSTM_Hardware\LSTMpipelined\LSTMpipelined.xpr
# Log file: C:/Users/tdale19/Desktop/LSTM_Hardware/LSTMpipelined/vivado.log
# Journal file: C:/Users/tdale19/Desktop/LSTM_Hardware/LSTMpipelined\vivado.jou
#-----------------------------------------------------------
start_gui
open_project C:/Users/tdale19/Desktop/LSTM_Hardware/LSTMpipelined/LSTMpipelined.xpr
Scanning sources...
Finished scanning sources
INFO: [IP_Flow 19-234] Refreshing IP repositories
INFO: [IP_Flow 19-1704] No user IP repositories specified
INFO: [IP_Flow 19-2313] Loaded Vivado IP repository 'C:/Xilinx/Vivado/2018.2/data/ip'.
update_compile_order -fileset sources_1
export_ip_user_files -of_objects  [get_files C:/Users/tdale19/Desktop/LSTM_Hardware/LSTMpipelined/LSTMpipelined.srcs/sources_1/new/controlUnit.vhd] -no_script -reset -force -quiet
remove_files  C:/Users/tdale19/Desktop/LSTM_Hardware/LSTMpipelined/LSTMpipelined.srcs/sources_1/new/controlUnit.vhd
add_files -norecurse {C:/Users/tdale19/Desktop/LSTM_Hardware/LSTMsingle/LSTMsingle.srcs/sources_1/new/sigGate.vhd C:/Users/tdale19/Desktop/LSTM_Hardware/LSTMsingle/LSTMsingle.srcs/sources_1/new/matMatMult.vhd C:/Users/tdale19/Desktop/LSTM_Hardware/LSTMsingle/LSTMsingle.srcs/sources_1/new/tanhGate.vhd C:/Users/tdale19/Desktop/LSTM_Hardware/LSTMsingle/LSTMsingle.srcs/sources_1/new/add.vhd C:/Users/tdale19/Desktop/LSTM_Hardware/LSTMsingle/LSTMsingle.srcs/sources_1/new/flipFlop.vhd C:/Users/tdale19/Desktop/LSTM_Hardware/LSTMsingle/LSTMsingle.srcs/sources_1/new/addMat.vhd C:/Users/tdale19/Desktop/LSTM_Hardware/LSTMsingle/LSTMsingle.srcs/sources_1/new/vectMatMult.vhd}
update_compile_order -fileset sources_1
update_compile_order -fileset sources_1
close [ open C:/Users/tdale19/Desktop/LSTM_Hardware/LSTMpipelined/LSTMpipelined.srcs/sources_1/new/mux.v w ]
add_files C:/Users/tdale19/Desktop/LSTM_Hardware/LSTMpipelined/LSTMpipelined.srcs/sources_1/new/mux.v
update_compile_order -fileset sources_1
export_ip_user_files -of_objects  [get_files C:/Users/tdale19/Desktop/LSTM_Hardware/LSTMpipelined/LSTMpipelined.srcs/sources_1/new/mux.v] -no_script -reset -force -quiet
remove_files  C:/Users/tdale19/Desktop/LSTM_Hardware/LSTMpipelined/LSTMpipelined.srcs/sources_1/new/mux.v
file delete -force C:/Users/tdale19/Desktop/LSTM_Hardware/LSTMpipelined/LSTMpipelined.srcs/sources_1/new/mux.v
close [ open C:/Users/tdale19/Desktop/LSTM_Hardware/LSTMpipelined/LSTMpipelined.srcs/sources_1/new/mux.vhd w ]
add_files C:/Users/tdale19/Desktop/LSTM_Hardware/LSTMpipelined/LSTMpipelined.srcs/sources_1/new/mux.vhd
update_compile_order -fileset sources_1
synth_design -rtl -name rtl_1
Command: synth_design -rtl -name rtl_1
Starting synth_design
Using part: xc7a100tcsg324-1
Top: LSTMtester
---------------------------------------------------------------------------------
Starting RTL Elaboration : Time (s): cpu = 00:00:04 ; elapsed = 00:00:02 . Memory (MB): peak = 1005.441 ; gain = 109.746
---------------------------------------------------------------------------------
INFO: [Synth 8-638] synthesizing module 'LSTMtester' [C:/Users/tdale19/Desktop/LSTM_Hardware/LSTMpipelined/LSTMpipelined.srcs/sources_1/new/LSTMtester.vhd:10]
INFO: [Synth 8-3491] module 'LSTMtop' declared at 'C:/Users/tdale19/Desktop/LSTM_Hardware/LSTMpipelined/LSTMpipelined.srcs/sources_1/new/LSTMtop.vhd:8' bound to instance 'top' of component 'LSTMtop' [C:/Users/tdale19/Desktop/LSTM_Hardware/LSTMpipelined/LSTMpipelined.srcs/sources_1/new/LSTMtester.vhd:16]
INFO: [Synth 8-638] synthesizing module 'LSTMtop' [C:/Users/tdale19/Desktop/LSTM_Hardware/LSTMpipelined/LSTMpipelined.srcs/sources_1/new/LSTMtop.vhd:12]
	Parameter widthV bound to: 10 - type: integer 
	Parameter widthM bound to: 100 - type: integer 
INFO: [Synth 8-3491] module 'gate' declared at 'C:/Users/tdale19/Desktop/LSTM_Hardware/LSTMpipelined/LSTMpipelined.srcs/sources_1/new/gate.vhd:5' bound to instance 'theGate' of component 'gate' [C:/Users/tdale19/Desktop/LSTM_Hardware/LSTMpipelined/LSTMpipelined.srcs/sources_1/new/LSTMtop.vhd:46]
INFO: [Synth 8-638] synthesizing module 'gate' [C:/Users/tdale19/Desktop/LSTM_Hardware/LSTMpipelined/LSTMpipelined.srcs/sources_1/new/gate.vhd:25]
	Parameter widthV bound to: 10 - type: integer 
	Parameter widthM bound to: 100 - type: integer 
	Parameter widthV bound to: 10 - type: integer 
	Parameter widthM bound to: 100 - type: integer 
INFO: [Synth 8-3491] module 'vectMatMult' declared at 'C:/Users/tdale19/Desktop/LSTM_Hardware/LSTMsingle/LSTMsingle.srcs/sources_1/new/vectMatMult.vhd:7' bound to instance 'multX' of component 'vectMatMult' [C:/Users/tdale19/Desktop/LSTM_Hardware/LSTMpipelined/LSTMpipelined.srcs/sources_1/new/gate.vhd:71]
INFO: [Synth 8-638] synthesizing module 'vectMatMult' [C:/Users/tdale19/Desktop/LSTM_Hardware/LSTMsingle/LSTMsingle.srcs/sources_1/new/vectMatMult.vhd:16]
	Parameter widthV bound to: 10 - type: integer 
	Parameter widthM bound to: 100 - type: integer 
INFO: [Synth 8-256] done synthesizing module 'vectMatMult' (1#1) [C:/Users/tdale19/Desktop/LSTM_Hardware/LSTMsingle/LSTMsingle.srcs/sources_1/new/vectMatMult.vhd:16]
	Parameter widthV bound to: 10 - type: integer 
	Parameter widthM bound to: 100 - type: integer 
INFO: [Synth 8-3491] module 'vectMatMult' declared at 'C:/Users/tdale19/Desktop/LSTM_Hardware/LSTMsingle/LSTMsingle.srcs/sources_1/new/vectMatMult.vhd:7' bound to instance 'multH' of component 'vectMatMult' [C:/Users/tdale19/Desktop/LSTM_Hardware/LSTMpipelined/LSTMpipelined.srcs/sources_1/new/gate.vhd:72]
	Parameter widthM bound to: 100 - type: integer 
INFO: [Synth 8-3491] module 'matMatMult' declared at 'C:/Users/tdale19/Desktop/LSTM_Hardware/LSTMsingle/LSTMsingle.srcs/sources_1/new/matMatMult.vhd:6' bound to instance 'multIC' of component 'matMatMult' [C:/Users/tdale19/Desktop/LSTM_Hardware/LSTMpipelined/LSTMpipelined.srcs/sources_1/new/gate.vhd:74]
INFO: [Synth 8-638] synthesizing module 'matMatMult' [C:/Users/tdale19/Desktop/LSTM_Hardware/LSTMsingle/LSTMsingle.srcs/sources_1/new/matMatMult.vhd:15]
	Parameter widthM bound to: 100 - type: integer 
INFO: [Synth 8-256] done synthesizing module 'matMatMult' (2#1) [C:/Users/tdale19/Desktop/LSTM_Hardware/LSTMsingle/LSTMsingle.srcs/sources_1/new/matMatMult.vhd:15]
	Parameter widthM bound to: 100 - type: integer 
INFO: [Synth 8-3491] module 'matMatMult' declared at 'C:/Users/tdale19/Desktop/LSTM_Hardware/LSTMsingle/LSTMsingle.srcs/sources_1/new/matMatMult.vhd:6' bound to instance 'multFC' of component 'matMatMult' [C:/Users/tdale19/Desktop/LSTM_Hardware/LSTMpipelined/LSTMpipelined.srcs/sources_1/new/gate.vhd:75]
	Parameter widthM bound to: 100 - type: integer 
INFO: [Synth 8-3491] module 'mux' declared at 'C:/Users/tdale19/Desktop/LSTM_Hardware/LSTMpipelined/LSTMpipelined.srcs/sources_1/new/mux.vhd:34' bound to instance 'mux1' of component 'mux' [C:/Users/tdale19/Desktop/LSTM_Hardware/LSTMpipelined/LSTMpipelined.srcs/sources_1/new/gate.vhd:77]
INFO: [Synth 8-638] synthesizing module 'mux' [C:/Users/tdale19/Desktop/LSTM_Hardware/LSTMpipelined/LSTMpipelined.srcs/sources_1/new/mux.vhd:43]
	Parameter widthM bound to: 100 - type: integer 
WARNING: [Synth 8-614] signal 'a' is read in the process but is not in the sensitivity list [C:/Users/tdale19/Desktop/LSTM_Hardware/LSTMpipelined/LSTMpipelined.srcs/sources_1/new/mux.vhd:46]
WARNING: [Synth 8-614] signal 'b' is read in the process but is not in the sensitivity list [C:/Users/tdale19/Desktop/LSTM_Hardware/LSTMpipelined/LSTMpipelined.srcs/sources_1/new/mux.vhd:46]
INFO: [Synth 8-256] done synthesizing module 'mux' (3#1) [C:/Users/tdale19/Desktop/LSTM_Hardware/LSTMpipelined/LSTMpipelined.srcs/sources_1/new/mux.vhd:43]
	Parameter widthM bound to: 100 - type: integer 
INFO: [Synth 8-3491] module 'mux' declared at 'C:/Users/tdale19/Desktop/LSTM_Hardware/LSTMpipelined/LSTMpipelined.srcs/sources_1/new/mux.vhd:34' bound to instance 'mux2' of component 'mux' [C:/Users/tdale19/Desktop/LSTM_Hardware/LSTMpipelined/LSTMpipelined.srcs/sources_1/new/gate.vhd:78]
	Parameter widthM bound to: 100 - type: integer 
INFO: [Synth 8-3491] module 'addMat' declared at 'C:/Users/tdale19/Desktop/LSTM_Hardware/LSTMsingle/LSTMsingle.srcs/sources_1/new/addMat.vhd:6' bound to instance 'calcMemCell' of component 'addMat' [C:/Users/tdale19/Desktop/LSTM_Hardware/LSTMpipelined/LSTMpipelined.srcs/sources_1/new/gate.vhd:80]
INFO: [Synth 8-638] synthesizing module 'addMat' [C:/Users/tdale19/Desktop/LSTM_Hardware/LSTMsingle/LSTMsingle.srcs/sources_1/new/addMat.vhd:15]
	Parameter widthM bound to: 100 - type: integer 
INFO: [Synth 8-256] done synthesizing module 'addMat' (4#1) [C:/Users/tdale19/Desktop/LSTM_Hardware/LSTMsingle/LSTMsingle.srcs/sources_1/new/addMat.vhd:15]
	Parameter widthM bound to: 100 - type: integer 
INFO: [Synth 8-3491] module 'tanhGate' declared at 'C:/Users/tdale19/Desktop/LSTM_Hardware/LSTMsingle/LSTMsingle.srcs/sources_1/new/tanhGate.vhd:4' bound to instance 'tanhCalc' of component 'tanhGate' [C:/Users/tdale19/Desktop/LSTM_Hardware/LSTMpipelined/LSTMpipelined.srcs/sources_1/new/gate.vhd:82]
INFO: [Synth 8-638] synthesizing module 'tanhGate' [C:/Users/tdale19/Desktop/LSTM_Hardware/LSTMsingle/LSTMsingle.srcs/sources_1/new/tanhGate.vhd:12]
	Parameter widthM bound to: 100 - type: integer 
INFO: [Synth 8-256] done synthesizing module 'tanhGate' (5#1) [C:/Users/tdale19/Desktop/LSTM_Hardware/LSTMsingle/LSTMsingle.srcs/sources_1/new/tanhGate.vhd:12]
	Parameter widthM bound to: 100 - type: integer 
INFO: [Synth 8-3491] module 'sigGate' declared at 'C:/Users/tdale19/Desktop/LSTM_Hardware/LSTMsingle/LSTMsingle.srcs/sources_1/new/sigGate.vhd:6' bound to instance 'sigCalc' of component 'sigGate' [C:/Users/tdale19/Desktop/LSTM_Hardware/LSTMpipelined/LSTMpipelined.srcs/sources_1/new/gate.vhd:83]
INFO: [Synth 8-638] synthesizing module 'sigGate' [C:/Users/tdale19/Desktop/LSTM_Hardware/LSTMsingle/LSTMsingle.srcs/sources_1/new/sigGate.vhd:14]
	Parameter widthM bound to: 100 - type: integer 
INFO: [Synth 8-256] done synthesizing module 'sigGate' (6#1) [C:/Users/tdale19/Desktop/LSTM_Hardware/LSTMsingle/LSTMsingle.srcs/sources_1/new/sigGate.vhd:14]
	Parameter widthM bound to: 100 - type: integer 
INFO: [Synth 8-3491] module 'matMatMult' declared at 'C:/Users/tdale19/Desktop/LSTM_Hardware/LSTMsingle/LSTMsingle.srcs/sources_1/new/matMatMult.vhd:6' bound to instance 'hCalc' of component 'matMatMult' [C:/Users/tdale19/Desktop/LSTM_Hardware/LSTMpipelined/LSTMpipelined.srcs/sources_1/new/gate.vhd:89]
INFO: [Synth 8-256] done synthesizing module 'gate' (7#1) [C:/Users/tdale19/Desktop/LSTM_Hardware/LSTMpipelined/LSTMpipelined.srcs/sources_1/new/gate.vhd:25]
WARNING: [Synth 8-6014] Unused sequential element cHold_reg was removed.  [C:/Users/tdale19/Desktop/LSTM_Hardware/LSTMpipelined/LSTMpipelined.srcs/sources_1/new/LSTMtop.vhd:56]
WARNING: [Synth 8-6014] Unused sequential element iHold_reg was removed.  [C:/Users/tdale19/Desktop/LSTM_Hardware/LSTMpipelined/LSTMpipelined.srcs/sources_1/new/LSTMtop.vhd:60]
WARNING: [Synth 8-6014] Unused sequential element fHold_reg was removed.  [C:/Users/tdale19/Desktop/LSTM_Hardware/LSTMpipelined/LSTMpipelined.srcs/sources_1/new/LSTMtop.vhd:64]
WARNING: [Synth 8-6014] Unused sequential element oHold_reg was removed.  [C:/Users/tdale19/Desktop/LSTM_Hardware/LSTMpipelined/LSTMpipelined.srcs/sources_1/new/LSTMtop.vhd:68]
WARNING: [Synth 8-6014] Unused sequential element memCellHold_reg was removed.  [C:/Users/tdale19/Desktop/LSTM_Hardware/LSTMpipelined/LSTMpipelined.srcs/sources_1/new/LSTMtop.vhd:73]
WARNING: [Synth 8-6014] Unused sequential element hHold_reg was removed.  [C:/Users/tdale19/Desktop/LSTM_Hardware/LSTMpipelined/LSTMpipelined.srcs/sources_1/new/LSTMtop.vhd:74]
WARNING: [Synth 8-3848] Net weightX in module/entity LSTMtop does not have driver. [C:/Users/tdale19/Desktop/LSTM_Hardware/LSTMpipelined/LSTMpipelined.srcs/sources_1/new/LSTMtop.vhd:42]
WARNING: [Synth 8-3848] Net weightH in module/entity LSTMtop does not have driver. [C:/Users/tdale19/Desktop/LSTM_Hardware/LSTMpipelined/LSTMpipelined.srcs/sources_1/new/LSTMtop.vhd:42]
WARNING: [Synth 8-3848] Net oldH in module/entity LSTMtop does not have driver. [C:/Users/tdale19/Desktop/LSTM_Hardware/LSTMpipelined/LSTMpipelined.srcs/sources_1/new/LSTMtop.vhd:43]
WARNING: [Synth 8-3848] Net xin in module/entity LSTMtop does not have driver. [C:/Users/tdale19/Desktop/LSTM_Hardware/LSTMpipelined/LSTMpipelined.srcs/sources_1/new/LSTMtop.vhd:43]
WARNING: [Synth 8-3848] Net iIn in module/entity LSTMtop does not have driver. [C:/Users/tdale19/Desktop/LSTM_Hardware/LSTMpipelined/LSTMpipelined.srcs/sources_1/new/LSTMtop.vhd:43]
WARNING: [Synth 8-3848] Net cmIn in module/entity LSTMtop does not have driver. [C:/Users/tdale19/Desktop/LSTM_Hardware/LSTMpipelined/LSTMpipelined.srcs/sources_1/new/LSTMtop.vhd:43]
WARNING: [Synth 8-3848] Net fIn in module/entity LSTMtop does not have driver. [C:/Users/tdale19/Desktop/LSTM_Hardware/LSTMpipelined/LSTMpipelined.srcs/sources_1/new/LSTMtop.vhd:43]
WARNING: [Synth 8-3848] Net oIn in module/entity LSTMtop does not have driver. [C:/Users/tdale19/Desktop/LSTM_Hardware/LSTMpipelined/LSTMpipelined.srcs/sources_1/new/LSTMtop.vhd:43]
WARNING: [Synth 8-3848] Net memIn in module/entity LSTMtop does not have driver. [C:/Users/tdale19/Desktop/LSTM_Hardware/LSTMpipelined/LSTMpipelined.srcs/sources_1/new/LSTMtop.vhd:43]
INFO: [Synth 8-256] done synthesizing module 'LSTMtop' (8#1) [C:/Users/tdale19/Desktop/LSTM_Hardware/LSTMpipelined/LSTMpipelined.srcs/sources_1/new/LSTMtop.vhd:12]
WARNING: [Synth 8-312] ignoring unsynthesizable construct: wait statement with no conditon [C:/Users/tdale19/Desktop/LSTM_Hardware/LSTMpipelined/LSTMpipelined.srcs/sources_1/new/LSTMtester.vhd:20]
INFO: [Synth 8-256] done synthesizing module 'LSTMtester' (9#1) [C:/Users/tdale19/Desktop/LSTM_Hardware/LSTMpipelined/LSTMpipelined.srcs/sources_1/new/LSTMtester.vhd:10]
---------------------------------------------------------------------------------
Finished RTL Elaboration : Time (s): cpu = 00:00:04 ; elapsed = 00:00:03 . Memory (MB): peak = 1060.176 ; gain = 164.480
---------------------------------------------------------------------------------

Report Check Netlist: 
+------+------------------+-------+---------+-------+------------------+
|      |Item              |Errors |Warnings |Status |Description       |
+------+------------------+-------+---------+-------+------------------+
|1     |multi_driven_nets |      0|        0|Passed |Multi driven nets |
+------+------------------+-------+---------+-------+------------------+
WARNING: [Synth 8-3295] tying undriven pin theGate:weightX[10] to constant 0 [C:/Users/tdale19/Desktop/LSTM_Hardware/LSTMpipelined/LSTMpipelined.srcs/sources_1/new/LSTMtop.vhd:46]
WARNING: [Synth 8-3295] tying undriven pin theGate:weightX[9] to constant 0 [C:/Users/tdale19/Desktop/LSTM_Hardware/LSTMpipelined/LSTMpipelined.srcs/sources_1/new/LSTMtop.vhd:46]
WARNING: [Synth 8-3295] tying undriven pin theGate:weightX[8] to constant 0 [C:/Users/tdale19/Desktop/LSTM_Hardware/LSTMpipelined/LSTMpipelined.srcs/sources_1/new/LSTMtop.vhd:46]
WARNING: [Synth 8-3295] tying undriven pin theGate:weightX[7] to constant 0 [C:/Users/tdale19/Desktop/LSTM_Hardware/LSTMpipelined/LSTMpipelined.srcs/sources_1/new/LSTMtop.vhd:46]
WARNING: [Synth 8-3295] tying undriven pin theGate:weightX[6] to constant 0 [C:/Users/tdale19/Desktop/LSTM_Hardware/LSTMpipelined/LSTMpipelined.srcs/sources_1/new/LSTMtop.vhd:46]
WARNING: [Synth 8-3295] tying undriven pin theGate:weightX[5] to constant 0 [C:/Users/tdale19/Desktop/LSTM_Hardware/LSTMpipelined/LSTMpipelined.srcs/sources_1/new/LSTMtop.vhd:46]
WARNING: [Synth 8-3295] tying undriven pin theGate:weightX[4] to constant 0 [C:/Users/tdale19/Desktop/LSTM_Hardware/LSTMpipelined/LSTMpipelined.srcs/sources_1/new/LSTMtop.vhd:46]
WARNING: [Synth 8-3295] tying undriven pin theGate:weightX[3] to constant 0 [C:/Users/tdale19/Desktop/LSTM_Hardware/LSTMpipelined/LSTMpipelined.srcs/sources_1/new/LSTMtop.vhd:46]
WARNING: [Synth 8-3295] tying undriven pin theGate:weightX[2] to constant 0 [C:/Users/tdale19/Desktop/LSTM_Hardware/LSTMpipelined/LSTMpipelined.srcs/sources_1/new/LSTMtop.vhd:46]
WARNING: [Synth 8-3295] tying undriven pin theGate:weightX[1] to constant 0 [C:/Users/tdale19/Desktop/LSTM_Hardware/LSTMpipelined/LSTMpipelined.srcs/sources_1/new/LSTMtop.vhd:46]
WARNING: [Synth 8-3295] tying undriven pin theGate:weightX[0] to constant 0 [C:/Users/tdale19/Desktop/LSTM_Hardware/LSTMpipelined/LSTMpipelined.srcs/sources_1/new/LSTMtop.vhd:46]
WARNING: [Synth 8-3295] tying undriven pin theGate:weightH[10] to constant 0 [C:/Users/tdale19/Desktop/LSTM_Hardware/LSTMpipelined/LSTMpipelined.srcs/sources_1/new/LSTMtop.vhd:46]
WARNING: [Synth 8-3295] tying undriven pin theGate:weightH[9] to constant 0 [C:/Users/tdale19/Desktop/LSTM_Hardware/LSTMpipelined/LSTMpipelined.srcs/sources_1/new/LSTMtop.vhd:46]
WARNING: [Synth 8-3295] tying undriven pin theGate:weightH[8] to constant 0 [C:/Users/tdale19/Desktop/LSTM_Hardware/LSTMpipelined/LSTMpipelined.srcs/sources_1/new/LSTMtop.vhd:46]
WARNING: [Synth 8-3295] tying undriven pin theGate:weightH[7] to constant 0 [C:/Users/tdale19/Desktop/LSTM_Hardware/LSTMpipelined/LSTMpipelined.srcs/sources_1/new/LSTMtop.vhd:46]
WARNING: [Synth 8-3295] tying undriven pin theGate:weightH[6] to constant 0 [C:/Users/tdale19/Desktop/LSTM_Hardware/LSTMpipelined/LSTMpipelined.srcs/sources_1/new/LSTMtop.vhd:46]
WARNING: [Synth 8-3295] tying undriven pin theGate:weightH[5] to constant 0 [C:/Users/tdale19/Desktop/LSTM_Hardware/LSTMpipelined/LSTMpipelined.srcs/sources_1/new/LSTMtop.vhd:46]
WARNING: [Synth 8-3295] tying undriven pin theGate:weightH[4] to constant 0 [C:/Users/tdale19/Desktop/LSTM_Hardware/LSTMpipelined/LSTMpipelined.srcs/sources_1/new/LSTMtop.vhd:46]
WARNING: [Synth 8-3295] tying undriven pin theGate:weightH[3] to constant 0 [C:/Users/tdale19/Desktop/LSTM_Hardware/LSTMpipelined/LSTMpipelined.srcs/sources_1/new/LSTMtop.vhd:46]
WARNING: [Synth 8-3295] tying undriven pin theGate:weightH[2] to constant 0 [C:/Users/tdale19/Desktop/LSTM_Hardware/LSTMpipelined/LSTMpipelined.srcs/sources_1/new/LSTMtop.vhd:46]
WARNING: [Synth 8-3295] tying undriven pin theGate:weightH[1] to constant 0 [C:/Users/tdale19/Desktop/LSTM_Hardware/LSTMpipelined/LSTMpipelined.srcs/sources_1/new/LSTMtop.vhd:46]
WARNING: [Synth 8-3295] tying undriven pin theGate:weightH[0] to constant 0 [C:/Users/tdale19/Desktop/LSTM_Hardware/LSTMpipelined/LSTMpipelined.srcs/sources_1/new/LSTMtop.vhd:46]
WARNING: [Synth 8-3295] tying undriven pin theGate:oldH[100] to constant 0 [C:/Users/tdale19/Desktop/LSTM_Hardware/LSTMpipelined/LSTMpipelined.srcs/sources_1/new/LSTMtop.vhd:46]
WARNING: [Synth 8-3295] tying undriven pin theGate:oldH[99] to constant 0 [C:/Users/tdale19/Desktop/LSTM_Hardware/LSTMpipelined/LSTMpipelined.srcs/sources_1/new/LSTMtop.vhd:46]
WARNING: [Synth 8-3295] tying undriven pin theGate:oldH[98] to constant 0 [C:/Users/tdale19/Desktop/LSTM_Hardware/LSTMpipelined/LSTMpipelined.srcs/sources_1/new/LSTMtop.vhd:46]
WARNING: [Synth 8-3295] tying undriven pin theGate:oldH[97] to constant 0 [C:/Users/tdale19/Desktop/LSTM_Hardware/LSTMpipelined/LSTMpipelined.srcs/sources_1/new/LSTMtop.vhd:46]
WARNING: [Synth 8-3295] tying undriven pin theGate:oldH[96] to constant 0 [C:/Users/tdale19/Desktop/LSTM_Hardware/LSTMpipelined/LSTMpipelined.srcs/sources_1/new/LSTMtop.vhd:46]
WARNING: [Synth 8-3295] tying undriven pin theGate:oldH[95] to constant 0 [C:/Users/tdale19/Desktop/LSTM_Hardware/LSTMpipelined/LSTMpipelined.srcs/sources_1/new/LSTMtop.vhd:46]
WARNING: [Synth 8-3295] tying undriven pin theGate:oldH[94] to constant 0 [C:/Users/tdale19/Desktop/LSTM_Hardware/LSTMpipelined/LSTMpipelined.srcs/sources_1/new/LSTMtop.vhd:46]
WARNING: [Synth 8-3295] tying undriven pin theGate:oldH[93] to constant 0 [C:/Users/tdale19/Desktop/LSTM_Hardware/LSTMpipelined/LSTMpipelined.srcs/sources_1/new/LSTMtop.vhd:46]
WARNING: [Synth 8-3295] tying undriven pin theGate:oldH[92] to constant 0 [C:/Users/tdale19/Desktop/LSTM_Hardware/LSTMpipelined/LSTMpipelined.srcs/sources_1/new/LSTMtop.vhd:46]
WARNING: [Synth 8-3295] tying undriven pin theGate:oldH[91] to constant 0 [C:/Users/tdale19/Desktop/LSTM_Hardware/LSTMpipelined/LSTMpipelined.srcs/sources_1/new/LSTMtop.vhd:46]
WARNING: [Synth 8-3295] tying undriven pin theGate:oldH[90] to constant 0 [C:/Users/tdale19/Desktop/LSTM_Hardware/LSTMpipelined/LSTMpipelined.srcs/sources_1/new/LSTMtop.vhd:46]
WARNING: [Synth 8-3295] tying undriven pin theGate:oldH[89] to constant 0 [C:/Users/tdale19/Desktop/LSTM_Hardware/LSTMpipelined/LSTMpipelined.srcs/sources_1/new/LSTMtop.vhd:46]
WARNING: [Synth 8-3295] tying undriven pin theGate:oldH[88] to constant 0 [C:/Users/tdale19/Desktop/LSTM_Hardware/LSTMpipelined/LSTMpipelined.srcs/sources_1/new/LSTMtop.vhd:46]
WARNING: [Synth 8-3295] tying undriven pin theGate:oldH[87] to constant 0 [C:/Users/tdale19/Desktop/LSTM_Hardware/LSTMpipelined/LSTMpipelined.srcs/sources_1/new/LSTMtop.vhd:46]
WARNING: [Synth 8-3295] tying undriven pin theGate:oldH[86] to constant 0 [C:/Users/tdale19/Desktop/LSTM_Hardware/LSTMpipelined/LSTMpipelined.srcs/sources_1/new/LSTMtop.vhd:46]
WARNING: [Synth 8-3295] tying undriven pin theGate:oldH[85] to constant 0 [C:/Users/tdale19/Desktop/LSTM_Hardware/LSTMpipelined/LSTMpipelined.srcs/sources_1/new/LSTMtop.vhd:46]
WARNING: [Synth 8-3295] tying undriven pin theGate:oldH[84] to constant 0 [C:/Users/tdale19/Desktop/LSTM_Hardware/LSTMpipelined/LSTMpipelined.srcs/sources_1/new/LSTMtop.vhd:46]
WARNING: [Synth 8-3295] tying undriven pin theGate:oldH[83] to constant 0 [C:/Users/tdale19/Desktop/LSTM_Hardware/LSTMpipelined/LSTMpipelined.srcs/sources_1/new/LSTMtop.vhd:46]
WARNING: [Synth 8-3295] tying undriven pin theGate:oldH[82] to constant 0 [C:/Users/tdale19/Desktop/LSTM_Hardware/LSTMpipelined/LSTMpipelined.srcs/sources_1/new/LSTMtop.vhd:46]
WARNING: [Synth 8-3295] tying undriven pin theGate:oldH[81] to constant 0 [C:/Users/tdale19/Desktop/LSTM_Hardware/LSTMpipelined/LSTMpipelined.srcs/sources_1/new/LSTMtop.vhd:46]
WARNING: [Synth 8-3295] tying undriven pin theGate:oldH[80] to constant 0 [C:/Users/tdale19/Desktop/LSTM_Hardware/LSTMpipelined/LSTMpipelined.srcs/sources_1/new/LSTMtop.vhd:46]
WARNING: [Synth 8-3295] tying undriven pin theGate:oldH[79] to constant 0 [C:/Users/tdale19/Desktop/LSTM_Hardware/LSTMpipelined/LSTMpipelined.srcs/sources_1/new/LSTMtop.vhd:46]
WARNING: [Synth 8-3295] tying undriven pin theGate:oldH[78] to constant 0 [C:/Users/tdale19/Desktop/LSTM_Hardware/LSTMpipelined/LSTMpipelined.srcs/sources_1/new/LSTMtop.vhd:46]
WARNING: [Synth 8-3295] tying undriven pin theGate:oldH[77] to constant 0 [C:/Users/tdale19/Desktop/LSTM_Hardware/LSTMpipelined/LSTMpipelined.srcs/sources_1/new/LSTMtop.vhd:46]
WARNING: [Synth 8-3295] tying undriven pin theGate:oldH[76] to constant 0 [C:/Users/tdale19/Desktop/LSTM_Hardware/LSTMpipelined/LSTMpipelined.srcs/sources_1/new/LSTMtop.vhd:46]
WARNING: [Synth 8-3295] tying undriven pin theGate:oldH[75] to constant 0 [C:/Users/tdale19/Desktop/LSTM_Hardware/LSTMpipelined/LSTMpipelined.srcs/sources_1/new/LSTMtop.vhd:46]
WARNING: [Synth 8-3295] tying undriven pin theGate:oldH[74] to constant 0 [C:/Users/tdale19/Desktop/LSTM_Hardware/LSTMpipelined/LSTMpipelined.srcs/sources_1/new/LSTMtop.vhd:46]
WARNING: [Synth 8-3295] tying undriven pin theGate:oldH[73] to constant 0 [C:/Users/tdale19/Desktop/LSTM_Hardware/LSTMpipelined/LSTMpipelined.srcs/sources_1/new/LSTMtop.vhd:46]
WARNING: [Synth 8-3295] tying undriven pin theGate:oldH[72] to constant 0 [C:/Users/tdale19/Desktop/LSTM_Hardware/LSTMpipelined/LSTMpipelined.srcs/sources_1/new/LSTMtop.vhd:46]
WARNING: [Synth 8-3295] tying undriven pin theGate:oldH[71] to constant 0 [C:/Users/tdale19/Desktop/LSTM_Hardware/LSTMpipelined/LSTMpipelined.srcs/sources_1/new/LSTMtop.vhd:46]
WARNING: [Synth 8-3295] tying undriven pin theGate:oldH[70] to constant 0 [C:/Users/tdale19/Desktop/LSTM_Hardware/LSTMpipelined/LSTMpipelined.srcs/sources_1/new/LSTMtop.vhd:46]
WARNING: [Synth 8-3295] tying undriven pin theGate:oldH[69] to constant 0 [C:/Users/tdale19/Desktop/LSTM_Hardware/LSTMpipelined/LSTMpipelined.srcs/sources_1/new/LSTMtop.vhd:46]
WARNING: [Synth 8-3295] tying undriven pin theGate:oldH[68] to constant 0 [C:/Users/tdale19/Desktop/LSTM_Hardware/LSTMpipelined/LSTMpipelined.srcs/sources_1/new/LSTMtop.vhd:46]
WARNING: [Synth 8-3295] tying undriven pin theGate:oldH[67] to constant 0 [C:/Users/tdale19/Desktop/LSTM_Hardware/LSTMpipelined/LSTMpipelined.srcs/sources_1/new/LSTMtop.vhd:46]
WARNING: [Synth 8-3295] tying undriven pin theGate:oldH[66] to constant 0 [C:/Users/tdale19/Desktop/LSTM_Hardware/LSTMpipelined/LSTMpipelined.srcs/sources_1/new/LSTMtop.vhd:46]
WARNING: [Synth 8-3295] tying undriven pin theGate:oldH[65] to constant 0 [C:/Users/tdale19/Desktop/LSTM_Hardware/LSTMpipelined/LSTMpipelined.srcs/sources_1/new/LSTMtop.vhd:46]
WARNING: [Synth 8-3295] tying undriven pin theGate:oldH[64] to constant 0 [C:/Users/tdale19/Desktop/LSTM_Hardware/LSTMpipelined/LSTMpipelined.srcs/sources_1/new/LSTMtop.vhd:46]
WARNING: [Synth 8-3295] tying undriven pin theGate:oldH[63] to constant 0 [C:/Users/tdale19/Desktop/LSTM_Hardware/LSTMpipelined/LSTMpipelined.srcs/sources_1/new/LSTMtop.vhd:46]
WARNING: [Synth 8-3295] tying undriven pin theGate:oldH[62] to constant 0 [C:/Users/tdale19/Desktop/LSTM_Hardware/LSTMpipelined/LSTMpipelined.srcs/sources_1/new/LSTMtop.vhd:46]
WARNING: [Synth 8-3295] tying undriven pin theGate:oldH[61] to constant 0 [C:/Users/tdale19/Desktop/LSTM_Hardware/LSTMpipelined/LSTMpipelined.srcs/sources_1/new/LSTMtop.vhd:46]
WARNING: [Synth 8-3295] tying undriven pin theGate:oldH[60] to constant 0 [C:/Users/tdale19/Desktop/LSTM_Hardware/LSTMpipelined/LSTMpipelined.srcs/sources_1/new/LSTMtop.vhd:46]
WARNING: [Synth 8-3295] tying undriven pin theGate:oldH[59] to constant 0 [C:/Users/tdale19/Desktop/LSTM_Hardware/LSTMpipelined/LSTMpipelined.srcs/sources_1/new/LSTMtop.vhd:46]
WARNING: [Synth 8-3295] tying undriven pin theGate:oldH[58] to constant 0 [C:/Users/tdale19/Desktop/LSTM_Hardware/LSTMpipelined/LSTMpipelined.srcs/sources_1/new/LSTMtop.vhd:46]
WARNING: [Synth 8-3295] tying undriven pin theGate:oldH[57] to constant 0 [C:/Users/tdale19/Desktop/LSTM_Hardware/LSTMpipelined/LSTMpipelined.srcs/sources_1/new/LSTMtop.vhd:46]
WARNING: [Synth 8-3295] tying undriven pin theGate:oldH[56] to constant 0 [C:/Users/tdale19/Desktop/LSTM_Hardware/LSTMpipelined/LSTMpipelined.srcs/sources_1/new/LSTMtop.vhd:46]
WARNING: [Synth 8-3295] tying undriven pin theGate:oldH[55] to constant 0 [C:/Users/tdale19/Desktop/LSTM_Hardware/LSTMpipelined/LSTMpipelined.srcs/sources_1/new/LSTMtop.vhd:46]
WARNING: [Synth 8-3295] tying undriven pin theGate:oldH[54] to constant 0 [C:/Users/tdale19/Desktop/LSTM_Hardware/LSTMpipelined/LSTMpipelined.srcs/sources_1/new/LSTMtop.vhd:46]
WARNING: [Synth 8-3295] tying undriven pin theGate:oldH[53] to constant 0 [C:/Users/tdale19/Desktop/LSTM_Hardware/LSTMpipelined/LSTMpipelined.srcs/sources_1/new/LSTMtop.vhd:46]
WARNING: [Synth 8-3295] tying undriven pin theGate:oldH[52] to constant 0 [C:/Users/tdale19/Desktop/LSTM_Hardware/LSTMpipelined/LSTMpipelined.srcs/sources_1/new/LSTMtop.vhd:46]
WARNING: [Synth 8-3295] tying undriven pin theGate:oldH[51] to constant 0 [C:/Users/tdale19/Desktop/LSTM_Hardware/LSTMpipelined/LSTMpipelined.srcs/sources_1/new/LSTMtop.vhd:46]
WARNING: [Synth 8-3295] tying undriven pin theGate:oldH[50] to constant 0 [C:/Users/tdale19/Desktop/LSTM_Hardware/LSTMpipelined/LSTMpipelined.srcs/sources_1/new/LSTMtop.vhd:46]
WARNING: [Synth 8-3295] tying undriven pin theGate:oldH[49] to constant 0 [C:/Users/tdale19/Desktop/LSTM_Hardware/LSTMpipelined/LSTMpipelined.srcs/sources_1/new/LSTMtop.vhd:46]
WARNING: [Synth 8-3295] tying undriven pin theGate:oldH[48] to constant 0 [C:/Users/tdale19/Desktop/LSTM_Hardware/LSTMpipelined/LSTMpipelined.srcs/sources_1/new/LSTMtop.vhd:46]
WARNING: [Synth 8-3295] tying undriven pin theGate:oldH[47] to constant 0 [C:/Users/tdale19/Desktop/LSTM_Hardware/LSTMpipelined/LSTMpipelined.srcs/sources_1/new/LSTMtop.vhd:46]
WARNING: [Synth 8-3295] tying undriven pin theGate:oldH[46] to constant 0 [C:/Users/tdale19/Desktop/LSTM_Hardware/LSTMpipelined/LSTMpipelined.srcs/sources_1/new/LSTMtop.vhd:46]
WARNING: [Synth 8-3295] tying undriven pin theGate:oldH[45] to constant 0 [C:/Users/tdale19/Desktop/LSTM_Hardware/LSTMpipelined/LSTMpipelined.srcs/sources_1/new/LSTMtop.vhd:46]
WARNING: [Synth 8-3295] tying undriven pin theGate:oldH[44] to constant 0 [C:/Users/tdale19/Desktop/LSTM_Hardware/LSTMpipelined/LSTMpipelined.srcs/sources_1/new/LSTMtop.vhd:46]
WARNING: [Synth 8-3295] tying undriven pin theGate:oldH[43] to constant 0 [C:/Users/tdale19/Desktop/LSTM_Hardware/LSTMpipelined/LSTMpipelined.srcs/sources_1/new/LSTMtop.vhd:46]
WARNING: [Synth 8-3295] tying undriven pin theGate:oldH[42] to constant 0 [C:/Users/tdale19/Desktop/LSTM_Hardware/LSTMpipelined/LSTMpipelined.srcs/sources_1/new/LSTMtop.vhd:46]
WARNING: [Synth 8-3295] tying undriven pin theGate:oldH[41] to constant 0 [C:/Users/tdale19/Desktop/LSTM_Hardware/LSTMpipelined/LSTMpipelined.srcs/sources_1/new/LSTMtop.vhd:46]
WARNING: [Synth 8-3295] tying undriven pin theGate:oldH[40] to constant 0 [C:/Users/tdale19/Desktop/LSTM_Hardware/LSTMpipelined/LSTMpipelined.srcs/sources_1/new/LSTMtop.vhd:46]
WARNING: [Synth 8-3295] tying undriven pin theGate:oldH[39] to constant 0 [C:/Users/tdale19/Desktop/LSTM_Hardware/LSTMpipelined/LSTMpipelined.srcs/sources_1/new/LSTMtop.vhd:46]
WARNING: [Synth 8-3295] tying undriven pin theGate:oldH[38] to constant 0 [C:/Users/tdale19/Desktop/LSTM_Hardware/LSTMpipelined/LSTMpipelined.srcs/sources_1/new/LSTMtop.vhd:46]
WARNING: [Synth 8-3295] tying undriven pin theGate:oldH[37] to constant 0 [C:/Users/tdale19/Desktop/LSTM_Hardware/LSTMpipelined/LSTMpipelined.srcs/sources_1/new/LSTMtop.vhd:46]
WARNING: [Synth 8-3295] tying undriven pin theGate:oldH[36] to constant 0 [C:/Users/tdale19/Desktop/LSTM_Hardware/LSTMpipelined/LSTMpipelined.srcs/sources_1/new/LSTMtop.vhd:46]
WARNING: [Synth 8-3295] tying undriven pin theGate:oldH[35] to constant 0 [C:/Users/tdale19/Desktop/LSTM_Hardware/LSTMpipelined/LSTMpipelined.srcs/sources_1/new/LSTMtop.vhd:46]
WARNING: [Synth 8-3295] tying undriven pin theGate:oldH[34] to constant 0 [C:/Users/tdale19/Desktop/LSTM_Hardware/LSTMpipelined/LSTMpipelined.srcs/sources_1/new/LSTMtop.vhd:46]
WARNING: [Synth 8-3295] tying undriven pin theGate:oldH[33] to constant 0 [C:/Users/tdale19/Desktop/LSTM_Hardware/LSTMpipelined/LSTMpipelined.srcs/sources_1/new/LSTMtop.vhd:46]
WARNING: [Synth 8-3295] tying undriven pin theGate:oldH[32] to constant 0 [C:/Users/tdale19/Desktop/LSTM_Hardware/LSTMpipelined/LSTMpipelined.srcs/sources_1/new/LSTMtop.vhd:46]
WARNING: [Synth 8-3295] tying undriven pin theGate:oldH[31] to constant 0 [C:/Users/tdale19/Desktop/LSTM_Hardware/LSTMpipelined/LSTMpipelined.srcs/sources_1/new/LSTMtop.vhd:46]
WARNING: [Synth 8-3295] tying undriven pin theGate:oldH[30] to constant 0 [C:/Users/tdale19/Desktop/LSTM_Hardware/LSTMpipelined/LSTMpipelined.srcs/sources_1/new/LSTMtop.vhd:46]
WARNING: [Synth 8-3295] tying undriven pin theGate:oldH[29] to constant 0 [C:/Users/tdale19/Desktop/LSTM_Hardware/LSTMpipelined/LSTMpipelined.srcs/sources_1/new/LSTMtop.vhd:46]
WARNING: [Synth 8-3295] tying undriven pin theGate:oldH[28] to constant 0 [C:/Users/tdale19/Desktop/LSTM_Hardware/LSTMpipelined/LSTMpipelined.srcs/sources_1/new/LSTMtop.vhd:46]
WARNING: [Synth 8-3295] tying undriven pin theGate:oldH[27] to constant 0 [C:/Users/tdale19/Desktop/LSTM_Hardware/LSTMpipelined/LSTMpipelined.srcs/sources_1/new/LSTMtop.vhd:46]
WARNING: [Synth 8-3295] tying undriven pin theGate:oldH[26] to constant 0 [C:/Users/tdale19/Desktop/LSTM_Hardware/LSTMpipelined/LSTMpipelined.srcs/sources_1/new/LSTMtop.vhd:46]
WARNING: [Synth 8-3295] tying undriven pin theGate:oldH[25] to constant 0 [C:/Users/tdale19/Desktop/LSTM_Hardware/LSTMpipelined/LSTMpipelined.srcs/sources_1/new/LSTMtop.vhd:46]
WARNING: [Synth 8-3295] tying undriven pin theGate:oldH[24] to constant 0 [C:/Users/tdale19/Desktop/LSTM_Hardware/LSTMpipelined/LSTMpipelined.srcs/sources_1/new/LSTMtop.vhd:46]
WARNING: [Synth 8-3295] tying undriven pin theGate:oldH[23] to constant 0 [C:/Users/tdale19/Desktop/LSTM_Hardware/LSTMpipelined/LSTMpipelined.srcs/sources_1/new/LSTMtop.vhd:46]
INFO: [Common 17-14] Message 'Synth 8-3295' appears 100 times and further instances of the messages will be disabled. Use the Tcl command set_msg_config to change the current settings.
---------------------------------------------------------------------------------
Start Handling Custom Attributes
---------------------------------------------------------------------------------
---------------------------------------------------------------------------------
Finished Handling Custom Attributes : Time (s): cpu = 00:00:04 ; elapsed = 00:00:03 . Memory (MB): peak = 1060.176 ; gain = 164.480
---------------------------------------------------------------------------------
---------------------------------------------------------------------------------
Finished RTL Optimization Phase 1 : Time (s): cpu = 00:00:04 ; elapsed = 00:00:03 . Memory (MB): peak = 1060.176 ; gain = 164.480
---------------------------------------------------------------------------------
INFO: [Device 21-403] Loading part xc7a100tcsg324-1
INFO: [Project 1-570] Preparing netlist for logic optimization

Processing XDC Constraints
Initializing timing engine
Completed Processing XDC Constraints

INFO: [Opt 31-138] Pushed 0 inverter(s) to 0 load pin(s).
INFO: [Project 1-111] Unisim Transformation Summary:
No Unisim elements were transformed.

RTL Elaboration Complete:  : Time (s): cpu = 00:00:19 ; elapsed = 00:00:14 . Memory (MB): peak = 1411.488 ; gain = 515.793
35 Infos, 118 Warnings, 0 Critical Warnings and 0 Errors encountered.
synth_design completed successfully
synth_design: Time (s): cpu = 00:00:19 ; elapsed = 00:00:14 . Memory (MB): peak = 1411.488 ; gain = 515.793
refresh_design
---------------------------------------------------------------------------------
Starting RTL Elaboration : Time (s): cpu = 00:00:02 ; elapsed = 00:00:02 . Memory (MB): peak = 1421.262 ; gain = 4.410
---------------------------------------------------------------------------------
INFO: [Synth 8-638] synthesizing module 'LSTMtester' [C:/Users/tdale19/Desktop/LSTM_Hardware/LSTMpipelined/LSTMpipelined.srcs/sources_1/new/LSTMtester.vhd:10]
INFO: [Synth 8-3491] module 'LSTMtop' declared at 'C:/Users/tdale19/Desktop/LSTM_Hardware/LSTMpipelined/LSTMpipelined.srcs/sources_1/new/LSTMtop.vhd:8' bound to instance 'top' of component 'LSTMtop' [C:/Users/tdale19/Desktop/LSTM_Hardware/LSTMpipelined/LSTMpipelined.srcs/sources_1/new/LSTMtester.vhd:16]
INFO: [Synth 8-638] synthesizing module 'LSTMtop' [C:/Users/tdale19/Desktop/LSTM_Hardware/LSTMpipelined/LSTMpipelined.srcs/sources_1/new/LSTMtop.vhd:12]
	Parameter widthV bound to: 1000 - type: integer 
	Parameter widthM bound to: 10000 - type: integer 
INFO: [Synth 8-3491] module 'gate' declared at 'C:/Users/tdale19/Desktop/LSTM_Hardware/LSTMpipelined/LSTMpipelined.srcs/sources_1/new/gate.vhd:5' bound to instance 'theGate' of component 'gate' [C:/Users/tdale19/Desktop/LSTM_Hardware/LSTMpipelined/LSTMpipelined.srcs/sources_1/new/LSTMtop.vhd:46]
INFO: [Synth 8-638] synthesizing module 'gate' [C:/Users/tdale19/Desktop/LSTM_Hardware/LSTMpipelined/LSTMpipelined.srcs/sources_1/new/gate.vhd:25]
	Parameter widthV bound to: 1000 - type: integer 
	Parameter widthM bound to: 10000 - type: integer 
	Parameter widthV bound to: 1000 - type: integer 
	Parameter widthM bound to: 10000 - type: integer 
INFO: [Synth 8-3491] module 'vectMatMult' declared at 'C:/Users/tdale19/Desktop/LSTM_Hardware/LSTMsingle/LSTMsingle.srcs/sources_1/new/vectMatMult.vhd:7' bound to instance 'multX' of component 'vectMatMult' [C:/Users/tdale19/Desktop/LSTM_Hardware/LSTMpipelined/LSTMpipelined.srcs/sources_1/new/gate.vhd:71]
INFO: [Synth 8-638] synthesizing module 'vectMatMult' [C:/Users/tdale19/Desktop/LSTM_Hardware/LSTMsingle/LSTMsingle.srcs/sources_1/new/vectMatMult.vhd:16]
	Parameter widthV bound to: 1000 - type: integer 
	Parameter widthM bound to: 10000 - type: integer 
INFO: [Synth 8-256] done synthesizing module 'vectMatMult' (1#1) [C:/Users/tdale19/Desktop/LSTM_Hardware/LSTMsingle/LSTMsingle.srcs/sources_1/new/vectMatMult.vhd:16]
	Parameter widthV bound to: 1000 - type: integer 
	Parameter widthM bound to: 10000 - type: integer 
INFO: [Synth 8-3491] module 'vectMatMult' declared at 'C:/Users/tdale19/Desktop/LSTM_Hardware/LSTMsingle/LSTMsingle.srcs/sources_1/new/vectMatMult.vhd:7' bound to instance 'multH' of component 'vectMatMult' [C:/Users/tdale19/Desktop/LSTM_Hardware/LSTMpipelined/LSTMpipelined.srcs/sources_1/new/gate.vhd:72]
	Parameter widthM bound to: 10000 - type: integer 
INFO: [Synth 8-3491] module 'matMatMult' declared at 'C:/Users/tdale19/Desktop/LSTM_Hardware/LSTMsingle/LSTMsingle.srcs/sources_1/new/matMatMult.vhd:6' bound to instance 'multIC' of component 'matMatMult' [C:/Users/tdale19/Desktop/LSTM_Hardware/LSTMpipelined/LSTMpipelined.srcs/sources_1/new/gate.vhd:74]
INFO: [Synth 8-638] synthesizing module 'matMatMult' [C:/Users/tdale19/Desktop/LSTM_Hardware/LSTMsingle/LSTMsingle.srcs/sources_1/new/matMatMult.vhd:15]
	Parameter widthM bound to: 10000 - type: integer 
INFO: [Synth 8-256] done synthesizing module 'matMatMult' (2#1) [C:/Users/tdale19/Desktop/LSTM_Hardware/LSTMsingle/LSTMsingle.srcs/sources_1/new/matMatMult.vhd:15]
	Parameter widthM bound to: 10000 - type: integer 
INFO: [Synth 8-3491] module 'matMatMult' declared at 'C:/Users/tdale19/Desktop/LSTM_Hardware/LSTMsingle/LSTMsingle.srcs/sources_1/new/matMatMult.vhd:6' bound to instance 'multFC' of component 'matMatMult' [C:/Users/tdale19/Desktop/LSTM_Hardware/LSTMpipelined/LSTMpipelined.srcs/sources_1/new/gate.vhd:75]
	Parameter widthM bound to: 10000 - type: integer 
INFO: [Synth 8-3491] module 'mux' declared at 'C:/Users/tdale19/Desktop/LSTM_Hardware/LSTMpipelined/LSTMpipelined.srcs/sources_1/new/mux.vhd:34' bound to instance 'mux1' of component 'mux' [C:/Users/tdale19/Desktop/LSTM_Hardware/LSTMpipelined/LSTMpipelined.srcs/sources_1/new/gate.vhd:77]
INFO: [Synth 8-638] synthesizing module 'mux' [C:/Users/tdale19/Desktop/LSTM_Hardware/LSTMpipelined/LSTMpipelined.srcs/sources_1/new/mux.vhd:43]
	Parameter widthM bound to: 10000 - type: integer 
WARNING: [Synth 8-614] signal 'a' is read in the process but is not in the sensitivity list [C:/Users/tdale19/Desktop/LSTM_Hardware/LSTMpipelined/LSTMpipelined.srcs/sources_1/new/mux.vhd:46]
WARNING: [Synth 8-614] signal 'b' is read in the process but is not in the sensitivity list [C:/Users/tdale19/Desktop/LSTM_Hardware/LSTMpipelined/LSTMpipelined.srcs/sources_1/new/mux.vhd:46]
INFO: [Synth 8-256] done synthesizing module 'mux' (3#1) [C:/Users/tdale19/Desktop/LSTM_Hardware/LSTMpipelined/LSTMpipelined.srcs/sources_1/new/mux.vhd:43]
	Parameter widthM bound to: 10000 - type: integer 
INFO: [Synth 8-3491] module 'mux' declared at 'C:/Users/tdale19/Desktop/LSTM_Hardware/LSTMpipelined/LSTMpipelined.srcs/sources_1/new/mux.vhd:34' bound to instance 'mux2' of component 'mux' [C:/Users/tdale19/Desktop/LSTM_Hardware/LSTMpipelined/LSTMpipelined.srcs/sources_1/new/gate.vhd:78]
	Parameter widthM bound to: 10000 - type: integer 
INFO: [Synth 8-3491] module 'addMat' declared at 'C:/Users/tdale19/Desktop/LSTM_Hardware/LSTMsingle/LSTMsingle.srcs/sources_1/new/addMat.vhd:6' bound to instance 'calcMemCell' of component 'addMat' [C:/Users/tdale19/Desktop/LSTM_Hardware/LSTMpipelined/LSTMpipelined.srcs/sources_1/new/gate.vhd:80]
INFO: [Synth 8-638] synthesizing module 'addMat' [C:/Users/tdale19/Desktop/LSTM_Hardware/LSTMsingle/LSTMsingle.srcs/sources_1/new/addMat.vhd:15]
	Parameter widthM bound to: 10000 - type: integer 
INFO: [Synth 8-256] done synthesizing module 'addMat' (4#1) [C:/Users/tdale19/Desktop/LSTM_Hardware/LSTMsingle/LSTMsingle.srcs/sources_1/new/addMat.vhd:15]
	Parameter widthM bound to: 10000 - type: integer 
INFO: [Synth 8-3491] module 'tanhGate' declared at 'C:/Users/tdale19/Desktop/LSTM_Hardware/LSTMsingle/LSTMsingle.srcs/sources_1/new/tanhGate.vhd:4' bound to instance 'tanhCalc' of component 'tanhGate' [C:/Users/tdale19/Desktop/LSTM_Hardware/LSTMpipelined/LSTMpipelined.srcs/sources_1/new/gate.vhd:82]
INFO: [Synth 8-638] synthesizing module 'tanhGate' [C:/Users/tdale19/Desktop/LSTM_Hardware/LSTMsingle/LSTMsingle.srcs/sources_1/new/tanhGate.vhd:12]
	Parameter widthM bound to: 10000 - type: integer 
INFO: [Synth 8-256] done synthesizing module 'tanhGate' (5#1) [C:/Users/tdale19/Desktop/LSTM_Hardware/LSTMsingle/LSTMsingle.srcs/sources_1/new/tanhGate.vhd:12]
	Parameter widthM bound to: 10000 - type: integer 
INFO: [Synth 8-3491] module 'sigGate' declared at 'C:/Users/tdale19/Desktop/LSTM_Hardware/LSTMsingle/LSTMsingle.srcs/sources_1/new/sigGate.vhd:6' bound to instance 'sigCalc' of component 'sigGate' [C:/Users/tdale19/Desktop/LSTM_Hardware/LSTMpipelined/LSTMpipelined.srcs/sources_1/new/gate.vhd:83]
INFO: [Synth 8-638] synthesizing module 'sigGate' [C:/Users/tdale19/Desktop/LSTM_Hardware/LSTMsingle/LSTMsingle.srcs/sources_1/new/sigGate.vhd:14]
	Parameter widthM bound to: 10000 - type: integer 
INFO: [Synth 8-256] done synthesizing module 'sigGate' (6#1) [C:/Users/tdale19/Desktop/LSTM_Hardware/LSTMsingle/LSTMsingle.srcs/sources_1/new/sigGate.vhd:14]
	Parameter widthM bound to: 10000 - type: integer 
INFO: [Synth 8-3491] module 'matMatMult' declared at 'C:/Users/tdale19/Desktop/LSTM_Hardware/LSTMsingle/LSTMsingle.srcs/sources_1/new/matMatMult.vhd:6' bound to instance 'hCalc' of component 'matMatMult' [C:/Users/tdale19/Desktop/LSTM_Hardware/LSTMpipelined/LSTMpipelined.srcs/sources_1/new/gate.vhd:89]
INFO: [Synth 8-256] done synthesizing module 'gate' (7#1) [C:/Users/tdale19/Desktop/LSTM_Hardware/LSTMpipelined/LSTMpipelined.srcs/sources_1/new/gate.vhd:25]
WARNING: [Synth 8-6014] Unused sequential element cHold_reg was removed.  [C:/Users/tdale19/Desktop/LSTM_Hardware/LSTMpipelined/LSTMpipelined.srcs/sources_1/new/LSTMtop.vhd:56]
WARNING: [Synth 8-6014] Unused sequential element iHold_reg was removed.  [C:/Users/tdale19/Desktop/LSTM_Hardware/LSTMpipelined/LSTMpipelined.srcs/sources_1/new/LSTMtop.vhd:60]
WARNING: [Synth 8-6014] Unused sequential element fHold_reg was removed.  [C:/Users/tdale19/Desktop/LSTM_Hardware/LSTMpipelined/LSTMpipelined.srcs/sources_1/new/LSTMtop.vhd:64]
WARNING: [Synth 8-6014] Unused sequential element oHold_reg was removed.  [C:/Users/tdale19/Desktop/LSTM_Hardware/LSTMpipelined/LSTMpipelined.srcs/sources_1/new/LSTMtop.vhd:68]
WARNING: [Synth 8-6014] Unused sequential element memCellHold_reg was removed.  [C:/Users/tdale19/Desktop/LSTM_Hardware/LSTMpipelined/LSTMpipelined.srcs/sources_1/new/LSTMtop.vhd:73]
WARNING: [Synth 8-6014] Unused sequential element hHold_reg was removed.  [C:/Users/tdale19/Desktop/LSTM_Hardware/LSTMpipelined/LSTMpipelined.srcs/sources_1/new/LSTMtop.vhd:74]
WARNING: [Synth 8-3848] Net weightX in module/entity LSTMtop does not have driver. [C:/Users/tdale19/Desktop/LSTM_Hardware/LSTMpipelined/LSTMpipelined.srcs/sources_1/new/LSTMtop.vhd:42]
WARNING: [Synth 8-3848] Net weightH in module/entity LSTMtop does not have driver. [C:/Users/tdale19/Desktop/LSTM_Hardware/LSTMpipelined/LSTMpipelined.srcs/sources_1/new/LSTMtop.vhd:42]
WARNING: [Synth 8-3848] Net oldH in module/entity LSTMtop does not have driver. [C:/Users/tdale19/Desktop/LSTM_Hardware/LSTMpipelined/LSTMpipelined.srcs/sources_1/new/LSTMtop.vhd:43]
WARNING: [Synth 8-3848] Net xin in module/entity LSTMtop does not have driver. [C:/Users/tdale19/Desktop/LSTM_Hardware/LSTMpipelined/LSTMpipelined.srcs/sources_1/new/LSTMtop.vhd:43]
WARNING: [Synth 8-3848] Net iIn in module/entity LSTMtop does not have driver. [C:/Users/tdale19/Desktop/LSTM_Hardware/LSTMpipelined/LSTMpipelined.srcs/sources_1/new/LSTMtop.vhd:43]
WARNING: [Synth 8-3848] Net cmIn in module/entity LSTMtop does not have driver. [C:/Users/tdale19/Desktop/LSTM_Hardware/LSTMpipelined/LSTMpipelined.srcs/sources_1/new/LSTMtop.vhd:43]
WARNING: [Synth 8-3848] Net fIn in module/entity LSTMtop does not have driver. [C:/Users/tdale19/Desktop/LSTM_Hardware/LSTMpipelined/LSTMpipelined.srcs/sources_1/new/LSTMtop.vhd:43]
WARNING: [Synth 8-3848] Net oIn in module/entity LSTMtop does not have driver. [C:/Users/tdale19/Desktop/LSTM_Hardware/LSTMpipelined/LSTMpipelined.srcs/sources_1/new/LSTMtop.vhd:43]
WARNING: [Synth 8-3848] Net memIn in module/entity LSTMtop does not have driver. [C:/Users/tdale19/Desktop/LSTM_Hardware/LSTMpipelined/LSTMpipelined.srcs/sources_1/new/LSTMtop.vhd:43]
INFO: [Synth 8-256] done synthesizing module 'LSTMtop' (8#1) [C:/Users/tdale19/Desktop/LSTM_Hardware/LSTMpipelined/LSTMpipelined.srcs/sources_1/new/LSTMtop.vhd:12]
WARNING: [Synth 8-312] ignoring unsynthesizable construct: wait statement with no conditon [C:/Users/tdale19/Desktop/LSTM_Hardware/LSTMpipelined/LSTMpipelined.srcs/sources_1/new/LSTMtester.vhd:20]
INFO: [Synth 8-256] done synthesizing module 'LSTMtester' (9#1) [C:/Users/tdale19/Desktop/LSTM_Hardware/LSTMpipelined/LSTMpipelined.srcs/sources_1/new/LSTMtester.vhd:10]
---------------------------------------------------------------------------------
Finished RTL Elaboration : Time (s): cpu = 00:00:03 ; elapsed = 00:00:03 . Memory (MB): peak = 1521.441 ; gain = 104.590
---------------------------------------------------------------------------------

Report Check Netlist: 
+------+------------------+-------+---------+-------+------------------+
|      |Item              |Errors |Warnings |Status |Description       |
+------+------------------+-------+---------+-------+------------------+
|1     |multi_driven_nets |      0|        0|Passed |Multi driven nets |
+------+------------------+-------+---------+-------+------------------+
WARNING: [Synth 8-3295] tying undriven pin theGate:weightX[1000] to constant 0 [C:/Users/tdale19/Desktop/LSTM_Hardware/LSTMpipelined/LSTMpipelined.srcs/sources_1/new/LSTMtop.vhd:46]
WARNING: [Synth 8-3295] tying undriven pin theGate:weightX[999] to constant 0 [C:/Users/tdale19/Desktop/LSTM_Hardware/LSTMpipelined/LSTMpipelined.srcs/sources_1/new/LSTMtop.vhd:46]
WARNING: [Synth 8-3295] tying undriven pin theGate:weightX[998] to constant 0 [C:/Users/tdale19/Desktop/LSTM_Hardware/LSTMpipelined/LSTMpipelined.srcs/sources_1/new/LSTMtop.vhd:46]
WARNING: [Synth 8-3295] tying undriven pin theGate:weightX[997] to constant 0 [C:/Users/tdale19/Desktop/LSTM_Hardware/LSTMpipelined/LSTMpipelined.srcs/sources_1/new/LSTMtop.vhd:46]
WARNING: [Synth 8-3295] tying undriven pin theGate:weightX[996] to constant 0 [C:/Users/tdale19/Desktop/LSTM_Hardware/LSTMpipelined/LSTMpipelined.srcs/sources_1/new/LSTMtop.vhd:46]
WARNING: [Synth 8-3295] tying undriven pin theGate:weightX[995] to constant 0 [C:/Users/tdale19/Desktop/LSTM_Hardware/LSTMpipelined/LSTMpipelined.srcs/sources_1/new/LSTMtop.vhd:46]
WARNING: [Synth 8-3295] tying undriven pin theGate:weightX[994] to constant 0 [C:/Users/tdale19/Desktop/LSTM_Hardware/LSTMpipelined/LSTMpipelined.srcs/sources_1/new/LSTMtop.vhd:46]
WARNING: [Synth 8-3295] tying undriven pin theGate:weightX[993] to constant 0 [C:/Users/tdale19/Desktop/LSTM_Hardware/LSTMpipelined/LSTMpipelined.srcs/sources_1/new/LSTMtop.vhd:46]
WARNING: [Synth 8-3295] tying undriven pin theGate:weightX[992] to constant 0 [C:/Users/tdale19/Desktop/LSTM_Hardware/LSTMpipelined/LSTMpipelined.srcs/sources_1/new/LSTMtop.vhd:46]
WARNING: [Synth 8-3295] tying undriven pin theGate:weightX[991] to constant 0 [C:/Users/tdale19/Desktop/LSTM_Hardware/LSTMpipelined/LSTMpipelined.srcs/sources_1/new/LSTMtop.vhd:46]
WARNING: [Synth 8-3295] tying undriven pin theGate:weightX[990] to constant 0 [C:/Users/tdale19/Desktop/LSTM_Hardware/LSTMpipelined/LSTMpipelined.srcs/sources_1/new/LSTMtop.vhd:46]
WARNING: [Synth 8-3295] tying undriven pin theGate:weightX[989] to constant 0 [C:/Users/tdale19/Desktop/LSTM_Hardware/LSTMpipelined/LSTMpipelined.srcs/sources_1/new/LSTMtop.vhd:46]
WARNING: [Synth 8-3295] tying undriven pin theGate:weightX[988] to constant 0 [C:/Users/tdale19/Desktop/LSTM_Hardware/LSTMpipelined/LSTMpipelined.srcs/sources_1/new/LSTMtop.vhd:46]
WARNING: [Synth 8-3295] tying undriven pin theGate:weightX[987] to constant 0 [C:/Users/tdale19/Desktop/LSTM_Hardware/LSTMpipelined/LSTMpipelined.srcs/sources_1/new/LSTMtop.vhd:46]
WARNING: [Synth 8-3295] tying undriven pin theGate:weightX[986] to constant 0 [C:/Users/tdale19/Desktop/LSTM_Hardware/LSTMpipelined/LSTMpipelined.srcs/sources_1/new/LSTMtop.vhd:46]
WARNING: [Synth 8-3295] tying undriven pin theGate:weightX[985] to constant 0 [C:/Users/tdale19/Desktop/LSTM_Hardware/LSTMpipelined/LSTMpipelined.srcs/sources_1/new/LSTMtop.vhd:46]
WARNING: [Synth 8-3295] tying undriven pin theGate:weightX[984] to constant 0 [C:/Users/tdale19/Desktop/LSTM_Hardware/LSTMpipelined/LSTMpipelined.srcs/sources_1/new/LSTMtop.vhd:46]
WARNING: [Synth 8-3295] tying undriven pin theGate:weightX[983] to constant 0 [C:/Users/tdale19/Desktop/LSTM_Hardware/LSTMpipelined/LSTMpipelined.srcs/sources_1/new/LSTMtop.vhd:46]
WARNING: [Synth 8-3295] tying undriven pin theGate:weightX[982] to constant 0 [C:/Users/tdale19/Desktop/LSTM_Hardware/LSTMpipelined/LSTMpipelined.srcs/sources_1/new/LSTMtop.vhd:46]
WARNING: [Synth 8-3295] tying undriven pin theGate:weightX[981] to constant 0 [C:/Users/tdale19/Desktop/LSTM_Hardware/LSTMpipelined/LSTMpipelined.srcs/sources_1/new/LSTMtop.vhd:46]
WARNING: [Synth 8-3295] tying undriven pin theGate:weightX[980] to constant 0 [C:/Users/tdale19/Desktop/LSTM_Hardware/LSTMpipelined/LSTMpipelined.srcs/sources_1/new/LSTMtop.vhd:46]
WARNING: [Synth 8-3295] tying undriven pin theGate:weightX[979] to constant 0 [C:/Users/tdale19/Desktop/LSTM_Hardware/LSTMpipelined/LSTMpipelined.srcs/sources_1/new/LSTMtop.vhd:46]
WARNING: [Synth 8-3295] tying undriven pin theGate:weightX[978] to constant 0 [C:/Users/tdale19/Desktop/LSTM_Hardware/LSTMpipelined/LSTMpipelined.srcs/sources_1/new/LSTMtop.vhd:46]
WARNING: [Synth 8-3295] tying undriven pin theGate:weightX[977] to constant 0 [C:/Users/tdale19/Desktop/LSTM_Hardware/LSTMpipelined/LSTMpipelined.srcs/sources_1/new/LSTMtop.vhd:46]
WARNING: [Synth 8-3295] tying undriven pin theGate:weightX[976] to constant 0 [C:/Users/tdale19/Desktop/LSTM_Hardware/LSTMpipelined/LSTMpipelined.srcs/sources_1/new/LSTMtop.vhd:46]
WARNING: [Synth 8-3295] tying undriven pin theGate:weightX[975] to constant 0 [C:/Users/tdale19/Desktop/LSTM_Hardware/LSTMpipelined/LSTMpipelined.srcs/sources_1/new/LSTMtop.vhd:46]
WARNING: [Synth 8-3295] tying undriven pin theGate:weightX[974] to constant 0 [C:/Users/tdale19/Desktop/LSTM_Hardware/LSTMpipelined/LSTMpipelined.srcs/sources_1/new/LSTMtop.vhd:46]
WARNING: [Synth 8-3295] tying undriven pin theGate:weightX[973] to constant 0 [C:/Users/tdale19/Desktop/LSTM_Hardware/LSTMpipelined/LSTMpipelined.srcs/sources_1/new/LSTMtop.vhd:46]
WARNING: [Synth 8-3295] tying undriven pin theGate:weightX[972] to constant 0 [C:/Users/tdale19/Desktop/LSTM_Hardware/LSTMpipelined/LSTMpipelined.srcs/sources_1/new/LSTMtop.vhd:46]
WARNING: [Synth 8-3295] tying undriven pin theGate:weightX[971] to constant 0 [C:/Users/tdale19/Desktop/LSTM_Hardware/LSTMpipelined/LSTMpipelined.srcs/sources_1/new/LSTMtop.vhd:46]
WARNING: [Synth 8-3295] tying undriven pin theGate:weightX[970] to constant 0 [C:/Users/tdale19/Desktop/LSTM_Hardware/LSTMpipelined/LSTMpipelined.srcs/sources_1/new/LSTMtop.vhd:46]
WARNING: [Synth 8-3295] tying undriven pin theGate:weightX[969] to constant 0 [C:/Users/tdale19/Desktop/LSTM_Hardware/LSTMpipelined/LSTMpipelined.srcs/sources_1/new/LSTMtop.vhd:46]
WARNING: [Synth 8-3295] tying undriven pin theGate:weightX[968] to constant 0 [C:/Users/tdale19/Desktop/LSTM_Hardware/LSTMpipelined/LSTMpipelined.srcs/sources_1/new/LSTMtop.vhd:46]
WARNING: [Synth 8-3295] tying undriven pin theGate:weightX[967] to constant 0 [C:/Users/tdale19/Desktop/LSTM_Hardware/LSTMpipelined/LSTMpipelined.srcs/sources_1/new/LSTMtop.vhd:46]
WARNING: [Synth 8-3295] tying undriven pin theGate:weightX[966] to constant 0 [C:/Users/tdale19/Desktop/LSTM_Hardware/LSTMpipelined/LSTMpipelined.srcs/sources_1/new/LSTMtop.vhd:46]
WARNING: [Synth 8-3295] tying undriven pin theGate:weightX[965] to constant 0 [C:/Users/tdale19/Desktop/LSTM_Hardware/LSTMpipelined/LSTMpipelined.srcs/sources_1/new/LSTMtop.vhd:46]
WARNING: [Synth 8-3295] tying undriven pin theGate:weightX[964] to constant 0 [C:/Users/tdale19/Desktop/LSTM_Hardware/LSTMpipelined/LSTMpipelined.srcs/sources_1/new/LSTMtop.vhd:46]
WARNING: [Synth 8-3295] tying undriven pin theGate:weightX[963] to constant 0 [C:/Users/tdale19/Desktop/LSTM_Hardware/LSTMpipelined/LSTMpipelined.srcs/sources_1/new/LSTMtop.vhd:46]
WARNING: [Synth 8-3295] tying undriven pin theGate:weightX[962] to constant 0 [C:/Users/tdale19/Desktop/LSTM_Hardware/LSTMpipelined/LSTMpipelined.srcs/sources_1/new/LSTMtop.vhd:46]
WARNING: [Synth 8-3295] tying undriven pin theGate:weightX[961] to constant 0 [C:/Users/tdale19/Desktop/LSTM_Hardware/LSTMpipelined/LSTMpipelined.srcs/sources_1/new/LSTMtop.vhd:46]
WARNING: [Synth 8-3295] tying undriven pin theGate:weightX[960] to constant 0 [C:/Users/tdale19/Desktop/LSTM_Hardware/LSTMpipelined/LSTMpipelined.srcs/sources_1/new/LSTMtop.vhd:46]
WARNING: [Synth 8-3295] tying undriven pin theGate:weightX[959] to constant 0 [C:/Users/tdale19/Desktop/LSTM_Hardware/LSTMpipelined/LSTMpipelined.srcs/sources_1/new/LSTMtop.vhd:46]
WARNING: [Synth 8-3295] tying undriven pin theGate:weightX[958] to constant 0 [C:/Users/tdale19/Desktop/LSTM_Hardware/LSTMpipelined/LSTMpipelined.srcs/sources_1/new/LSTMtop.vhd:46]
WARNING: [Synth 8-3295] tying undriven pin theGate:weightX[957] to constant 0 [C:/Users/tdale19/Desktop/LSTM_Hardware/LSTMpipelined/LSTMpipelined.srcs/sources_1/new/LSTMtop.vhd:46]
WARNING: [Synth 8-3295] tying undriven pin theGate:weightX[956] to constant 0 [C:/Users/tdale19/Desktop/LSTM_Hardware/LSTMpipelined/LSTMpipelined.srcs/sources_1/new/LSTMtop.vhd:46]
WARNING: [Synth 8-3295] tying undriven pin theGate:weightX[955] to constant 0 [C:/Users/tdale19/Desktop/LSTM_Hardware/LSTMpipelined/LSTMpipelined.srcs/sources_1/new/LSTMtop.vhd:46]
WARNING: [Synth 8-3295] tying undriven pin theGate:weightX[954] to constant 0 [C:/Users/tdale19/Desktop/LSTM_Hardware/LSTMpipelined/LSTMpipelined.srcs/sources_1/new/LSTMtop.vhd:46]
WARNING: [Synth 8-3295] tying undriven pin theGate:weightX[953] to constant 0 [C:/Users/tdale19/Desktop/LSTM_Hardware/LSTMpipelined/LSTMpipelined.srcs/sources_1/new/LSTMtop.vhd:46]
WARNING: [Synth 8-3295] tying undriven pin theGate:weightX[952] to constant 0 [C:/Users/tdale19/Desktop/LSTM_Hardware/LSTMpipelined/LSTMpipelined.srcs/sources_1/new/LSTMtop.vhd:46]
WARNING: [Synth 8-3295] tying undriven pin theGate:weightX[951] to constant 0 [C:/Users/tdale19/Desktop/LSTM_Hardware/LSTMpipelined/LSTMpipelined.srcs/sources_1/new/LSTMtop.vhd:46]
WARNING: [Synth 8-3295] tying undriven pin theGate:weightX[950] to constant 0 [C:/Users/tdale19/Desktop/LSTM_Hardware/LSTMpipelined/LSTMpipelined.srcs/sources_1/new/LSTMtop.vhd:46]
WARNING: [Synth 8-3295] tying undriven pin theGate:weightX[949] to constant 0 [C:/Users/tdale19/Desktop/LSTM_Hardware/LSTMpipelined/LSTMpipelined.srcs/sources_1/new/LSTMtop.vhd:46]
WARNING: [Synth 8-3295] tying undriven pin theGate:weightX[948] to constant 0 [C:/Users/tdale19/Desktop/LSTM_Hardware/LSTMpipelined/LSTMpipelined.srcs/sources_1/new/LSTMtop.vhd:46]
WARNING: [Synth 8-3295] tying undriven pin theGate:weightX[947] to constant 0 [C:/Users/tdale19/Desktop/LSTM_Hardware/LSTMpipelined/LSTMpipelined.srcs/sources_1/new/LSTMtop.vhd:46]
WARNING: [Synth 8-3295] tying undriven pin theGate:weightX[946] to constant 0 [C:/Users/tdale19/Desktop/LSTM_Hardware/LSTMpipelined/LSTMpipelined.srcs/sources_1/new/LSTMtop.vhd:46]
WARNING: [Synth 8-3295] tying undriven pin theGate:weightX[945] to constant 0 [C:/Users/tdale19/Desktop/LSTM_Hardware/LSTMpipelined/LSTMpipelined.srcs/sources_1/new/LSTMtop.vhd:46]
WARNING: [Synth 8-3295] tying undriven pin theGate:weightX[944] to constant 0 [C:/Users/tdale19/Desktop/LSTM_Hardware/LSTMpipelined/LSTMpipelined.srcs/sources_1/new/LSTMtop.vhd:46]
WARNING: [Synth 8-3295] tying undriven pin theGate:weightX[943] to constant 0 [C:/Users/tdale19/Desktop/LSTM_Hardware/LSTMpipelined/LSTMpipelined.srcs/sources_1/new/LSTMtop.vhd:46]
WARNING: [Synth 8-3295] tying undriven pin theGate:weightX[942] to constant 0 [C:/Users/tdale19/Desktop/LSTM_Hardware/LSTMpipelined/LSTMpipelined.srcs/sources_1/new/LSTMtop.vhd:46]
WARNING: [Synth 8-3295] tying undriven pin theGate:weightX[941] to constant 0 [C:/Users/tdale19/Desktop/LSTM_Hardware/LSTMpipelined/LSTMpipelined.srcs/sources_1/new/LSTMtop.vhd:46]
WARNING: [Synth 8-3295] tying undriven pin theGate:weightX[940] to constant 0 [C:/Users/tdale19/Desktop/LSTM_Hardware/LSTMpipelined/LSTMpipelined.srcs/sources_1/new/LSTMtop.vhd:46]
WARNING: [Synth 8-3295] tying undriven pin theGate:weightX[939] to constant 0 [C:/Users/tdale19/Desktop/LSTM_Hardware/LSTMpipelined/LSTMpipelined.srcs/sources_1/new/LSTMtop.vhd:46]
WARNING: [Synth 8-3295] tying undriven pin theGate:weightX[938] to constant 0 [C:/Users/tdale19/Desktop/LSTM_Hardware/LSTMpipelined/LSTMpipelined.srcs/sources_1/new/LSTMtop.vhd:46]
WARNING: [Synth 8-3295] tying undriven pin theGate:weightX[937] to constant 0 [C:/Users/tdale19/Desktop/LSTM_Hardware/LSTMpipelined/LSTMpipelined.srcs/sources_1/new/LSTMtop.vhd:46]
WARNING: [Synth 8-3295] tying undriven pin theGate:weightX[936] to constant 0 [C:/Users/tdale19/Desktop/LSTM_Hardware/LSTMpipelined/LSTMpipelined.srcs/sources_1/new/LSTMtop.vhd:46]
WARNING: [Synth 8-3295] tying undriven pin theGate:weightX[935] to constant 0 [C:/Users/tdale19/Desktop/LSTM_Hardware/LSTMpipelined/LSTMpipelined.srcs/sources_1/new/LSTMtop.vhd:46]
WARNING: [Synth 8-3295] tying undriven pin theGate:weightX[934] to constant 0 [C:/Users/tdale19/Desktop/LSTM_Hardware/LSTMpipelined/LSTMpipelined.srcs/sources_1/new/LSTMtop.vhd:46]
WARNING: [Synth 8-3295] tying undriven pin theGate:weightX[933] to constant 0 [C:/Users/tdale19/Desktop/LSTM_Hardware/LSTMpipelined/LSTMpipelined.srcs/sources_1/new/LSTMtop.vhd:46]
WARNING: [Synth 8-3295] tying undriven pin theGate:weightX[932] to constant 0 [C:/Users/tdale19/Desktop/LSTM_Hardware/LSTMpipelined/LSTMpipelined.srcs/sources_1/new/LSTMtop.vhd:46]
WARNING: [Synth 8-3295] tying undriven pin theGate:weightX[931] to constant 0 [C:/Users/tdale19/Desktop/LSTM_Hardware/LSTMpipelined/LSTMpipelined.srcs/sources_1/new/LSTMtop.vhd:46]
WARNING: [Synth 8-3295] tying undriven pin theGate:weightX[930] to constant 0 [C:/Users/tdale19/Desktop/LSTM_Hardware/LSTMpipelined/LSTMpipelined.srcs/sources_1/new/LSTMtop.vhd:46]
WARNING: [Synth 8-3295] tying undriven pin theGate:weightX[929] to constant 0 [C:/Users/tdale19/Desktop/LSTM_Hardware/LSTMpipelined/LSTMpipelined.srcs/sources_1/new/LSTMtop.vhd:46]
WARNING: [Synth 8-3295] tying undriven pin theGate:weightX[928] to constant 0 [C:/Users/tdale19/Desktop/LSTM_Hardware/LSTMpipelined/LSTMpipelined.srcs/sources_1/new/LSTMtop.vhd:46]
WARNING: [Synth 8-3295] tying undriven pin theGate:weightX[927] to constant 0 [C:/Users/tdale19/Desktop/LSTM_Hardware/LSTMpipelined/LSTMpipelined.srcs/sources_1/new/LSTMtop.vhd:46]
WARNING: [Synth 8-3295] tying undriven pin theGate:weightX[926] to constant 0 [C:/Users/tdale19/Desktop/LSTM_Hardware/LSTMpipelined/LSTMpipelined.srcs/sources_1/new/LSTMtop.vhd:46]
WARNING: [Synth 8-3295] tying undriven pin theGate:weightX[925] to constant 0 [C:/Users/tdale19/Desktop/LSTM_Hardware/LSTMpipelined/LSTMpipelined.srcs/sources_1/new/LSTMtop.vhd:46]
WARNING: [Synth 8-3295] tying undriven pin theGate:weightX[924] to constant 0 [C:/Users/tdale19/Desktop/LSTM_Hardware/LSTMpipelined/LSTMpipelined.srcs/sources_1/new/LSTMtop.vhd:46]
WARNING: [Synth 8-3295] tying undriven pin theGate:weightX[923] to constant 0 [C:/Users/tdale19/Desktop/LSTM_Hardware/LSTMpipelined/LSTMpipelined.srcs/sources_1/new/LSTMtop.vhd:46]
WARNING: [Synth 8-3295] tying undriven pin theGate:weightX[922] to constant 0 [C:/Users/tdale19/Desktop/LSTM_Hardware/LSTMpipelined/LSTMpipelined.srcs/sources_1/new/LSTMtop.vhd:46]
WARNING: [Synth 8-3295] tying undriven pin theGate:weightX[921] to constant 0 [C:/Users/tdale19/Desktop/LSTM_Hardware/LSTMpipelined/LSTMpipelined.srcs/sources_1/new/LSTMtop.vhd:46]
WARNING: [Synth 8-3295] tying undriven pin theGate:weightX[920] to constant 0 [C:/Users/tdale19/Desktop/LSTM_Hardware/LSTMpipelined/LSTMpipelined.srcs/sources_1/new/LSTMtop.vhd:46]
WARNING: [Synth 8-3295] tying undriven pin theGate:weightX[919] to constant 0 [C:/Users/tdale19/Desktop/LSTM_Hardware/LSTMpipelined/LSTMpipelined.srcs/sources_1/new/LSTMtop.vhd:46]
WARNING: [Synth 8-3295] tying undriven pin theGate:weightX[918] to constant 0 [C:/Users/tdale19/Desktop/LSTM_Hardware/LSTMpipelined/LSTMpipelined.srcs/sources_1/new/LSTMtop.vhd:46]
WARNING: [Synth 8-3295] tying undriven pin theGate:weightX[917] to constant 0 [C:/Users/tdale19/Desktop/LSTM_Hardware/LSTMpipelined/LSTMpipelined.srcs/sources_1/new/LSTMtop.vhd:46]
WARNING: [Synth 8-3295] tying undriven pin theGate:weightX[916] to constant 0 [C:/Users/tdale19/Desktop/LSTM_Hardware/LSTMpipelined/LSTMpipelined.srcs/sources_1/new/LSTMtop.vhd:46]
WARNING: [Synth 8-3295] tying undriven pin theGate:weightX[915] to constant 0 [C:/Users/tdale19/Desktop/LSTM_Hardware/LSTMpipelined/LSTMpipelined.srcs/sources_1/new/LSTMtop.vhd:46]
WARNING: [Synth 8-3295] tying undriven pin theGate:weightX[914] to constant 0 [C:/Users/tdale19/Desktop/LSTM_Hardware/LSTMpipelined/LSTMpipelined.srcs/sources_1/new/LSTMtop.vhd:46]
WARNING: [Synth 8-3295] tying undriven pin theGate:weightX[913] to constant 0 [C:/Users/tdale19/Desktop/LSTM_Hardware/LSTMpipelined/LSTMpipelined.srcs/sources_1/new/LSTMtop.vhd:46]
WARNING: [Synth 8-3295] tying undriven pin theGate:weightX[912] to constant 0 [C:/Users/tdale19/Desktop/LSTM_Hardware/LSTMpipelined/LSTMpipelined.srcs/sources_1/new/LSTMtop.vhd:46]
WARNING: [Synth 8-3295] tying undriven pin theGate:weightX[911] to constant 0 [C:/Users/tdale19/Desktop/LSTM_Hardware/LSTMpipelined/LSTMpipelined.srcs/sources_1/new/LSTMtop.vhd:46]
WARNING: [Synth 8-3295] tying undriven pin theGate:weightX[910] to constant 0 [C:/Users/tdale19/Desktop/LSTM_Hardware/LSTMpipelined/LSTMpipelined.srcs/sources_1/new/LSTMtop.vhd:46]
WARNING: [Synth 8-3295] tying undriven pin theGate:weightX[909] to constant 0 [C:/Users/tdale19/Desktop/LSTM_Hardware/LSTMpipelined/LSTMpipelined.srcs/sources_1/new/LSTMtop.vhd:46]
WARNING: [Synth 8-3295] tying undriven pin theGate:weightX[908] to constant 0 [C:/Users/tdale19/Desktop/LSTM_Hardware/LSTMpipelined/LSTMpipelined.srcs/sources_1/new/LSTMtop.vhd:46]
WARNING: [Synth 8-3295] tying undriven pin theGate:weightX[907] to constant 0 [C:/Users/tdale19/Desktop/LSTM_Hardware/LSTMpipelined/LSTMpipelined.srcs/sources_1/new/LSTMtop.vhd:46]
WARNING: [Synth 8-3295] tying undriven pin theGate:weightX[906] to constant 0 [C:/Users/tdale19/Desktop/LSTM_Hardware/LSTMpipelined/LSTMpipelined.srcs/sources_1/new/LSTMtop.vhd:46]
WARNING: [Synth 8-3295] tying undriven pin theGate:weightX[905] to constant 0 [C:/Users/tdale19/Desktop/LSTM_Hardware/LSTMpipelined/LSTMpipelined.srcs/sources_1/new/LSTMtop.vhd:46]
WARNING: [Synth 8-3295] tying undriven pin theGate:weightX[904] to constant 0 [C:/Users/tdale19/Desktop/LSTM_Hardware/LSTMpipelined/LSTMpipelined.srcs/sources_1/new/LSTMtop.vhd:46]
WARNING: [Synth 8-3295] tying undriven pin theGate:weightX[903] to constant 0 [C:/Users/tdale19/Desktop/LSTM_Hardware/LSTMpipelined/LSTMpipelined.srcs/sources_1/new/LSTMtop.vhd:46]
WARNING: [Synth 8-3295] tying undriven pin theGate:weightX[902] to constant 0 [C:/Users/tdale19/Desktop/LSTM_Hardware/LSTMpipelined/LSTMpipelined.srcs/sources_1/new/LSTMtop.vhd:46]
WARNING: [Synth 8-3295] tying undriven pin theGate:weightX[901] to constant 0 [C:/Users/tdale19/Desktop/LSTM_Hardware/LSTMpipelined/LSTMpipelined.srcs/sources_1/new/LSTMtop.vhd:46]
INFO: [Common 17-14] Message 'Synth 8-3295' appears 100 times and further instances of the messages will be disabled. Use the Tcl command set_msg_config to change the current settings.
---------------------------------------------------------------------------------
Start Handling Custom Attributes
---------------------------------------------------------------------------------
---------------------------------------------------------------------------------
Finished Handling Custom Attributes : Time (s): cpu = 00:00:11 ; elapsed = 00:00:08 . Memory (MB): peak = 1521.441 ; gain = 104.590
---------------------------------------------------------------------------------
---------------------------------------------------------------------------------
Finished RTL Optimization Phase 1 : Time (s): cpu = 00:00:11 ; elapsed = 00:00:08 . Memory (MB): peak = 1521.441 ; gain = 104.590
---------------------------------------------------------------------------------
INFO: [Project 1-570] Preparing netlist for logic optimization

Processing XDC Constraints
Initializing timing engine
Completed Processing XDC Constraints

INFO: [Opt 31-138] Pushed 0 inverter(s) to 0 load pin(s).
refresh_design: Time (s): cpu = 00:00:31 ; elapsed = 00:00:23 . Memory (MB): peak = 1743.934 ; gain = 327.082
launch_runs synth_1 -jobs 4
[Tue Nov 27 15:09:05 2018] Launched synth_1...
Run output will be captured here: C:/Users/tdale19/Desktop/LSTM_Hardware/LSTMpipelined/LSTMpipelined.runs/synth_1/runme.log
close_design
open_run synth_1 -name synth_1
Design is defaulting to impl run constrset: constrs_1
Design is defaulting to synth run part: xc7a100tcsg324-1
INFO: [Project 1-479] Netlist was created with Vivado 2018.2.1
INFO: [Project 1-570] Preparing netlist for logic optimization
INFO: [Opt 31-138] Pushed 0 inverter(s) to 0 load pin(s).
INFO: [Project 1-111] Unisim Transformation Summary:
No Unisim elements were transformed.

report_power -name {power_1}
Command: report_power -name power_1
INFO: [Timing 38-35] Done setting XDC timing constraints.
WARNING: [Power 33-232] No user defined clocks were found in the design!
Resolution: Please specify clocks using create_clock/create_generated_clock for sequential elements. For pure combinatorial circuits, please specify a virtual clock, otherwise the vectorless estimation might be inaccurate
Running Vector-less Activity Propagation...

Finished Running Vector-less Activity Propagation
1 Infos, 1 Warnings, 0 Critical Warnings and 0 Errors encountered.
report_power completed successfully
reset_run synth_1
launch_runs synth_1 -jobs 8
[Tue Nov 27 15:16:00 2018] Launched synth_1...
Run output will be captured here: C:/Users/tdale19/Desktop/LSTM_Hardware/LSTMpipelined/LSTMpipelined.runs/synth_1/runme.log
reset_run synth_1
close_design
synth_design -rtl -name rtl_1
Command: synth_design -rtl -name rtl_1
Starting synth_design
Using part: xc7a100tcsg324-1
Top: LSTMtester
---------------------------------------------------------------------------------
Starting RTL Elaboration : Time (s): cpu = 00:00:02 ; elapsed = 00:00:03 . Memory (MB): peak = 2360.156 ; gain = 0.000
---------------------------------------------------------------------------------
INFO: [Common 17-41] Interrupt caught. Command should exit soon.
INFO: [Common 17-344] 'source' was cancelled
2 Infos, 0 Warnings, 0 Critical Warnings and 0 Errors encountered.
synth_design completed successfully
INFO: [Common 17-344] 'synth_design' was cancelled
launch_runs synth_1 -jobs 8
[Tue Nov 27 15:34:48 2018] Launched synth_1...
Run output will be captured here: C:/Users/tdale19/Desktop/LSTM_Hardware/LSTMpipelined/LSTMpipelined.runs/synth_1/runme.log
open_run synth_1 -name synth_1
Design is defaulting to impl run constrset: constrs_1
Design is defaulting to synth run part: xc7a100tcsg324-1
INFO: [Project 1-479] Netlist was created with Vivado 2018.2.1
INFO: [Project 1-570] Preparing netlist for logic optimization
INFO: [Opt 31-138] Pushed 0 inverter(s) to 0 load pin(s).
INFO: [Project 1-111] Unisim Transformation Summary:
No Unisim elements were transformed.

close_design
synth_design -rtl -name rtl_1
Command: synth_design -rtl -name rtl_1
Starting synth_design
Using part: xc7a100tcsg324-1
Top: LSTMtester
---------------------------------------------------------------------------------
Starting RTL Elaboration : Time (s): cpu = 00:00:02 ; elapsed = 00:00:02 . Memory (MB): peak = 2360.156 ; gain = 0.000
---------------------------------------------------------------------------------
INFO: [Synth 8-638] synthesizing module 'LSTMtester' [C:/Users/tdale19/Desktop/LSTM_Hardware/LSTMpipelined/LSTMpipelined.srcs/sources_1/new/LSTMtester.vhd:10]
	Parameter widthV bound to: 10 - type: integer 
	Parameter widthM bound to: 100 - type: integer 
INFO: [Synth 8-3491] module 'LSTMtop' declared at 'C:/Users/tdale19/Desktop/LSTM_Hardware/LSTMpipelined/LSTMpipelined.srcs/sources_1/new/LSTMtop.vhd:8' bound to instance 'top' of component 'LSTMtop' [C:/Users/tdale19/Desktop/LSTM_Hardware/LSTMpipelined/LSTMpipelined.srcs/sources_1/new/LSTMtester.vhd:25]
INFO: [Synth 8-638] synthesizing module 'LSTMtop' [C:/Users/tdale19/Desktop/LSTM_Hardware/LSTMpipelined/LSTMpipelined.srcs/sources_1/new/LSTMtop.vhd:16]
	Parameter widthV bound to: 10 - type: integer 
	Parameter widthM bound to: 100 - type: integer 
	Parameter widthV bound to: 10 - type: integer 
	Parameter widthM bound to: 100 - type: integer 
INFO: [Synth 8-3491] module 'gate' declared at 'C:/Users/tdale19/Desktop/LSTM_Hardware/LSTMpipelined/LSTMpipelined.srcs/sources_1/new/gate.vhd:5' bound to instance 'theGate' of component 'gate' [C:/Users/tdale19/Desktop/LSTM_Hardware/LSTMpipelined/LSTMpipelined.srcs/sources_1/new/LSTMtop.vhd:47]
INFO: [Synth 8-638] synthesizing module 'gate' [C:/Users/tdale19/Desktop/LSTM_Hardware/LSTMpipelined/LSTMpipelined.srcs/sources_1/new/gate.vhd:25]
	Parameter widthV bound to: 10 - type: integer 
	Parameter widthM bound to: 100 - type: integer 
	Parameter widthV bound to: 10 - type: integer 
	Parameter widthM bound to: 100 - type: integer 
INFO: [Synth 8-3491] module 'vectMatMult' declared at 'C:/Users/tdale19/Desktop/LSTM_Hardware/LSTMsingle/LSTMsingle.srcs/sources_1/new/vectMatMult.vhd:7' bound to instance 'multX' of component 'vectMatMult' [C:/Users/tdale19/Desktop/LSTM_Hardware/LSTMpipelined/LSTMpipelined.srcs/sources_1/new/gate.vhd:71]
INFO: [Synth 8-638] synthesizing module 'vectMatMult' [C:/Users/tdale19/Desktop/LSTM_Hardware/LSTMsingle/LSTMsingle.srcs/sources_1/new/vectMatMult.vhd:16]
	Parameter widthV bound to: 10 - type: integer 
	Parameter widthM bound to: 100 - type: integer 
INFO: [Synth 8-256] done synthesizing module 'vectMatMult' (1#1) [C:/Users/tdale19/Desktop/LSTM_Hardware/LSTMsingle/LSTMsingle.srcs/sources_1/new/vectMatMult.vhd:16]
	Parameter widthV bound to: 10 - type: integer 
	Parameter widthM bound to: 100 - type: integer 
INFO: [Synth 8-3491] module 'vectMatMult' declared at 'C:/Users/tdale19/Desktop/LSTM_Hardware/LSTMsingle/LSTMsingle.srcs/sources_1/new/vectMatMult.vhd:7' bound to instance 'multH' of component 'vectMatMult' [C:/Users/tdale19/Desktop/LSTM_Hardware/LSTMpipelined/LSTMpipelined.srcs/sources_1/new/gate.vhd:72]
	Parameter widthM bound to: 100 - type: integer 
INFO: [Synth 8-3491] module 'matMatMult' declared at 'C:/Users/tdale19/Desktop/LSTM_Hardware/LSTMsingle/LSTMsingle.srcs/sources_1/new/matMatMult.vhd:6' bound to instance 'multIC' of component 'matMatMult' [C:/Users/tdale19/Desktop/LSTM_Hardware/LSTMpipelined/LSTMpipelined.srcs/sources_1/new/gate.vhd:74]
INFO: [Synth 8-638] synthesizing module 'matMatMult' [C:/Users/tdale19/Desktop/LSTM_Hardware/LSTMsingle/LSTMsingle.srcs/sources_1/new/matMatMult.vhd:15]
	Parameter widthM bound to: 100 - type: integer 
INFO: [Synth 8-256] done synthesizing module 'matMatMult' (2#1) [C:/Users/tdale19/Desktop/LSTM_Hardware/LSTMsingle/LSTMsingle.srcs/sources_1/new/matMatMult.vhd:15]
	Parameter widthM bound to: 100 - type: integer 
INFO: [Synth 8-3491] module 'matMatMult' declared at 'C:/Users/tdale19/Desktop/LSTM_Hardware/LSTMsingle/LSTMsingle.srcs/sources_1/new/matMatMult.vhd:6' bound to instance 'multFC' of component 'matMatMult' [C:/Users/tdale19/Desktop/LSTM_Hardware/LSTMpipelined/LSTMpipelined.srcs/sources_1/new/gate.vhd:75]
	Parameter widthM bound to: 100 - type: integer 
INFO: [Synth 8-3491] module 'mux' declared at 'C:/Users/tdale19/Desktop/LSTM_Hardware/LSTMpipelined/LSTMpipelined.srcs/sources_1/new/mux.vhd:34' bound to instance 'mux1' of component 'mux' [C:/Users/tdale19/Desktop/LSTM_Hardware/LSTMpipelined/LSTMpipelined.srcs/sources_1/new/gate.vhd:77]
INFO: [Synth 8-638] synthesizing module 'mux' [C:/Users/tdale19/Desktop/LSTM_Hardware/LSTMpipelined/LSTMpipelined.srcs/sources_1/new/mux.vhd:43]
	Parameter widthM bound to: 100 - type: integer 
WARNING: [Synth 8-614] signal 'a' is read in the process but is not in the sensitivity list [C:/Users/tdale19/Desktop/LSTM_Hardware/LSTMpipelined/LSTMpipelined.srcs/sources_1/new/mux.vhd:46]
WARNING: [Synth 8-614] signal 'b' is read in the process but is not in the sensitivity list [C:/Users/tdale19/Desktop/LSTM_Hardware/LSTMpipelined/LSTMpipelined.srcs/sources_1/new/mux.vhd:46]
INFO: [Synth 8-256] done synthesizing module 'mux' (3#1) [C:/Users/tdale19/Desktop/LSTM_Hardware/LSTMpipelined/LSTMpipelined.srcs/sources_1/new/mux.vhd:43]
	Parameter widthM bound to: 100 - type: integer 
INFO: [Synth 8-3491] module 'mux' declared at 'C:/Users/tdale19/Desktop/LSTM_Hardware/LSTMpipelined/LSTMpipelined.srcs/sources_1/new/mux.vhd:34' bound to instance 'mux2' of component 'mux' [C:/Users/tdale19/Desktop/LSTM_Hardware/LSTMpipelined/LSTMpipelined.srcs/sources_1/new/gate.vhd:78]
	Parameter widthM bound to: 100 - type: integer 
INFO: [Synth 8-3491] module 'addMat' declared at 'C:/Users/tdale19/Desktop/LSTM_Hardware/LSTMsingle/LSTMsingle.srcs/sources_1/new/addMat.vhd:6' bound to instance 'calcMemCell' of component 'addMat' [C:/Users/tdale19/Desktop/LSTM_Hardware/LSTMpipelined/LSTMpipelined.srcs/sources_1/new/gate.vhd:80]
INFO: [Synth 8-638] synthesizing module 'addMat' [C:/Users/tdale19/Desktop/LSTM_Hardware/LSTMsingle/LSTMsingle.srcs/sources_1/new/addMat.vhd:15]
	Parameter widthM bound to: 100 - type: integer 
INFO: [Synth 8-256] done synthesizing module 'addMat' (4#1) [C:/Users/tdale19/Desktop/LSTM_Hardware/LSTMsingle/LSTMsingle.srcs/sources_1/new/addMat.vhd:15]
	Parameter widthM bound to: 100 - type: integer 
INFO: [Synth 8-3491] module 'tanhGate' declared at 'C:/Users/tdale19/Desktop/LSTM_Hardware/LSTMsingle/LSTMsingle.srcs/sources_1/new/tanhGate.vhd:4' bound to instance 'tanhCalc' of component 'tanhGate' [C:/Users/tdale19/Desktop/LSTM_Hardware/LSTMpipelined/LSTMpipelined.srcs/sources_1/new/gate.vhd:82]
INFO: [Synth 8-638] synthesizing module 'tanhGate' [C:/Users/tdale19/Desktop/LSTM_Hardware/LSTMsingle/LSTMsingle.srcs/sources_1/new/tanhGate.vhd:12]
	Parameter widthM bound to: 100 - type: integer 
INFO: [Synth 8-256] done synthesizing module 'tanhGate' (5#1) [C:/Users/tdale19/Desktop/LSTM_Hardware/LSTMsingle/LSTMsingle.srcs/sources_1/new/tanhGate.vhd:12]
	Parameter widthM bound to: 100 - type: integer 
INFO: [Synth 8-3491] module 'sigGate' declared at 'C:/Users/tdale19/Desktop/LSTM_Hardware/LSTMsingle/LSTMsingle.srcs/sources_1/new/sigGate.vhd:6' bound to instance 'sigCalc' of component 'sigGate' [C:/Users/tdale19/Desktop/LSTM_Hardware/LSTMpipelined/LSTMpipelined.srcs/sources_1/new/gate.vhd:83]
INFO: [Synth 8-638] synthesizing module 'sigGate' [C:/Users/tdale19/Desktop/LSTM_Hardware/LSTMsingle/LSTMsingle.srcs/sources_1/new/sigGate.vhd:14]
	Parameter widthM bound to: 100 - type: integer 
INFO: [Synth 8-256] done synthesizing module 'sigGate' (6#1) [C:/Users/tdale19/Desktop/LSTM_Hardware/LSTMsingle/LSTMsingle.srcs/sources_1/new/sigGate.vhd:14]
	Parameter widthM bound to: 100 - type: integer 
INFO: [Synth 8-3491] module 'matMatMult' declared at 'C:/Users/tdale19/Desktop/LSTM_Hardware/LSTMsingle/LSTMsingle.srcs/sources_1/new/matMatMult.vhd:6' bound to instance 'hCalc' of component 'matMatMult' [C:/Users/tdale19/Desktop/LSTM_Hardware/LSTMpipelined/LSTMpipelined.srcs/sources_1/new/gate.vhd:89]
INFO: [Synth 8-256] done synthesizing module 'gate' (7#1) [C:/Users/tdale19/Desktop/LSTM_Hardware/LSTMpipelined/LSTMpipelined.srcs/sources_1/new/gate.vhd:25]
WARNING: [Synth 8-6014] Unused sequential element memCellHold_reg was removed.  [C:/Users/tdale19/Desktop/LSTM_Hardware/LSTMpipelined/LSTMpipelined.srcs/sources_1/new/LSTMtop.vhd:74]
WARNING: [Synth 8-3848] Net oldH in module/entity LSTMtop does not have driver. [C:/Users/tdale19/Desktop/LSTM_Hardware/LSTMpipelined/LSTMpipelined.srcs/sources_1/new/LSTMtop.vhd:45]
WARNING: [Synth 8-3848] Net memIn in module/entity LSTMtop does not have driver. [C:/Users/tdale19/Desktop/LSTM_Hardware/LSTMpipelined/LSTMpipelined.srcs/sources_1/new/LSTMtop.vhd:45]
INFO: [Synth 8-256] done synthesizing module 'LSTMtop' (8#1) [C:/Users/tdale19/Desktop/LSTM_Hardware/LSTMpipelined/LSTMpipelined.srcs/sources_1/new/LSTMtop.vhd:16]
WARNING: [Synth 8-312] ignoring unsynthesizable construct: wait statement with no conditon [C:/Users/tdale19/Desktop/LSTM_Hardware/LSTMpipelined/LSTMpipelined.srcs/sources_1/new/LSTMtester.vhd:29]
WARNING: [Synth 8-3848] Net weightX in module/entity LSTMtester does not have driver. [C:/Users/tdale19/Desktop/LSTM_Hardware/LSTMpipelined/LSTMpipelined.srcs/sources_1/new/LSTMtester.vhd:22]
WARNING: [Synth 8-3848] Net weightH in module/entity LSTMtester does not have driver. [C:/Users/tdale19/Desktop/LSTM_Hardware/LSTMpipelined/LSTMpipelined.srcs/sources_1/new/LSTMtester.vhd:22]
WARNING: [Synth 8-3848] Net xin in module/entity LSTMtester does not have driver. [C:/Users/tdale19/Desktop/LSTM_Hardware/LSTMpipelined/LSTMpipelined.srcs/sources_1/new/LSTMtester.vhd:23]
INFO: [Synth 8-256] done synthesizing module 'LSTMtester' (9#1) [C:/Users/tdale19/Desktop/LSTM_Hardware/LSTMpipelined/LSTMpipelined.srcs/sources_1/new/LSTMtester.vhd:10]
---------------------------------------------------------------------------------
Finished RTL Elaboration : Time (s): cpu = 00:00:02 ; elapsed = 00:00:03 . Memory (MB): peak = 2360.156 ; gain = 0.000
---------------------------------------------------------------------------------

Report Check Netlist: 
+------+------------------+-------+---------+-------+------------------+
|      |Item              |Errors |Warnings |Status |Description       |
+------+------------------+-------+---------+-------+------------------+
|1     |multi_driven_nets |      0|        0|Passed |Multi driven nets |
+------+------------------+-------+---------+-------+------------------+
WARNING: [Synth 8-3295] tying undriven pin theGate:oldH[100] to constant 0 [C:/Users/tdale19/Desktop/LSTM_Hardware/LSTMpipelined/LSTMpipelined.srcs/sources_1/new/LSTMtop.vhd:47]
WARNING: [Synth 8-3295] tying undriven pin theGate:oldH[99] to constant 0 [C:/Users/tdale19/Desktop/LSTM_Hardware/LSTMpipelined/LSTMpipelined.srcs/sources_1/new/LSTMtop.vhd:47]
WARNING: [Synth 8-3295] tying undriven pin theGate:oldH[98] to constant 0 [C:/Users/tdale19/Desktop/LSTM_Hardware/LSTMpipelined/LSTMpipelined.srcs/sources_1/new/LSTMtop.vhd:47]
WARNING: [Synth 8-3295] tying undriven pin theGate:oldH[97] to constant 0 [C:/Users/tdale19/Desktop/LSTM_Hardware/LSTMpipelined/LSTMpipelined.srcs/sources_1/new/LSTMtop.vhd:47]
WARNING: [Synth 8-3295] tying undriven pin theGate:oldH[96] to constant 0 [C:/Users/tdale19/Desktop/LSTM_Hardware/LSTMpipelined/LSTMpipelined.srcs/sources_1/new/LSTMtop.vhd:47]
WARNING: [Synth 8-3295] tying undriven pin theGate:oldH[95] to constant 0 [C:/Users/tdale19/Desktop/LSTM_Hardware/LSTMpipelined/LSTMpipelined.srcs/sources_1/new/LSTMtop.vhd:47]
WARNING: [Synth 8-3295] tying undriven pin theGate:oldH[94] to constant 0 [C:/Users/tdale19/Desktop/LSTM_Hardware/LSTMpipelined/LSTMpipelined.srcs/sources_1/new/LSTMtop.vhd:47]
WARNING: [Synth 8-3295] tying undriven pin theGate:oldH[93] to constant 0 [C:/Users/tdale19/Desktop/LSTM_Hardware/LSTMpipelined/LSTMpipelined.srcs/sources_1/new/LSTMtop.vhd:47]
WARNING: [Synth 8-3295] tying undriven pin theGate:oldH[92] to constant 0 [C:/Users/tdale19/Desktop/LSTM_Hardware/LSTMpipelined/LSTMpipelined.srcs/sources_1/new/LSTMtop.vhd:47]
WARNING: [Synth 8-3295] tying undriven pin theGate:oldH[91] to constant 0 [C:/Users/tdale19/Desktop/LSTM_Hardware/LSTMpipelined/LSTMpipelined.srcs/sources_1/new/LSTMtop.vhd:47]
WARNING: [Synth 8-3295] tying undriven pin theGate:oldH[90] to constant 0 [C:/Users/tdale19/Desktop/LSTM_Hardware/LSTMpipelined/LSTMpipelined.srcs/sources_1/new/LSTMtop.vhd:47]
WARNING: [Synth 8-3295] tying undriven pin theGate:oldH[89] to constant 0 [C:/Users/tdale19/Desktop/LSTM_Hardware/LSTMpipelined/LSTMpipelined.srcs/sources_1/new/LSTMtop.vhd:47]
WARNING: [Synth 8-3295] tying undriven pin theGate:oldH[88] to constant 0 [C:/Users/tdale19/Desktop/LSTM_Hardware/LSTMpipelined/LSTMpipelined.srcs/sources_1/new/LSTMtop.vhd:47]
WARNING: [Synth 8-3295] tying undriven pin theGate:oldH[87] to constant 0 [C:/Users/tdale19/Desktop/LSTM_Hardware/LSTMpipelined/LSTMpipelined.srcs/sources_1/new/LSTMtop.vhd:47]
WARNING: [Synth 8-3295] tying undriven pin theGate:oldH[86] to constant 0 [C:/Users/tdale19/Desktop/LSTM_Hardware/LSTMpipelined/LSTMpipelined.srcs/sources_1/new/LSTMtop.vhd:47]
WARNING: [Synth 8-3295] tying undriven pin theGate:oldH[85] to constant 0 [C:/Users/tdale19/Desktop/LSTM_Hardware/LSTMpipelined/LSTMpipelined.srcs/sources_1/new/LSTMtop.vhd:47]
WARNING: [Synth 8-3295] tying undriven pin theGate:oldH[84] to constant 0 [C:/Users/tdale19/Desktop/LSTM_Hardware/LSTMpipelined/LSTMpipelined.srcs/sources_1/new/LSTMtop.vhd:47]
WARNING: [Synth 8-3295] tying undriven pin theGate:oldH[83] to constant 0 [C:/Users/tdale19/Desktop/LSTM_Hardware/LSTMpipelined/LSTMpipelined.srcs/sources_1/new/LSTMtop.vhd:47]
WARNING: [Synth 8-3295] tying undriven pin theGate:oldH[82] to constant 0 [C:/Users/tdale19/Desktop/LSTM_Hardware/LSTMpipelined/LSTMpipelined.srcs/sources_1/new/LSTMtop.vhd:47]
WARNING: [Synth 8-3295] tying undriven pin theGate:oldH[81] to constant 0 [C:/Users/tdale19/Desktop/LSTM_Hardware/LSTMpipelined/LSTMpipelined.srcs/sources_1/new/LSTMtop.vhd:47]
WARNING: [Synth 8-3295] tying undriven pin theGate:oldH[80] to constant 0 [C:/Users/tdale19/Desktop/LSTM_Hardware/LSTMpipelined/LSTMpipelined.srcs/sources_1/new/LSTMtop.vhd:47]
WARNING: [Synth 8-3295] tying undriven pin theGate:oldH[79] to constant 0 [C:/Users/tdale19/Desktop/LSTM_Hardware/LSTMpipelined/LSTMpipelined.srcs/sources_1/new/LSTMtop.vhd:47]
WARNING: [Synth 8-3295] tying undriven pin theGate:oldH[78] to constant 0 [C:/Users/tdale19/Desktop/LSTM_Hardware/LSTMpipelined/LSTMpipelined.srcs/sources_1/new/LSTMtop.vhd:47]
WARNING: [Synth 8-3295] tying undriven pin theGate:oldH[77] to constant 0 [C:/Users/tdale19/Desktop/LSTM_Hardware/LSTMpipelined/LSTMpipelined.srcs/sources_1/new/LSTMtop.vhd:47]
WARNING: [Synth 8-3295] tying undriven pin theGate:oldH[76] to constant 0 [C:/Users/tdale19/Desktop/LSTM_Hardware/LSTMpipelined/LSTMpipelined.srcs/sources_1/new/LSTMtop.vhd:47]
WARNING: [Synth 8-3295] tying undriven pin theGate:oldH[75] to constant 0 [C:/Users/tdale19/Desktop/LSTM_Hardware/LSTMpipelined/LSTMpipelined.srcs/sources_1/new/LSTMtop.vhd:47]
WARNING: [Synth 8-3295] tying undriven pin theGate:oldH[74] to constant 0 [C:/Users/tdale19/Desktop/LSTM_Hardware/LSTMpipelined/LSTMpipelined.srcs/sources_1/new/LSTMtop.vhd:47]
WARNING: [Synth 8-3295] tying undriven pin theGate:oldH[73] to constant 0 [C:/Users/tdale19/Desktop/LSTM_Hardware/LSTMpipelined/LSTMpipelined.srcs/sources_1/new/LSTMtop.vhd:47]
WARNING: [Synth 8-3295] tying undriven pin theGate:oldH[72] to constant 0 [C:/Users/tdale19/Desktop/LSTM_Hardware/LSTMpipelined/LSTMpipelined.srcs/sources_1/new/LSTMtop.vhd:47]
WARNING: [Synth 8-3295] tying undriven pin theGate:oldH[71] to constant 0 [C:/Users/tdale19/Desktop/LSTM_Hardware/LSTMpipelined/LSTMpipelined.srcs/sources_1/new/LSTMtop.vhd:47]
WARNING: [Synth 8-3295] tying undriven pin theGate:oldH[70] to constant 0 [C:/Users/tdale19/Desktop/LSTM_Hardware/LSTMpipelined/LSTMpipelined.srcs/sources_1/new/LSTMtop.vhd:47]
WARNING: [Synth 8-3295] tying undriven pin theGate:oldH[69] to constant 0 [C:/Users/tdale19/Desktop/LSTM_Hardware/LSTMpipelined/LSTMpipelined.srcs/sources_1/new/LSTMtop.vhd:47]
WARNING: [Synth 8-3295] tying undriven pin theGate:oldH[68] to constant 0 [C:/Users/tdale19/Desktop/LSTM_Hardware/LSTMpipelined/LSTMpipelined.srcs/sources_1/new/LSTMtop.vhd:47]
WARNING: [Synth 8-3295] tying undriven pin theGate:oldH[67] to constant 0 [C:/Users/tdale19/Desktop/LSTM_Hardware/LSTMpipelined/LSTMpipelined.srcs/sources_1/new/LSTMtop.vhd:47]
WARNING: [Synth 8-3295] tying undriven pin theGate:oldH[66] to constant 0 [C:/Users/tdale19/Desktop/LSTM_Hardware/LSTMpipelined/LSTMpipelined.srcs/sources_1/new/LSTMtop.vhd:47]
WARNING: [Synth 8-3295] tying undriven pin theGate:oldH[65] to constant 0 [C:/Users/tdale19/Desktop/LSTM_Hardware/LSTMpipelined/LSTMpipelined.srcs/sources_1/new/LSTMtop.vhd:47]
WARNING: [Synth 8-3295] tying undriven pin theGate:oldH[64] to constant 0 [C:/Users/tdale19/Desktop/LSTM_Hardware/LSTMpipelined/LSTMpipelined.srcs/sources_1/new/LSTMtop.vhd:47]
WARNING: [Synth 8-3295] tying undriven pin theGate:oldH[63] to constant 0 [C:/Users/tdale19/Desktop/LSTM_Hardware/LSTMpipelined/LSTMpipelined.srcs/sources_1/new/LSTMtop.vhd:47]
WARNING: [Synth 8-3295] tying undriven pin theGate:oldH[62] to constant 0 [C:/Users/tdale19/Desktop/LSTM_Hardware/LSTMpipelined/LSTMpipelined.srcs/sources_1/new/LSTMtop.vhd:47]
WARNING: [Synth 8-3295] tying undriven pin theGate:oldH[61] to constant 0 [C:/Users/tdale19/Desktop/LSTM_Hardware/LSTMpipelined/LSTMpipelined.srcs/sources_1/new/LSTMtop.vhd:47]
WARNING: [Synth 8-3295] tying undriven pin theGate:oldH[60] to constant 0 [C:/Users/tdale19/Desktop/LSTM_Hardware/LSTMpipelined/LSTMpipelined.srcs/sources_1/new/LSTMtop.vhd:47]
WARNING: [Synth 8-3295] tying undriven pin theGate:oldH[59] to constant 0 [C:/Users/tdale19/Desktop/LSTM_Hardware/LSTMpipelined/LSTMpipelined.srcs/sources_1/new/LSTMtop.vhd:47]
WARNING: [Synth 8-3295] tying undriven pin theGate:oldH[58] to constant 0 [C:/Users/tdale19/Desktop/LSTM_Hardware/LSTMpipelined/LSTMpipelined.srcs/sources_1/new/LSTMtop.vhd:47]
WARNING: [Synth 8-3295] tying undriven pin theGate:oldH[57] to constant 0 [C:/Users/tdale19/Desktop/LSTM_Hardware/LSTMpipelined/LSTMpipelined.srcs/sources_1/new/LSTMtop.vhd:47]
WARNING: [Synth 8-3295] tying undriven pin theGate:oldH[56] to constant 0 [C:/Users/tdale19/Desktop/LSTM_Hardware/LSTMpipelined/LSTMpipelined.srcs/sources_1/new/LSTMtop.vhd:47]
WARNING: [Synth 8-3295] tying undriven pin theGate:oldH[55] to constant 0 [C:/Users/tdale19/Desktop/LSTM_Hardware/LSTMpipelined/LSTMpipelined.srcs/sources_1/new/LSTMtop.vhd:47]
WARNING: [Synth 8-3295] tying undriven pin theGate:oldH[54] to constant 0 [C:/Users/tdale19/Desktop/LSTM_Hardware/LSTMpipelined/LSTMpipelined.srcs/sources_1/new/LSTMtop.vhd:47]
WARNING: [Synth 8-3295] tying undriven pin theGate:oldH[53] to constant 0 [C:/Users/tdale19/Desktop/LSTM_Hardware/LSTMpipelined/LSTMpipelined.srcs/sources_1/new/LSTMtop.vhd:47]
WARNING: [Synth 8-3295] tying undriven pin theGate:oldH[52] to constant 0 [C:/Users/tdale19/Desktop/LSTM_Hardware/LSTMpipelined/LSTMpipelined.srcs/sources_1/new/LSTMtop.vhd:47]
WARNING: [Synth 8-3295] tying undriven pin theGate:oldH[51] to constant 0 [C:/Users/tdale19/Desktop/LSTM_Hardware/LSTMpipelined/LSTMpipelined.srcs/sources_1/new/LSTMtop.vhd:47]
WARNING: [Synth 8-3295] tying undriven pin theGate:oldH[50] to constant 0 [C:/Users/tdale19/Desktop/LSTM_Hardware/LSTMpipelined/LSTMpipelined.srcs/sources_1/new/LSTMtop.vhd:47]
WARNING: [Synth 8-3295] tying undriven pin theGate:oldH[49] to constant 0 [C:/Users/tdale19/Desktop/LSTM_Hardware/LSTMpipelined/LSTMpipelined.srcs/sources_1/new/LSTMtop.vhd:47]
WARNING: [Synth 8-3295] tying undriven pin theGate:oldH[48] to constant 0 [C:/Users/tdale19/Desktop/LSTM_Hardware/LSTMpipelined/LSTMpipelined.srcs/sources_1/new/LSTMtop.vhd:47]
WARNING: [Synth 8-3295] tying undriven pin theGate:oldH[47] to constant 0 [C:/Users/tdale19/Desktop/LSTM_Hardware/LSTMpipelined/LSTMpipelined.srcs/sources_1/new/LSTMtop.vhd:47]
WARNING: [Synth 8-3295] tying undriven pin theGate:oldH[46] to constant 0 [C:/Users/tdale19/Desktop/LSTM_Hardware/LSTMpipelined/LSTMpipelined.srcs/sources_1/new/LSTMtop.vhd:47]
WARNING: [Synth 8-3295] tying undriven pin theGate:oldH[45] to constant 0 [C:/Users/tdale19/Desktop/LSTM_Hardware/LSTMpipelined/LSTMpipelined.srcs/sources_1/new/LSTMtop.vhd:47]
WARNING: [Synth 8-3295] tying undriven pin theGate:oldH[44] to constant 0 [C:/Users/tdale19/Desktop/LSTM_Hardware/LSTMpipelined/LSTMpipelined.srcs/sources_1/new/LSTMtop.vhd:47]
WARNING: [Synth 8-3295] tying undriven pin theGate:oldH[43] to constant 0 [C:/Users/tdale19/Desktop/LSTM_Hardware/LSTMpipelined/LSTMpipelined.srcs/sources_1/new/LSTMtop.vhd:47]
WARNING: [Synth 8-3295] tying undriven pin theGate:oldH[42] to constant 0 [C:/Users/tdale19/Desktop/LSTM_Hardware/LSTMpipelined/LSTMpipelined.srcs/sources_1/new/LSTMtop.vhd:47]
WARNING: [Synth 8-3295] tying undriven pin theGate:oldH[41] to constant 0 [C:/Users/tdale19/Desktop/LSTM_Hardware/LSTMpipelined/LSTMpipelined.srcs/sources_1/new/LSTMtop.vhd:47]
WARNING: [Synth 8-3295] tying undriven pin theGate:oldH[40] to constant 0 [C:/Users/tdale19/Desktop/LSTM_Hardware/LSTMpipelined/LSTMpipelined.srcs/sources_1/new/LSTMtop.vhd:47]
WARNING: [Synth 8-3295] tying undriven pin theGate:oldH[39] to constant 0 [C:/Users/tdale19/Desktop/LSTM_Hardware/LSTMpipelined/LSTMpipelined.srcs/sources_1/new/LSTMtop.vhd:47]
WARNING: [Synth 8-3295] tying undriven pin theGate:oldH[38] to constant 0 [C:/Users/tdale19/Desktop/LSTM_Hardware/LSTMpipelined/LSTMpipelined.srcs/sources_1/new/LSTMtop.vhd:47]
WARNING: [Synth 8-3295] tying undriven pin theGate:oldH[37] to constant 0 [C:/Users/tdale19/Desktop/LSTM_Hardware/LSTMpipelined/LSTMpipelined.srcs/sources_1/new/LSTMtop.vhd:47]
WARNING: [Synth 8-3295] tying undriven pin theGate:oldH[36] to constant 0 [C:/Users/tdale19/Desktop/LSTM_Hardware/LSTMpipelined/LSTMpipelined.srcs/sources_1/new/LSTMtop.vhd:47]
WARNING: [Synth 8-3295] tying undriven pin theGate:oldH[35] to constant 0 [C:/Users/tdale19/Desktop/LSTM_Hardware/LSTMpipelined/LSTMpipelined.srcs/sources_1/new/LSTMtop.vhd:47]
WARNING: [Synth 8-3295] tying undriven pin theGate:oldH[34] to constant 0 [C:/Users/tdale19/Desktop/LSTM_Hardware/LSTMpipelined/LSTMpipelined.srcs/sources_1/new/LSTMtop.vhd:47]
WARNING: [Synth 8-3295] tying undriven pin theGate:oldH[33] to constant 0 [C:/Users/tdale19/Desktop/LSTM_Hardware/LSTMpipelined/LSTMpipelined.srcs/sources_1/new/LSTMtop.vhd:47]
WARNING: [Synth 8-3295] tying undriven pin theGate:oldH[32] to constant 0 [C:/Users/tdale19/Desktop/LSTM_Hardware/LSTMpipelined/LSTMpipelined.srcs/sources_1/new/LSTMtop.vhd:47]
WARNING: [Synth 8-3295] tying undriven pin theGate:oldH[31] to constant 0 [C:/Users/tdale19/Desktop/LSTM_Hardware/LSTMpipelined/LSTMpipelined.srcs/sources_1/new/LSTMtop.vhd:47]
WARNING: [Synth 8-3295] tying undriven pin theGate:oldH[30] to constant 0 [C:/Users/tdale19/Desktop/LSTM_Hardware/LSTMpipelined/LSTMpipelined.srcs/sources_1/new/LSTMtop.vhd:47]
WARNING: [Synth 8-3295] tying undriven pin theGate:oldH[29] to constant 0 [C:/Users/tdale19/Desktop/LSTM_Hardware/LSTMpipelined/LSTMpipelined.srcs/sources_1/new/LSTMtop.vhd:47]
WARNING: [Synth 8-3295] tying undriven pin theGate:oldH[28] to constant 0 [C:/Users/tdale19/Desktop/LSTM_Hardware/LSTMpipelined/LSTMpipelined.srcs/sources_1/new/LSTMtop.vhd:47]
WARNING: [Synth 8-3295] tying undriven pin theGate:oldH[27] to constant 0 [C:/Users/tdale19/Desktop/LSTM_Hardware/LSTMpipelined/LSTMpipelined.srcs/sources_1/new/LSTMtop.vhd:47]
WARNING: [Synth 8-3295] tying undriven pin theGate:oldH[26] to constant 0 [C:/Users/tdale19/Desktop/LSTM_Hardware/LSTMpipelined/LSTMpipelined.srcs/sources_1/new/LSTMtop.vhd:47]
WARNING: [Synth 8-3295] tying undriven pin theGate:oldH[25] to constant 0 [C:/Users/tdale19/Desktop/LSTM_Hardware/LSTMpipelined/LSTMpipelined.srcs/sources_1/new/LSTMtop.vhd:47]
WARNING: [Synth 8-3295] tying undriven pin theGate:oldH[24] to constant 0 [C:/Users/tdale19/Desktop/LSTM_Hardware/LSTMpipelined/LSTMpipelined.srcs/sources_1/new/LSTMtop.vhd:47]
WARNING: [Synth 8-3295] tying undriven pin theGate:oldH[23] to constant 0 [C:/Users/tdale19/Desktop/LSTM_Hardware/LSTMpipelined/LSTMpipelined.srcs/sources_1/new/LSTMtop.vhd:47]
WARNING: [Synth 8-3295] tying undriven pin theGate:oldH[22] to constant 0 [C:/Users/tdale19/Desktop/LSTM_Hardware/LSTMpipelined/LSTMpipelined.srcs/sources_1/new/LSTMtop.vhd:47]
WARNING: [Synth 8-3295] tying undriven pin theGate:oldH[21] to constant 0 [C:/Users/tdale19/Desktop/LSTM_Hardware/LSTMpipelined/LSTMpipelined.srcs/sources_1/new/LSTMtop.vhd:47]
WARNING: [Synth 8-3295] tying undriven pin theGate:oldH[20] to constant 0 [C:/Users/tdale19/Desktop/LSTM_Hardware/LSTMpipelined/LSTMpipelined.srcs/sources_1/new/LSTMtop.vhd:47]
WARNING: [Synth 8-3295] tying undriven pin theGate:oldH[19] to constant 0 [C:/Users/tdale19/Desktop/LSTM_Hardware/LSTMpipelined/LSTMpipelined.srcs/sources_1/new/LSTMtop.vhd:47]
WARNING: [Synth 8-3295] tying undriven pin theGate:oldH[18] to constant 0 [C:/Users/tdale19/Desktop/LSTM_Hardware/LSTMpipelined/LSTMpipelined.srcs/sources_1/new/LSTMtop.vhd:47]
WARNING: [Synth 8-3295] tying undriven pin theGate:oldH[17] to constant 0 [C:/Users/tdale19/Desktop/LSTM_Hardware/LSTMpipelined/LSTMpipelined.srcs/sources_1/new/LSTMtop.vhd:47]
WARNING: [Synth 8-3295] tying undriven pin theGate:oldH[16] to constant 0 [C:/Users/tdale19/Desktop/LSTM_Hardware/LSTMpipelined/LSTMpipelined.srcs/sources_1/new/LSTMtop.vhd:47]
WARNING: [Synth 8-3295] tying undriven pin theGate:oldH[15] to constant 0 [C:/Users/tdale19/Desktop/LSTM_Hardware/LSTMpipelined/LSTMpipelined.srcs/sources_1/new/LSTMtop.vhd:47]
WARNING: [Synth 8-3295] tying undriven pin theGate:oldH[14] to constant 0 [C:/Users/tdale19/Desktop/LSTM_Hardware/LSTMpipelined/LSTMpipelined.srcs/sources_1/new/LSTMtop.vhd:47]
WARNING: [Synth 8-3295] tying undriven pin theGate:oldH[13] to constant 0 [C:/Users/tdale19/Desktop/LSTM_Hardware/LSTMpipelined/LSTMpipelined.srcs/sources_1/new/LSTMtop.vhd:47]
WARNING: [Synth 8-3295] tying undriven pin theGate:oldH[12] to constant 0 [C:/Users/tdale19/Desktop/LSTM_Hardware/LSTMpipelined/LSTMpipelined.srcs/sources_1/new/LSTMtop.vhd:47]
WARNING: [Synth 8-3295] tying undriven pin theGate:oldH[11] to constant 0 [C:/Users/tdale19/Desktop/LSTM_Hardware/LSTMpipelined/LSTMpipelined.srcs/sources_1/new/LSTMtop.vhd:47]
WARNING: [Synth 8-3295] tying undriven pin theGate:oldH[10] to constant 0 [C:/Users/tdale19/Desktop/LSTM_Hardware/LSTMpipelined/LSTMpipelined.srcs/sources_1/new/LSTMtop.vhd:47]
WARNING: [Synth 8-3295] tying undriven pin theGate:oldH[9] to constant 0 [C:/Users/tdale19/Desktop/LSTM_Hardware/LSTMpipelined/LSTMpipelined.srcs/sources_1/new/LSTMtop.vhd:47]
WARNING: [Synth 8-3295] tying undriven pin theGate:oldH[8] to constant 0 [C:/Users/tdale19/Desktop/LSTM_Hardware/LSTMpipelined/LSTMpipelined.srcs/sources_1/new/LSTMtop.vhd:47]
WARNING: [Synth 8-3295] tying undriven pin theGate:oldH[7] to constant 0 [C:/Users/tdale19/Desktop/LSTM_Hardware/LSTMpipelined/LSTMpipelined.srcs/sources_1/new/LSTMtop.vhd:47]
WARNING: [Synth 8-3295] tying undriven pin theGate:oldH[6] to constant 0 [C:/Users/tdale19/Desktop/LSTM_Hardware/LSTMpipelined/LSTMpipelined.srcs/sources_1/new/LSTMtop.vhd:47]
WARNING: [Synth 8-3295] tying undriven pin theGate:oldH[5] to constant 0 [C:/Users/tdale19/Desktop/LSTM_Hardware/LSTMpipelined/LSTMpipelined.srcs/sources_1/new/LSTMtop.vhd:47]
WARNING: [Synth 8-3295] tying undriven pin theGate:oldH[4] to constant 0 [C:/Users/tdale19/Desktop/LSTM_Hardware/LSTMpipelined/LSTMpipelined.srcs/sources_1/new/LSTMtop.vhd:47]
WARNING: [Synth 8-3295] tying undriven pin theGate:oldH[3] to constant 0 [C:/Users/tdale19/Desktop/LSTM_Hardware/LSTMpipelined/LSTMpipelined.srcs/sources_1/new/LSTMtop.vhd:47]
WARNING: [Synth 8-3295] tying undriven pin theGate:oldH[2] to constant 0 [C:/Users/tdale19/Desktop/LSTM_Hardware/LSTMpipelined/LSTMpipelined.srcs/sources_1/new/LSTMtop.vhd:47]
WARNING: [Synth 8-3295] tying undriven pin theGate:oldH[1] to constant 0 [C:/Users/tdale19/Desktop/LSTM_Hardware/LSTMpipelined/LSTMpipelined.srcs/sources_1/new/LSTMtop.vhd:47]
INFO: [Common 17-14] Message 'Synth 8-3295' appears 100 times and further instances of the messages will be disabled. Use the Tcl command set_msg_config to change the current settings.
---------------------------------------------------------------------------------
Start Handling Custom Attributes
---------------------------------------------------------------------------------
---------------------------------------------------------------------------------
Finished Handling Custom Attributes : Time (s): cpu = 00:00:02 ; elapsed = 00:00:03 . Memory (MB): peak = 2360.156 ; gain = 0.000
---------------------------------------------------------------------------------
---------------------------------------------------------------------------------
Finished RTL Optimization Phase 1 : Time (s): cpu = 00:00:02 ; elapsed = 00:00:03 . Memory (MB): peak = 2360.156 ; gain = 0.000
---------------------------------------------------------------------------------
INFO: [Project 1-570] Preparing netlist for logic optimization

Processing XDC Constraints
Initializing timing engine
Completed Processing XDC Constraints

INFO: [Opt 31-138] Pushed 0 inverter(s) to 0 load pin(s).
INFO: [Project 1-111] Unisim Transformation Summary:
No Unisim elements were transformed.

RTL Elaboration Complete:  : Time (s): cpu = 00:00:06 ; elapsed = 00:00:05 . Memory (MB): peak = 2365.469 ; gain = 5.313
34 Infos, 109 Warnings, 0 Critical Warnings and 0 Errors encountered.
synth_design completed successfully
synth_design: Time (s): cpu = 00:00:06 ; elapsed = 00:00:05 . Memory (MB): peak = 2365.469 ; gain = 5.313
exit
INFO: [Common 17-206] Exiting Vivado at Tue Nov 27 15:41:46 2018...
