#-----------------------------------------------------------
# Vivado v2018.2.1 (64-bit)
# SW Build 2288692 on Thu Jul 26 18:24:02 MDT 2018
# IP Build 2289599 on Thu Jul 26 21:09:20 MDT 2018
# Start of session at: Wed Nov 28 14:55:00 2018
# Process ID: 2468
# Current directory: C:/Users/tdale19/Desktop/LSTM_Hardware/LSTMpipelined
# Command line: vivado.exe -gui_launcher_event rodinguilauncherevent5836 C:\Users\tdale19\Desktop\LSTM_Hardware\LSTMpipelined\LSTMpipelined.xpr
# Log file: C:/Users/tdale19/Desktop/LSTM_Hardware/LSTMpipelined/vivado.log
# Journal file: C:/Users/tdale19/Desktop/LSTM_Hardware/LSTMpipelined\vivado.jou
#-----------------------------------------------------------
start_gui
open_project C:/Users/tdale19/Desktop/LSTM_Hardware/LSTMpipelined/LSTMpipelined.xpr
Scanning sources...
Finished scanning sources
INFO: [IP_Flow 19-234] Refreshing IP repositories
INFO: [IP_Flow 19-1704] No user IP repositories specified
INFO: [IP_Flow 19-2313] Loaded Vivado IP repository 'C:/Xilinx/Vivado/2018.2/data/ip'.
open_project: Time (s): cpu = 00:00:10 ; elapsed = 00:00:05 . Memory (MB): peak = 811.020 ; gain = 70.152
update_compile_order -fileset sources_1
launch_runs impl_1 -jobs 8
[Wed Nov 28 15:01:42 2018] Launched impl_1...
Run output will be captured here: C:/Users/tdale19/Desktop/LSTM_Hardware/LSTMpipelined/LSTMpipelined.runs/impl_1/runme.log
reset_run synth_1
launch_runs synth_1 -jobs 8
[Wed Nov 28 15:07:19 2018] Launched synth_1...
Run output will be captured here: C:/Users/tdale19/Desktop/LSTM_Hardware/LSTMpipelined/LSTMpipelined.runs/synth_1/runme.log
reset_run synth_1
launch_runs synth_1 -jobs 8
[Wed Nov 28 15:07:51 2018] Launched synth_1...
Run output will be captured here: C:/Users/tdale19/Desktop/LSTM_Hardware/LSTMpipelined/LSTMpipelined.runs/synth_1/runme.log
launch_runs impl_1 -jobs 8
[Wed Nov 28 15:08:28 2018] Launched impl_1...
Run output will be captured here: C:/Users/tdale19/Desktop/LSTM_Hardware/LSTMpipelined/LSTMpipelined.runs/impl_1/runme.log
launch_simulation
INFO: [Vivado 12-5682] Launching behavioral simulation in 'C:/Users/tdale19/Desktop/LSTM_Hardware/LSTMpipelined/LSTMpipelined.sim/sim_1/behav/xsim'
INFO: [SIM-utils-51] Simulation object is 'sim_1'
INFO: [SIM-utils-54] Inspecting design source files for 'LSTMtester' in fileset 'sim_1'...
INFO: [USF-XSim-97] Finding global include files...
INFO: [USF-XSim-98] Fetching design files from 'sim_1'...
INFO: [USF-XSim-2] XSim::Compile design
INFO: [USF-XSim-61] Executing 'COMPILE and ANALYZE' step in 'C:/Users/tdale19/Desktop/LSTM_Hardware/LSTMpipelined/LSTMpipelined.sim/sim_1/behav/xsim'
"xvhdl --incr --relax -prj LSTMtester_vhdl.prj"
INFO: [VRFC 10-163] Analyzing VHDL file "C:/Users/tdale19/Desktop/LSTM_Hardware/LSTMpipelined/LSTMpipelined.srcs/sources_1/new/LSTMtop.vhd" into library xil_defaultlib
INFO: [VRFC 10-307] analyzing entity LSTMtop
INFO: [VRFC 10-163] Analyzing VHDL file "C:/Users/tdale19/Desktop/LSTM_Hardware/LSTMsingle/LSTMsingle.srcs/sources_1/new/addMat.vhd" into library xil_defaultlib
INFO: [VRFC 10-307] analyzing entity addMat
INFO: [VRFC 10-163] Analyzing VHDL file "C:/Users/tdale19/Desktop/LSTM_Hardware/LSTMpipelined/LSTMpipelined.srcs/sources_1/new/gate.vhd" into library xil_defaultlib
INFO: [VRFC 10-307] analyzing entity gate
INFO: [VRFC 10-163] Analyzing VHDL file "C:/Users/tdale19/Desktop/LSTM_Hardware/LSTMsingle/LSTMsingle.srcs/sources_1/new/matMatMult.vhd" into library xil_defaultlib
INFO: [VRFC 10-307] analyzing entity matMatMult
INFO: [VRFC 10-163] Analyzing VHDL file "C:/Users/tdale19/Desktop/LSTM_Hardware/LSTMpipelined/LSTMpipelined.srcs/sources_1/new/mux.vhd" into library xil_defaultlib
INFO: [VRFC 10-307] analyzing entity mux
INFO: [VRFC 10-163] Analyzing VHDL file "C:/Users/tdale19/Desktop/LSTM_Hardware/LSTMsingle/LSTMsingle.srcs/sources_1/new/sigGate.vhd" into library xil_defaultlib
INFO: [VRFC 10-307] analyzing entity sigGate
INFO: [VRFC 10-163] Analyzing VHDL file "C:/Users/tdale19/Desktop/LSTM_Hardware/LSTMsingle/LSTMsingle.srcs/sources_1/new/tanhGate.vhd" into library xil_defaultlib
INFO: [VRFC 10-307] analyzing entity tanhGate
INFO: [VRFC 10-163] Analyzing VHDL file "C:/Users/tdale19/Desktop/LSTM_Hardware/LSTMsingle/LSTMsingle.srcs/sources_1/new/vectMatMult.vhd" into library xil_defaultlib
INFO: [VRFC 10-307] analyzing entity vectMatMult
INFO: [VRFC 10-163] Analyzing VHDL file "C:/Users/tdale19/Desktop/LSTM_Hardware/LSTMpipelined/LSTMpipelined.srcs/sources_1/new/LSTMtester.vhd" into library xil_defaultlib
INFO: [VRFC 10-307] analyzing entity LSTMtester
INFO: [USF-XSim-69] 'compile' step finished in '2' seconds
INFO: [USF-XSim-3] XSim::Elaborate design
INFO: [USF-XSim-61] Executing 'ELABORATE' step in 'C:/Users/tdale19/Desktop/LSTM_Hardware/LSTMpipelined/LSTMpipelined.sim/sim_1/behav/xsim'
Vivado Simulator 2018.2
Copyright 1986-1999, 2001-2018 Xilinx, Inc. All Rights Reserved.
Running: C:/Xilinx/Vivado/2018.2/bin/unwrapped/win64.o/xelab.exe -wto 02bc0f6bae744fb682ca96cc8e08ab51 --incr --debug typical --relax --mt 2 -L xil_defaultlib -L secureip --snapshot LSTMtester_behav xil_defaultlib.LSTMtester -log elaborate.log 
Using 2 slave threads.
Starting static elaboration
Completed static elaboration
Starting simulation data flow analysis
Completed simulation data flow analysis
Time Resolution for simulation is 1ps
Compiling package std.standard
Compiling package std.textio
Compiling package ieee.std_logic_1164
Compiling package ieee.numeric_std
Compiling architecture behavioral of entity xil_defaultlib.vectMatMult [\vectMatMult(widthv=10,widthm=10...]
Compiling architecture behavioral of entity xil_defaultlib.matMatMult [\matMatMult(widthm=100)\]
Compiling architecture behavioral of entity xil_defaultlib.mux [\mux(widthm=100)\]
Compiling architecture behavioral of entity xil_defaultlib.addMat [\addMat(widthm=100)\]
Compiling architecture behavioral of entity xil_defaultlib.tanhGate [\tanhGate(widthm=100)\]
Compiling architecture behavioral of entity xil_defaultlib.sigGate [\sigGate(widthm=100)\]
Compiling architecture behavioral of entity xil_defaultlib.gate [\gate(widthv=10,widthm=100)\]
Compiling architecture behavioral of entity xil_defaultlib.LSTMtop [\LSTMtop(widthv=10,widthm=100)\]
Compiling architecture behavioral of entity xil_defaultlib.lstmtester
Built simulation snapshot LSTMtester_behav

****** Webtalk v2018.2.1 (64-bit)
  **** SW Build 2288692 on Thu Jul 26 18:24:02 MDT 2018
  **** IP Build 2289599 on Thu Jul 26 21:09:20 MDT 2018
    ** Copyright 1986-2018 Xilinx, Inc. All Rights Reserved.

source C:/Users/tdale19/Desktop/LSTM_Hardware/LSTMpipelined/LSTMpipelined.sim/sim_1/behav/xsim/xsim.dir/LSTMtester_behav/webtalk/xsim_webtalk.tcl -notrace
INFO: [Common 17-186] 'C:/Users/tdale19/Desktop/LSTM_Hardware/LSTMpipelined/LSTMpipelined.sim/sim_1/behav/xsim/xsim.dir/LSTMtester_behav/webtalk/usage_statistics_ext_xsim.xml' has been successfully sent to Xilinx on Wed Nov 28 15:22:29 2018. For additional details about this file, please refer to the WebTalk help file at C:/Xilinx/Vivado/2018.2/doc/webtalk_introduction.html.
INFO: [Common 17-206] Exiting Webtalk at Wed Nov 28 15:22:29 2018...
run_program: Time (s): cpu = 00:00:00 ; elapsed = 00:00:07 . Memory (MB): peak = 859.602 ; gain = 0.000
INFO: [USF-XSim-69] 'elaborate' step finished in '7' seconds
INFO: [USF-XSim-4] XSim::Simulate design
INFO: [USF-XSim-61] Executing 'SIMULATE' step in 'C:/Users/tdale19/Desktop/LSTM_Hardware/LSTMpipelined/LSTMpipelined.sim/sim_1/behav/xsim'
INFO: [USF-XSim-98] *** Running xsim
   with args "LSTMtester_behav -key {Behavioral:sim_1:Functional:LSTMtester} -tclbatch {LSTMtester.tcl} -log {simulate.log}"
INFO: [USF-XSim-8] Loading simulator feature
Vivado Simulator 2018.2
Time resolution is 1 ps
source LSTMtester.tcl
# set curr_wave [current_wave_config]
# if { [string length $curr_wave] == 0 } {
#   if { [llength [get_objects]] > 0} {
#     add_wave /
#     set_property needs_save false [current_wave_config]
#   } else {
#      send_msg_id Add_Wave-1 WARNING "No top level signals found. Simulator will start without a wave window. If you want to open a wave window go to 'File->New Waveform Configuration' or type 'create_wave_config' in the TCL console."
#   }
# }
# run 1000ns
INFO: [USF-XSim-96] XSim completed. Design snapshot 'LSTMtester_behav' loaded.
INFO: [USF-XSim-97] XSim simulation ran for 1000ns
launch_simulation: Time (s): cpu = 00:00:03 ; elapsed = 00:00:12 . Memory (MB): peak = 874.602 ; gain = 15.000
close_sim
INFO: [Simtcl 6-16] Simulation closed
close_sim: Time (s): cpu = 00:00:01 ; elapsed = 00:00:05 . Memory (MB): peak = 877.285 ; gain = 1.664
add_files -fileset constrs_1 -norecurse C:/Users/tdale19/Desktop/Nexys4DDR_Master.xdc
reset_run synth_1
launch_runs synth_1 -jobs 8
[Wed Nov 28 15:26:14 2018] Launched synth_1...
Run output will be captured here: C:/Users/tdale19/Desktop/LSTM_Hardware/LSTMpipelined/LSTMpipelined.runs/synth_1/runme.log
launch_runs impl_1 -jobs 8
[Wed Nov 28 15:27:03 2018] Launched impl_1...
Run output will be captured here: C:/Users/tdale19/Desktop/LSTM_Hardware/LSTMpipelined/LSTMpipelined.runs/impl_1/runme.log
reset_run synth_1
launch_runs synth_1 -jobs 8
[Wed Nov 28 15:32:18 2018] Launched synth_1...
Run output will be captured here: C:/Users/tdale19/Desktop/LSTM_Hardware/LSTMpipelined/LSTMpipelined.runs/synth_1/runme.log
launch_runs impl_1 -jobs 8
[Wed Nov 28 15:33:05 2018] Launched impl_1...
Run output will be captured here: C:/Users/tdale19/Desktop/LSTM_Hardware/LSTMpipelined/LSTMpipelined.runs/impl_1/runme.log
export_ip_user_files -of_objects  [get_files C:/Users/tdale19/Desktop/Nexys4DDR_Master.xdc] -no_script -reset -force -quiet
remove_files  -fileset constrs_1 C:/Users/tdale19/Desktop/Nexys4DDR_Master.xdc
synth_design -rtl -name rtl_1
Command: synth_design -rtl -name rtl_1
Starting synth_design
Using part: xc7a100tcsg324-1
Top: LSTMtester
---------------------------------------------------------------------------------
Starting RTL Elaboration : Time (s): cpu = 00:00:02 ; elapsed = 00:00:02 . Memory (MB): peak = 996.980 ; gain = 109.500
---------------------------------------------------------------------------------
INFO: [Synth 8-638] synthesizing module 'LSTMtester' [C:/Users/tdale19/Desktop/LSTM_Hardware/LSTMpipelined/LSTMpipelined.srcs/sources_1/new/LSTMtester.vhd:9]
	Parameter widthV bound to: 10 - type: integer 
	Parameter widthM bound to: 100 - type: integer 
INFO: [Synth 8-3491] module 'LSTMtop' declared at 'C:/Users/tdale19/Desktop/LSTM_Hardware/LSTMpipelined/LSTMpipelined.srcs/sources_1/new/LSTMtop.vhd:8' bound to instance 'top' of component 'LSTMtop' [C:/Users/tdale19/Desktop/LSTM_Hardware/LSTMpipelined/LSTMpipelined.srcs/sources_1/new/LSTMtester.vhd:24]
INFO: [Synth 8-638] synthesizing module 'LSTMtop' [C:/Users/tdale19/Desktop/LSTM_Hardware/LSTMpipelined/LSTMpipelined.srcs/sources_1/new/LSTMtop.vhd:16]
	Parameter widthV bound to: 10 - type: integer 
	Parameter widthM bound to: 100 - type: integer 
	Parameter widthV bound to: 10 - type: integer 
	Parameter widthM bound to: 100 - type: integer 
INFO: [Synth 8-3491] module 'gate' declared at 'C:/Users/tdale19/Desktop/LSTM_Hardware/LSTMpipelined/LSTMpipelined.srcs/sources_1/new/gate.vhd:5' bound to instance 'theGate' of component 'gate' [C:/Users/tdale19/Desktop/LSTM_Hardware/LSTMpipelined/LSTMpipelined.srcs/sources_1/new/LSTMtop.vhd:47]
INFO: [Synth 8-638] synthesizing module 'gate' [C:/Users/tdale19/Desktop/LSTM_Hardware/LSTMpipelined/LSTMpipelined.srcs/sources_1/new/gate.vhd:25]
	Parameter widthV bound to: 10 - type: integer 
	Parameter widthM bound to: 100 - type: integer 
	Parameter widthV bound to: 10 - type: integer 
	Parameter widthM bound to: 100 - type: integer 
INFO: [Synth 8-3491] module 'vectMatMult' declared at 'C:/Users/tdale19/Desktop/LSTM_Hardware/LSTMsingle/LSTMsingle.srcs/sources_1/new/vectMatMult.vhd:7' bound to instance 'multX' of component 'vectMatMult' [C:/Users/tdale19/Desktop/LSTM_Hardware/LSTMpipelined/LSTMpipelined.srcs/sources_1/new/gate.vhd:71]
INFO: [Synth 8-638] synthesizing module 'vectMatMult' [C:/Users/tdale19/Desktop/LSTM_Hardware/LSTMsingle/LSTMsingle.srcs/sources_1/new/vectMatMult.vhd:16]
	Parameter widthV bound to: 10 - type: integer 
	Parameter widthM bound to: 100 - type: integer 
INFO: [Synth 8-256] done synthesizing module 'vectMatMult' (1#1) [C:/Users/tdale19/Desktop/LSTM_Hardware/LSTMsingle/LSTMsingle.srcs/sources_1/new/vectMatMult.vhd:16]
	Parameter widthV bound to: 10 - type: integer 
	Parameter widthM bound to: 100 - type: integer 
INFO: [Synth 8-3491] module 'vectMatMult' declared at 'C:/Users/tdale19/Desktop/LSTM_Hardware/LSTMsingle/LSTMsingle.srcs/sources_1/new/vectMatMult.vhd:7' bound to instance 'multH' of component 'vectMatMult' [C:/Users/tdale19/Desktop/LSTM_Hardware/LSTMpipelined/LSTMpipelined.srcs/sources_1/new/gate.vhd:72]
	Parameter widthM bound to: 100 - type: integer 
INFO: [Synth 8-3491] module 'matMatMult' declared at 'C:/Users/tdale19/Desktop/LSTM_Hardware/LSTMsingle/LSTMsingle.srcs/sources_1/new/matMatMult.vhd:6' bound to instance 'multIC' of component 'matMatMult' [C:/Users/tdale19/Desktop/LSTM_Hardware/LSTMpipelined/LSTMpipelined.srcs/sources_1/new/gate.vhd:74]
INFO: [Synth 8-638] synthesizing module 'matMatMult' [C:/Users/tdale19/Desktop/LSTM_Hardware/LSTMsingle/LSTMsingle.srcs/sources_1/new/matMatMult.vhd:15]
	Parameter widthM bound to: 100 - type: integer 
INFO: [Synth 8-256] done synthesizing module 'matMatMult' (2#1) [C:/Users/tdale19/Desktop/LSTM_Hardware/LSTMsingle/LSTMsingle.srcs/sources_1/new/matMatMult.vhd:15]
	Parameter widthM bound to: 100 - type: integer 
INFO: [Synth 8-3491] module 'matMatMult' declared at 'C:/Users/tdale19/Desktop/LSTM_Hardware/LSTMsingle/LSTMsingle.srcs/sources_1/new/matMatMult.vhd:6' bound to instance 'multFC' of component 'matMatMult' [C:/Users/tdale19/Desktop/LSTM_Hardware/LSTMpipelined/LSTMpipelined.srcs/sources_1/new/gate.vhd:75]
	Parameter widthM bound to: 100 - type: integer 
INFO: [Synth 8-3491] module 'mux' declared at 'C:/Users/tdale19/Desktop/LSTM_Hardware/LSTMpipelined/LSTMpipelined.srcs/sources_1/new/mux.vhd:34' bound to instance 'mux1' of component 'mux' [C:/Users/tdale19/Desktop/LSTM_Hardware/LSTMpipelined/LSTMpipelined.srcs/sources_1/new/gate.vhd:77]
INFO: [Synth 8-638] synthesizing module 'mux' [C:/Users/tdale19/Desktop/LSTM_Hardware/LSTMpipelined/LSTMpipelined.srcs/sources_1/new/mux.vhd:43]
	Parameter widthM bound to: 100 - type: integer 
INFO: [Synth 8-256] done synthesizing module 'mux' (3#1) [C:/Users/tdale19/Desktop/LSTM_Hardware/LSTMpipelined/LSTMpipelined.srcs/sources_1/new/mux.vhd:43]
	Parameter widthM bound to: 100 - type: integer 
INFO: [Synth 8-3491] module 'mux' declared at 'C:/Users/tdale19/Desktop/LSTM_Hardware/LSTMpipelined/LSTMpipelined.srcs/sources_1/new/mux.vhd:34' bound to instance 'mux2' of component 'mux' [C:/Users/tdale19/Desktop/LSTM_Hardware/LSTMpipelined/LSTMpipelined.srcs/sources_1/new/gate.vhd:78]
	Parameter widthM bound to: 100 - type: integer 
INFO: [Synth 8-3491] module 'addMat' declared at 'C:/Users/tdale19/Desktop/LSTM_Hardware/LSTMsingle/LSTMsingle.srcs/sources_1/new/addMat.vhd:6' bound to instance 'calcMemCell' of component 'addMat' [C:/Users/tdale19/Desktop/LSTM_Hardware/LSTMpipelined/LSTMpipelined.srcs/sources_1/new/gate.vhd:80]
INFO: [Synth 8-638] synthesizing module 'addMat' [C:/Users/tdale19/Desktop/LSTM_Hardware/LSTMsingle/LSTMsingle.srcs/sources_1/new/addMat.vhd:15]
	Parameter widthM bound to: 100 - type: integer 
INFO: [Synth 8-256] done synthesizing module 'addMat' (4#1) [C:/Users/tdale19/Desktop/LSTM_Hardware/LSTMsingle/LSTMsingle.srcs/sources_1/new/addMat.vhd:15]
	Parameter widthM bound to: 100 - type: integer 
INFO: [Synth 8-3491] module 'tanhGate' declared at 'C:/Users/tdale19/Desktop/LSTM_Hardware/LSTMsingle/LSTMsingle.srcs/sources_1/new/tanhGate.vhd:4' bound to instance 'tanhCalc' of component 'tanhGate' [C:/Users/tdale19/Desktop/LSTM_Hardware/LSTMpipelined/LSTMpipelined.srcs/sources_1/new/gate.vhd:82]
INFO: [Synth 8-638] synthesizing module 'tanhGate' [C:/Users/tdale19/Desktop/LSTM_Hardware/LSTMsingle/LSTMsingle.srcs/sources_1/new/tanhGate.vhd:12]
	Parameter widthM bound to: 100 - type: integer 
INFO: [Synth 8-256] done synthesizing module 'tanhGate' (5#1) [C:/Users/tdale19/Desktop/LSTM_Hardware/LSTMsingle/LSTMsingle.srcs/sources_1/new/tanhGate.vhd:12]
	Parameter widthM bound to: 100 - type: integer 
INFO: [Synth 8-3491] module 'sigGate' declared at 'C:/Users/tdale19/Desktop/LSTM_Hardware/LSTMsingle/LSTMsingle.srcs/sources_1/new/sigGate.vhd:6' bound to instance 'sigCalc' of component 'sigGate' [C:/Users/tdale19/Desktop/LSTM_Hardware/LSTMpipelined/LSTMpipelined.srcs/sources_1/new/gate.vhd:83]
INFO: [Synth 8-638] synthesizing module 'sigGate' [C:/Users/tdale19/Desktop/LSTM_Hardware/LSTMsingle/LSTMsingle.srcs/sources_1/new/sigGate.vhd:14]
	Parameter widthM bound to: 100 - type: integer 
INFO: [Synth 8-256] done synthesizing module 'sigGate' (6#1) [C:/Users/tdale19/Desktop/LSTM_Hardware/LSTMsingle/LSTMsingle.srcs/sources_1/new/sigGate.vhd:14]
	Parameter widthM bound to: 100 - type: integer 
INFO: [Synth 8-3491] module 'matMatMult' declared at 'C:/Users/tdale19/Desktop/LSTM_Hardware/LSTMsingle/LSTMsingle.srcs/sources_1/new/matMatMult.vhd:6' bound to instance 'hCalc' of component 'matMatMult' [C:/Users/tdale19/Desktop/LSTM_Hardware/LSTMpipelined/LSTMpipelined.srcs/sources_1/new/gate.vhd:89]
INFO: [Synth 8-256] done synthesizing module 'gate' (7#1) [C:/Users/tdale19/Desktop/LSTM_Hardware/LSTMpipelined/LSTMpipelined.srcs/sources_1/new/gate.vhd:25]
WARNING: [Synth 8-3848] Net oldH in module/entity LSTMtop does not have driver. [C:/Users/tdale19/Desktop/LSTM_Hardware/LSTMpipelined/LSTMpipelined.srcs/sources_1/new/LSTMtop.vhd:45]
INFO: [Synth 8-256] done synthesizing module 'LSTMtop' (8#1) [C:/Users/tdale19/Desktop/LSTM_Hardware/LSTMpipelined/LSTMpipelined.srcs/sources_1/new/LSTMtop.vhd:16]
WARNING: [Synth 8-312] ignoring unsynthesizable construct: wait statement with no conditon [C:/Users/tdale19/Desktop/LSTM_Hardware/LSTMpipelined/LSTMpipelined.srcs/sources_1/new/LSTMtester.vhd:28]
WARNING: [Synth 8-3848] Net weightX in module/entity LSTMtester does not have driver. [C:/Users/tdale19/Desktop/LSTM_Hardware/LSTMpipelined/LSTMpipelined.srcs/sources_1/new/LSTMtester.vhd:21]
WARNING: [Synth 8-3848] Net weightH in module/entity LSTMtester does not have driver. [C:/Users/tdale19/Desktop/LSTM_Hardware/LSTMpipelined/LSTMpipelined.srcs/sources_1/new/LSTMtester.vhd:21]
WARNING: [Synth 8-3848] Net xin in module/entity LSTMtester does not have driver. [C:/Users/tdale19/Desktop/LSTM_Hardware/LSTMpipelined/LSTMpipelined.srcs/sources_1/new/LSTMtester.vhd:22]
INFO: [Synth 8-256] done synthesizing module 'LSTMtester' (9#1) [C:/Users/tdale19/Desktop/LSTM_Hardware/LSTMpipelined/LSTMpipelined.srcs/sources_1/new/LSTMtester.vhd:9]
---------------------------------------------------------------------------------
Finished RTL Elaboration : Time (s): cpu = 00:00:03 ; elapsed = 00:00:03 . Memory (MB): peak = 1039.563 ; gain = 152.082
---------------------------------------------------------------------------------

Report Check Netlist: 
+------+------------------+-------+---------+-------+------------------+
|      |Item              |Errors |Warnings |Status |Description       |
+------+------------------+-------+---------+-------+------------------+
|1     |multi_driven_nets |      0|        0|Passed |Multi driven nets |
+------+------------------+-------+---------+-------+------------------+
WARNING: [Synth 8-3295] tying undriven pin theGate:oldH[100] to constant 0 [C:/Users/tdale19/Desktop/LSTM_Hardware/LSTMpipelined/LSTMpipelined.srcs/sources_1/new/LSTMtop.vhd:47]
WARNING: [Synth 8-3295] tying undriven pin theGate:oldH[99] to constant 0 [C:/Users/tdale19/Desktop/LSTM_Hardware/LSTMpipelined/LSTMpipelined.srcs/sources_1/new/LSTMtop.vhd:47]
WARNING: [Synth 8-3295] tying undriven pin theGate:oldH[98] to constant 0 [C:/Users/tdale19/Desktop/LSTM_Hardware/LSTMpipelined/LSTMpipelined.srcs/sources_1/new/LSTMtop.vhd:47]
WARNING: [Synth 8-3295] tying undriven pin theGate:oldH[97] to constant 0 [C:/Users/tdale19/Desktop/LSTM_Hardware/LSTMpipelined/LSTMpipelined.srcs/sources_1/new/LSTMtop.vhd:47]
WARNING: [Synth 8-3295] tying undriven pin theGate:oldH[96] to constant 0 [C:/Users/tdale19/Desktop/LSTM_Hardware/LSTMpipelined/LSTMpipelined.srcs/sources_1/new/LSTMtop.vhd:47]
WARNING: [Synth 8-3295] tying undriven pin theGate:oldH[95] to constant 0 [C:/Users/tdale19/Desktop/LSTM_Hardware/LSTMpipelined/LSTMpipelined.srcs/sources_1/new/LSTMtop.vhd:47]
WARNING: [Synth 8-3295] tying undriven pin theGate:oldH[94] to constant 0 [C:/Users/tdale19/Desktop/LSTM_Hardware/LSTMpipelined/LSTMpipelined.srcs/sources_1/new/LSTMtop.vhd:47]
WARNING: [Synth 8-3295] tying undriven pin theGate:oldH[93] to constant 0 [C:/Users/tdale19/Desktop/LSTM_Hardware/LSTMpipelined/LSTMpipelined.srcs/sources_1/new/LSTMtop.vhd:47]
WARNING: [Synth 8-3295] tying undriven pin theGate:oldH[92] to constant 0 [C:/Users/tdale19/Desktop/LSTM_Hardware/LSTMpipelined/LSTMpipelined.srcs/sources_1/new/LSTMtop.vhd:47]
WARNING: [Synth 8-3295] tying undriven pin theGate:oldH[91] to constant 0 [C:/Users/tdale19/Desktop/LSTM_Hardware/LSTMpipelined/LSTMpipelined.srcs/sources_1/new/LSTMtop.vhd:47]
WARNING: [Synth 8-3295] tying undriven pin theGate:oldH[90] to constant 0 [C:/Users/tdale19/Desktop/LSTM_Hardware/LSTMpipelined/LSTMpipelined.srcs/sources_1/new/LSTMtop.vhd:47]
WARNING: [Synth 8-3295] tying undriven pin theGate:oldH[89] to constant 0 [C:/Users/tdale19/Desktop/LSTM_Hardware/LSTMpipelined/LSTMpipelined.srcs/sources_1/new/LSTMtop.vhd:47]
WARNING: [Synth 8-3295] tying undriven pin theGate:oldH[88] to constant 0 [C:/Users/tdale19/Desktop/LSTM_Hardware/LSTMpipelined/LSTMpipelined.srcs/sources_1/new/LSTMtop.vhd:47]
WARNING: [Synth 8-3295] tying undriven pin theGate:oldH[87] to constant 0 [C:/Users/tdale19/Desktop/LSTM_Hardware/LSTMpipelined/LSTMpipelined.srcs/sources_1/new/LSTMtop.vhd:47]
WARNING: [Synth 8-3295] tying undriven pin theGate:oldH[86] to constant 0 [C:/Users/tdale19/Desktop/LSTM_Hardware/LSTMpipelined/LSTMpipelined.srcs/sources_1/new/LSTMtop.vhd:47]
WARNING: [Synth 8-3295] tying undriven pin theGate:oldH[85] to constant 0 [C:/Users/tdale19/Desktop/LSTM_Hardware/LSTMpipelined/LSTMpipelined.srcs/sources_1/new/LSTMtop.vhd:47]
WARNING: [Synth 8-3295] tying undriven pin theGate:oldH[84] to constant 0 [C:/Users/tdale19/Desktop/LSTM_Hardware/LSTMpipelined/LSTMpipelined.srcs/sources_1/new/LSTMtop.vhd:47]
WARNING: [Synth 8-3295] tying undriven pin theGate:oldH[83] to constant 0 [C:/Users/tdale19/Desktop/LSTM_Hardware/LSTMpipelined/LSTMpipelined.srcs/sources_1/new/LSTMtop.vhd:47]
WARNING: [Synth 8-3295] tying undriven pin theGate:oldH[82] to constant 0 [C:/Users/tdale19/Desktop/LSTM_Hardware/LSTMpipelined/LSTMpipelined.srcs/sources_1/new/LSTMtop.vhd:47]
WARNING: [Synth 8-3295] tying undriven pin theGate:oldH[81] to constant 0 [C:/Users/tdale19/Desktop/LSTM_Hardware/LSTMpipelined/LSTMpipelined.srcs/sources_1/new/LSTMtop.vhd:47]
WARNING: [Synth 8-3295] tying undriven pin theGate:oldH[80] to constant 0 [C:/Users/tdale19/Desktop/LSTM_Hardware/LSTMpipelined/LSTMpipelined.srcs/sources_1/new/LSTMtop.vhd:47]
WARNING: [Synth 8-3295] tying undriven pin theGate:oldH[79] to constant 0 [C:/Users/tdale19/Desktop/LSTM_Hardware/LSTMpipelined/LSTMpipelined.srcs/sources_1/new/LSTMtop.vhd:47]
WARNING: [Synth 8-3295] tying undriven pin theGate:oldH[78] to constant 0 [C:/Users/tdale19/Desktop/LSTM_Hardware/LSTMpipelined/LSTMpipelined.srcs/sources_1/new/LSTMtop.vhd:47]
WARNING: [Synth 8-3295] tying undriven pin theGate:oldH[77] to constant 0 [C:/Users/tdale19/Desktop/LSTM_Hardware/LSTMpipelined/LSTMpipelined.srcs/sources_1/new/LSTMtop.vhd:47]
WARNING: [Synth 8-3295] tying undriven pin theGate:oldH[76] to constant 0 [C:/Users/tdale19/Desktop/LSTM_Hardware/LSTMpipelined/LSTMpipelined.srcs/sources_1/new/LSTMtop.vhd:47]
WARNING: [Synth 8-3295] tying undriven pin theGate:oldH[75] to constant 0 [C:/Users/tdale19/Desktop/LSTM_Hardware/LSTMpipelined/LSTMpipelined.srcs/sources_1/new/LSTMtop.vhd:47]
WARNING: [Synth 8-3295] tying undriven pin theGate:oldH[74] to constant 0 [C:/Users/tdale19/Desktop/LSTM_Hardware/LSTMpipelined/LSTMpipelined.srcs/sources_1/new/LSTMtop.vhd:47]
WARNING: [Synth 8-3295] tying undriven pin theGate:oldH[73] to constant 0 [C:/Users/tdale19/Desktop/LSTM_Hardware/LSTMpipelined/LSTMpipelined.srcs/sources_1/new/LSTMtop.vhd:47]
WARNING: [Synth 8-3295] tying undriven pin theGate:oldH[72] to constant 0 [C:/Users/tdale19/Desktop/LSTM_Hardware/LSTMpipelined/LSTMpipelined.srcs/sources_1/new/LSTMtop.vhd:47]
WARNING: [Synth 8-3295] tying undriven pin theGate:oldH[71] to constant 0 [C:/Users/tdale19/Desktop/LSTM_Hardware/LSTMpipelined/LSTMpipelined.srcs/sources_1/new/LSTMtop.vhd:47]
WARNING: [Synth 8-3295] tying undriven pin theGate:oldH[70] to constant 0 [C:/Users/tdale19/Desktop/LSTM_Hardware/LSTMpipelined/LSTMpipelined.srcs/sources_1/new/LSTMtop.vhd:47]
WARNING: [Synth 8-3295] tying undriven pin theGate:oldH[69] to constant 0 [C:/Users/tdale19/Desktop/LSTM_Hardware/LSTMpipelined/LSTMpipelined.srcs/sources_1/new/LSTMtop.vhd:47]
WARNING: [Synth 8-3295] tying undriven pin theGate:oldH[68] to constant 0 [C:/Users/tdale19/Desktop/LSTM_Hardware/LSTMpipelined/LSTMpipelined.srcs/sources_1/new/LSTMtop.vhd:47]
WARNING: [Synth 8-3295] tying undriven pin theGate:oldH[67] to constant 0 [C:/Users/tdale19/Desktop/LSTM_Hardware/LSTMpipelined/LSTMpipelined.srcs/sources_1/new/LSTMtop.vhd:47]
WARNING: [Synth 8-3295] tying undriven pin theGate:oldH[66] to constant 0 [C:/Users/tdale19/Desktop/LSTM_Hardware/LSTMpipelined/LSTMpipelined.srcs/sources_1/new/LSTMtop.vhd:47]
WARNING: [Synth 8-3295] tying undriven pin theGate:oldH[65] to constant 0 [C:/Users/tdale19/Desktop/LSTM_Hardware/LSTMpipelined/LSTMpipelined.srcs/sources_1/new/LSTMtop.vhd:47]
WARNING: [Synth 8-3295] tying undriven pin theGate:oldH[64] to constant 0 [C:/Users/tdale19/Desktop/LSTM_Hardware/LSTMpipelined/LSTMpipelined.srcs/sources_1/new/LSTMtop.vhd:47]
WARNING: [Synth 8-3295] tying undriven pin theGate:oldH[63] to constant 0 [C:/Users/tdale19/Desktop/LSTM_Hardware/LSTMpipelined/LSTMpipelined.srcs/sources_1/new/LSTMtop.vhd:47]
WARNING: [Synth 8-3295] tying undriven pin theGate:oldH[62] to constant 0 [C:/Users/tdale19/Desktop/LSTM_Hardware/LSTMpipelined/LSTMpipelined.srcs/sources_1/new/LSTMtop.vhd:47]
WARNING: [Synth 8-3295] tying undriven pin theGate:oldH[61] to constant 0 [C:/Users/tdale19/Desktop/LSTM_Hardware/LSTMpipelined/LSTMpipelined.srcs/sources_1/new/LSTMtop.vhd:47]
WARNING: [Synth 8-3295] tying undriven pin theGate:oldH[60] to constant 0 [C:/Users/tdale19/Desktop/LSTM_Hardware/LSTMpipelined/LSTMpipelined.srcs/sources_1/new/LSTMtop.vhd:47]
WARNING: [Synth 8-3295] tying undriven pin theGate:oldH[59] to constant 0 [C:/Users/tdale19/Desktop/LSTM_Hardware/LSTMpipelined/LSTMpipelined.srcs/sources_1/new/LSTMtop.vhd:47]
WARNING: [Synth 8-3295] tying undriven pin theGate:oldH[58] to constant 0 [C:/Users/tdale19/Desktop/LSTM_Hardware/LSTMpipelined/LSTMpipelined.srcs/sources_1/new/LSTMtop.vhd:47]
WARNING: [Synth 8-3295] tying undriven pin theGate:oldH[57] to constant 0 [C:/Users/tdale19/Desktop/LSTM_Hardware/LSTMpipelined/LSTMpipelined.srcs/sources_1/new/LSTMtop.vhd:47]
WARNING: [Synth 8-3295] tying undriven pin theGate:oldH[56] to constant 0 [C:/Users/tdale19/Desktop/LSTM_Hardware/LSTMpipelined/LSTMpipelined.srcs/sources_1/new/LSTMtop.vhd:47]
WARNING: [Synth 8-3295] tying undriven pin theGate:oldH[55] to constant 0 [C:/Users/tdale19/Desktop/LSTM_Hardware/LSTMpipelined/LSTMpipelined.srcs/sources_1/new/LSTMtop.vhd:47]
WARNING: [Synth 8-3295] tying undriven pin theGate:oldH[54] to constant 0 [C:/Users/tdale19/Desktop/LSTM_Hardware/LSTMpipelined/LSTMpipelined.srcs/sources_1/new/LSTMtop.vhd:47]
WARNING: [Synth 8-3295] tying undriven pin theGate:oldH[53] to constant 0 [C:/Users/tdale19/Desktop/LSTM_Hardware/LSTMpipelined/LSTMpipelined.srcs/sources_1/new/LSTMtop.vhd:47]
WARNING: [Synth 8-3295] tying undriven pin theGate:oldH[52] to constant 0 [C:/Users/tdale19/Desktop/LSTM_Hardware/LSTMpipelined/LSTMpipelined.srcs/sources_1/new/LSTMtop.vhd:47]
WARNING: [Synth 8-3295] tying undriven pin theGate:oldH[51] to constant 0 [C:/Users/tdale19/Desktop/LSTM_Hardware/LSTMpipelined/LSTMpipelined.srcs/sources_1/new/LSTMtop.vhd:47]
WARNING: [Synth 8-3295] tying undriven pin theGate:oldH[50] to constant 0 [C:/Users/tdale19/Desktop/LSTM_Hardware/LSTMpipelined/LSTMpipelined.srcs/sources_1/new/LSTMtop.vhd:47]
WARNING: [Synth 8-3295] tying undriven pin theGate:oldH[49] to constant 0 [C:/Users/tdale19/Desktop/LSTM_Hardware/LSTMpipelined/LSTMpipelined.srcs/sources_1/new/LSTMtop.vhd:47]
WARNING: [Synth 8-3295] tying undriven pin theGate:oldH[48] to constant 0 [C:/Users/tdale19/Desktop/LSTM_Hardware/LSTMpipelined/LSTMpipelined.srcs/sources_1/new/LSTMtop.vhd:47]
WARNING: [Synth 8-3295] tying undriven pin theGate:oldH[47] to constant 0 [C:/Users/tdale19/Desktop/LSTM_Hardware/LSTMpipelined/LSTMpipelined.srcs/sources_1/new/LSTMtop.vhd:47]
WARNING: [Synth 8-3295] tying undriven pin theGate:oldH[46] to constant 0 [C:/Users/tdale19/Desktop/LSTM_Hardware/LSTMpipelined/LSTMpipelined.srcs/sources_1/new/LSTMtop.vhd:47]
WARNING: [Synth 8-3295] tying undriven pin theGate:oldH[45] to constant 0 [C:/Users/tdale19/Desktop/LSTM_Hardware/LSTMpipelined/LSTMpipelined.srcs/sources_1/new/LSTMtop.vhd:47]
WARNING: [Synth 8-3295] tying undriven pin theGate:oldH[44] to constant 0 [C:/Users/tdale19/Desktop/LSTM_Hardware/LSTMpipelined/LSTMpipelined.srcs/sources_1/new/LSTMtop.vhd:47]
WARNING: [Synth 8-3295] tying undriven pin theGate:oldH[43] to constant 0 [C:/Users/tdale19/Desktop/LSTM_Hardware/LSTMpipelined/LSTMpipelined.srcs/sources_1/new/LSTMtop.vhd:47]
WARNING: [Synth 8-3295] tying undriven pin theGate:oldH[42] to constant 0 [C:/Users/tdale19/Desktop/LSTM_Hardware/LSTMpipelined/LSTMpipelined.srcs/sources_1/new/LSTMtop.vhd:47]
WARNING: [Synth 8-3295] tying undriven pin theGate:oldH[41] to constant 0 [C:/Users/tdale19/Desktop/LSTM_Hardware/LSTMpipelined/LSTMpipelined.srcs/sources_1/new/LSTMtop.vhd:47]
WARNING: [Synth 8-3295] tying undriven pin theGate:oldH[40] to constant 0 [C:/Users/tdale19/Desktop/LSTM_Hardware/LSTMpipelined/LSTMpipelined.srcs/sources_1/new/LSTMtop.vhd:47]
WARNING: [Synth 8-3295] tying undriven pin theGate:oldH[39] to constant 0 [C:/Users/tdale19/Desktop/LSTM_Hardware/LSTMpipelined/LSTMpipelined.srcs/sources_1/new/LSTMtop.vhd:47]
WARNING: [Synth 8-3295] tying undriven pin theGate:oldH[38] to constant 0 [C:/Users/tdale19/Desktop/LSTM_Hardware/LSTMpipelined/LSTMpipelined.srcs/sources_1/new/LSTMtop.vhd:47]
WARNING: [Synth 8-3295] tying undriven pin theGate:oldH[37] to constant 0 [C:/Users/tdale19/Desktop/LSTM_Hardware/LSTMpipelined/LSTMpipelined.srcs/sources_1/new/LSTMtop.vhd:47]
WARNING: [Synth 8-3295] tying undriven pin theGate:oldH[36] to constant 0 [C:/Users/tdale19/Desktop/LSTM_Hardware/LSTMpipelined/LSTMpipelined.srcs/sources_1/new/LSTMtop.vhd:47]
WARNING: [Synth 8-3295] tying undriven pin theGate:oldH[35] to constant 0 [C:/Users/tdale19/Desktop/LSTM_Hardware/LSTMpipelined/LSTMpipelined.srcs/sources_1/new/LSTMtop.vhd:47]
WARNING: [Synth 8-3295] tying undriven pin theGate:oldH[34] to constant 0 [C:/Users/tdale19/Desktop/LSTM_Hardware/LSTMpipelined/LSTMpipelined.srcs/sources_1/new/LSTMtop.vhd:47]
WARNING: [Synth 8-3295] tying undriven pin theGate:oldH[33] to constant 0 [C:/Users/tdale19/Desktop/LSTM_Hardware/LSTMpipelined/LSTMpipelined.srcs/sources_1/new/LSTMtop.vhd:47]
WARNING: [Synth 8-3295] tying undriven pin theGate:oldH[32] to constant 0 [C:/Users/tdale19/Desktop/LSTM_Hardware/LSTMpipelined/LSTMpipelined.srcs/sources_1/new/LSTMtop.vhd:47]
WARNING: [Synth 8-3295] tying undriven pin theGate:oldH[31] to constant 0 [C:/Users/tdale19/Desktop/LSTM_Hardware/LSTMpipelined/LSTMpipelined.srcs/sources_1/new/LSTMtop.vhd:47]
WARNING: [Synth 8-3295] tying undriven pin theGate:oldH[30] to constant 0 [C:/Users/tdale19/Desktop/LSTM_Hardware/LSTMpipelined/LSTMpipelined.srcs/sources_1/new/LSTMtop.vhd:47]
WARNING: [Synth 8-3295] tying undriven pin theGate:oldH[29] to constant 0 [C:/Users/tdale19/Desktop/LSTM_Hardware/LSTMpipelined/LSTMpipelined.srcs/sources_1/new/LSTMtop.vhd:47]
WARNING: [Synth 8-3295] tying undriven pin theGate:oldH[28] to constant 0 [C:/Users/tdale19/Desktop/LSTM_Hardware/LSTMpipelined/LSTMpipelined.srcs/sources_1/new/LSTMtop.vhd:47]
WARNING: [Synth 8-3295] tying undriven pin theGate:oldH[27] to constant 0 [C:/Users/tdale19/Desktop/LSTM_Hardware/LSTMpipelined/LSTMpipelined.srcs/sources_1/new/LSTMtop.vhd:47]
WARNING: [Synth 8-3295] tying undriven pin theGate:oldH[26] to constant 0 [C:/Users/tdale19/Desktop/LSTM_Hardware/LSTMpipelined/LSTMpipelined.srcs/sources_1/new/LSTMtop.vhd:47]
WARNING: [Synth 8-3295] tying undriven pin theGate:oldH[25] to constant 0 [C:/Users/tdale19/Desktop/LSTM_Hardware/LSTMpipelined/LSTMpipelined.srcs/sources_1/new/LSTMtop.vhd:47]
WARNING: [Synth 8-3295] tying undriven pin theGate:oldH[24] to constant 0 [C:/Users/tdale19/Desktop/LSTM_Hardware/LSTMpipelined/LSTMpipelined.srcs/sources_1/new/LSTMtop.vhd:47]
WARNING: [Synth 8-3295] tying undriven pin theGate:oldH[23] to constant 0 [C:/Users/tdale19/Desktop/LSTM_Hardware/LSTMpipelined/LSTMpipelined.srcs/sources_1/new/LSTMtop.vhd:47]
WARNING: [Synth 8-3295] tying undriven pin theGate:oldH[22] to constant 0 [C:/Users/tdale19/Desktop/LSTM_Hardware/LSTMpipelined/LSTMpipelined.srcs/sources_1/new/LSTMtop.vhd:47]
WARNING: [Synth 8-3295] tying undriven pin theGate:oldH[21] to constant 0 [C:/Users/tdale19/Desktop/LSTM_Hardware/LSTMpipelined/LSTMpipelined.srcs/sources_1/new/LSTMtop.vhd:47]
WARNING: [Synth 8-3295] tying undriven pin theGate:oldH[20] to constant 0 [C:/Users/tdale19/Desktop/LSTM_Hardware/LSTMpipelined/LSTMpipelined.srcs/sources_1/new/LSTMtop.vhd:47]
WARNING: [Synth 8-3295] tying undriven pin theGate:oldH[19] to constant 0 [C:/Users/tdale19/Desktop/LSTM_Hardware/LSTMpipelined/LSTMpipelined.srcs/sources_1/new/LSTMtop.vhd:47]
WARNING: [Synth 8-3295] tying undriven pin theGate:oldH[18] to constant 0 [C:/Users/tdale19/Desktop/LSTM_Hardware/LSTMpipelined/LSTMpipelined.srcs/sources_1/new/LSTMtop.vhd:47]
WARNING: [Synth 8-3295] tying undriven pin theGate:oldH[17] to constant 0 [C:/Users/tdale19/Desktop/LSTM_Hardware/LSTMpipelined/LSTMpipelined.srcs/sources_1/new/LSTMtop.vhd:47]
WARNING: [Synth 8-3295] tying undriven pin theGate:oldH[16] to constant 0 [C:/Users/tdale19/Desktop/LSTM_Hardware/LSTMpipelined/LSTMpipelined.srcs/sources_1/new/LSTMtop.vhd:47]
WARNING: [Synth 8-3295] tying undriven pin theGate:oldH[15] to constant 0 [C:/Users/tdale19/Desktop/LSTM_Hardware/LSTMpipelined/LSTMpipelined.srcs/sources_1/new/LSTMtop.vhd:47]
WARNING: [Synth 8-3295] tying undriven pin theGate:oldH[14] to constant 0 [C:/Users/tdale19/Desktop/LSTM_Hardware/LSTMpipelined/LSTMpipelined.srcs/sources_1/new/LSTMtop.vhd:47]
WARNING: [Synth 8-3295] tying undriven pin theGate:oldH[13] to constant 0 [C:/Users/tdale19/Desktop/LSTM_Hardware/LSTMpipelined/LSTMpipelined.srcs/sources_1/new/LSTMtop.vhd:47]
WARNING: [Synth 8-3295] tying undriven pin theGate:oldH[12] to constant 0 [C:/Users/tdale19/Desktop/LSTM_Hardware/LSTMpipelined/LSTMpipelined.srcs/sources_1/new/LSTMtop.vhd:47]
WARNING: [Synth 8-3295] tying undriven pin theGate:oldH[11] to constant 0 [C:/Users/tdale19/Desktop/LSTM_Hardware/LSTMpipelined/LSTMpipelined.srcs/sources_1/new/LSTMtop.vhd:47]
WARNING: [Synth 8-3295] tying undriven pin theGate:oldH[10] to constant 0 [C:/Users/tdale19/Desktop/LSTM_Hardware/LSTMpipelined/LSTMpipelined.srcs/sources_1/new/LSTMtop.vhd:47]
WARNING: [Synth 8-3295] tying undriven pin theGate:oldH[9] to constant 0 [C:/Users/tdale19/Desktop/LSTM_Hardware/LSTMpipelined/LSTMpipelined.srcs/sources_1/new/LSTMtop.vhd:47]
WARNING: [Synth 8-3295] tying undriven pin theGate:oldH[8] to constant 0 [C:/Users/tdale19/Desktop/LSTM_Hardware/LSTMpipelined/LSTMpipelined.srcs/sources_1/new/LSTMtop.vhd:47]
WARNING: [Synth 8-3295] tying undriven pin theGate:oldH[7] to constant 0 [C:/Users/tdale19/Desktop/LSTM_Hardware/LSTMpipelined/LSTMpipelined.srcs/sources_1/new/LSTMtop.vhd:47]
WARNING: [Synth 8-3295] tying undriven pin theGate:oldH[6] to constant 0 [C:/Users/tdale19/Desktop/LSTM_Hardware/LSTMpipelined/LSTMpipelined.srcs/sources_1/new/LSTMtop.vhd:47]
WARNING: [Synth 8-3295] tying undriven pin theGate:oldH[5] to constant 0 [C:/Users/tdale19/Desktop/LSTM_Hardware/LSTMpipelined/LSTMpipelined.srcs/sources_1/new/LSTMtop.vhd:47]
WARNING: [Synth 8-3295] tying undriven pin theGate:oldH[4] to constant 0 [C:/Users/tdale19/Desktop/LSTM_Hardware/LSTMpipelined/LSTMpipelined.srcs/sources_1/new/LSTMtop.vhd:47]
WARNING: [Synth 8-3295] tying undriven pin theGate:oldH[3] to constant 0 [C:/Users/tdale19/Desktop/LSTM_Hardware/LSTMpipelined/LSTMpipelined.srcs/sources_1/new/LSTMtop.vhd:47]
WARNING: [Synth 8-3295] tying undriven pin theGate:oldH[2] to constant 0 [C:/Users/tdale19/Desktop/LSTM_Hardware/LSTMpipelined/LSTMpipelined.srcs/sources_1/new/LSTMtop.vhd:47]
WARNING: [Synth 8-3295] tying undriven pin theGate:oldH[1] to constant 0 [C:/Users/tdale19/Desktop/LSTM_Hardware/LSTMpipelined/LSTMpipelined.srcs/sources_1/new/LSTMtop.vhd:47]
INFO: [Common 17-14] Message 'Synth 8-3295' appears 100 times and further instances of the messages will be disabled. Use the Tcl command set_msg_config to change the current settings.
---------------------------------------------------------------------------------
Start Handling Custom Attributes
---------------------------------------------------------------------------------
---------------------------------------------------------------------------------
Finished Handling Custom Attributes : Time (s): cpu = 00:00:03 ; elapsed = 00:00:03 . Memory (MB): peak = 1039.563 ; gain = 152.082
---------------------------------------------------------------------------------
---------------------------------------------------------------------------------
Finished RTL Optimization Phase 1 : Time (s): cpu = 00:00:03 ; elapsed = 00:00:03 . Memory (MB): peak = 1039.563 ; gain = 152.082
---------------------------------------------------------------------------------
INFO: [Device 21-403] Loading part xc7a100tcsg324-1
INFO: [Project 1-570] Preparing netlist for logic optimization

Processing XDC Constraints
Initializing timing engine
Completed Processing XDC Constraints

INFO: [Opt 31-138] Pushed 0 inverter(s) to 0 load pin(s).
INFO: [Project 1-111] Unisim Transformation Summary:
No Unisim elements were transformed.

RTL Elaboration Complete:  : Time (s): cpu = 00:00:19 ; elapsed = 00:00:14 . Memory (MB): peak = 1378.766 ; gain = 491.285
35 Infos, 105 Warnings, 0 Critical Warnings and 0 Errors encountered.
synth_design completed successfully
synth_design: Time (s): cpu = 00:00:19 ; elapsed = 00:00:14 . Memory (MB): peak = 1379.078 ; gain = 491.598
close_design
reset_run synth_1
launch_runs synth_1 -jobs 8
[Wed Nov 28 15:50:56 2018] Launched synth_1...
Run output will be captured here: C:/Users/tdale19/Desktop/LSTM_Hardware/LSTMpipelined/LSTMpipelined.runs/synth_1/runme.log
open_run synth_1 -name synth_1
Design is defaulting to impl run constrset: constrs_1
Design is defaulting to synth run part: xc7a100tcsg324-1
INFO: [Project 1-479] Netlist was created with Vivado 2018.2.1
INFO: [Project 1-570] Preparing netlist for logic optimization
INFO: [Opt 31-138] Pushed 0 inverter(s) to 0 load pin(s).
INFO: [Project 1-111] Unisim Transformation Summary:
No Unisim elements were transformed.

close_design
synth_design -rtl -name rtl_1
Command: synth_design -rtl -name rtl_1
Starting synth_design
Using part: xc7a100tcsg324-1
Top: LSTMtester
---------------------------------------------------------------------------------
Starting RTL Elaboration : Time (s): cpu = 00:00:02 ; elapsed = 00:00:02 . Memory (MB): peak = 1829.855 ; gain = 0.000
---------------------------------------------------------------------------------
INFO: [Synth 8-638] synthesizing module 'LSTMtester' [C:/Users/tdale19/Desktop/LSTM_Hardware/LSTMpipelined/LSTMpipelined.srcs/sources_1/new/LSTMtester.vhd:9]
	Parameter widthV bound to: 10 - type: integer 
	Parameter widthM bound to: 100 - type: integer 
INFO: [Synth 8-3491] module 'LSTMtop' declared at 'C:/Users/tdale19/Desktop/LSTM_Hardware/LSTMpipelined/LSTMpipelined.srcs/sources_1/new/LSTMtop.vhd:8' bound to instance 'top' of component 'LSTMtop' [C:/Users/tdale19/Desktop/LSTM_Hardware/LSTMpipelined/LSTMpipelined.srcs/sources_1/new/LSTMtester.vhd:24]
INFO: [Synth 8-638] synthesizing module 'LSTMtop' [C:/Users/tdale19/Desktop/LSTM_Hardware/LSTMpipelined/LSTMpipelined.srcs/sources_1/new/LSTMtop.vhd:16]
	Parameter widthV bound to: 10 - type: integer 
	Parameter widthM bound to: 100 - type: integer 
	Parameter widthV bound to: 10 - type: integer 
	Parameter widthM bound to: 100 - type: integer 
INFO: [Synth 8-3491] module 'gate' declared at 'C:/Users/tdale19/Desktop/LSTM_Hardware/LSTMpipelined/LSTMpipelined.srcs/sources_1/new/gate.vhd:5' bound to instance 'theGate' of component 'gate' [C:/Users/tdale19/Desktop/LSTM_Hardware/LSTMpipelined/LSTMpipelined.srcs/sources_1/new/LSTMtop.vhd:47]
INFO: [Synth 8-638] synthesizing module 'gate' [C:/Users/tdale19/Desktop/LSTM_Hardware/LSTMpipelined/LSTMpipelined.srcs/sources_1/new/gate.vhd:25]
	Parameter widthV bound to: 10 - type: integer 
	Parameter widthM bound to: 100 - type: integer 
	Parameter widthV bound to: 10 - type: integer 
	Parameter widthM bound to: 100 - type: integer 
INFO: [Synth 8-3491] module 'vectMatMult' declared at 'C:/Users/tdale19/Desktop/LSTM_Hardware/LSTMsingle/LSTMsingle.srcs/sources_1/new/vectMatMult.vhd:7' bound to instance 'multX' of component 'vectMatMult' [C:/Users/tdale19/Desktop/LSTM_Hardware/LSTMpipelined/LSTMpipelined.srcs/sources_1/new/gate.vhd:71]
INFO: [Synth 8-638] synthesizing module 'vectMatMult' [C:/Users/tdale19/Desktop/LSTM_Hardware/LSTMsingle/LSTMsingle.srcs/sources_1/new/vectMatMult.vhd:16]
	Parameter widthV bound to: 10 - type: integer 
	Parameter widthM bound to: 100 - type: integer 
INFO: [Synth 8-256] done synthesizing module 'vectMatMult' (1#1) [C:/Users/tdale19/Desktop/LSTM_Hardware/LSTMsingle/LSTMsingle.srcs/sources_1/new/vectMatMult.vhd:16]
	Parameter widthV bound to: 10 - type: integer 
	Parameter widthM bound to: 100 - type: integer 
INFO: [Synth 8-3491] module 'vectMatMult' declared at 'C:/Users/tdale19/Desktop/LSTM_Hardware/LSTMsingle/LSTMsingle.srcs/sources_1/new/vectMatMult.vhd:7' bound to instance 'multH' of component 'vectMatMult' [C:/Users/tdale19/Desktop/LSTM_Hardware/LSTMpipelined/LSTMpipelined.srcs/sources_1/new/gate.vhd:72]
	Parameter widthM bound to: 100 - type: integer 
INFO: [Synth 8-3491] module 'matMatMult' declared at 'C:/Users/tdale19/Desktop/LSTM_Hardware/LSTMsingle/LSTMsingle.srcs/sources_1/new/matMatMult.vhd:6' bound to instance 'multIC' of component 'matMatMult' [C:/Users/tdale19/Desktop/LSTM_Hardware/LSTMpipelined/LSTMpipelined.srcs/sources_1/new/gate.vhd:74]
INFO: [Synth 8-638] synthesizing module 'matMatMult' [C:/Users/tdale19/Desktop/LSTM_Hardware/LSTMsingle/LSTMsingle.srcs/sources_1/new/matMatMult.vhd:15]
	Parameter widthM bound to: 100 - type: integer 
INFO: [Synth 8-256] done synthesizing module 'matMatMult' (2#1) [C:/Users/tdale19/Desktop/LSTM_Hardware/LSTMsingle/LSTMsingle.srcs/sources_1/new/matMatMult.vhd:15]
	Parameter widthM bound to: 100 - type: integer 
INFO: [Synth 8-3491] module 'matMatMult' declared at 'C:/Users/tdale19/Desktop/LSTM_Hardware/LSTMsingle/LSTMsingle.srcs/sources_1/new/matMatMult.vhd:6' bound to instance 'multFC' of component 'matMatMult' [C:/Users/tdale19/Desktop/LSTM_Hardware/LSTMpipelined/LSTMpipelined.srcs/sources_1/new/gate.vhd:75]
	Parameter widthM bound to: 100 - type: integer 
INFO: [Synth 8-3491] module 'mux' declared at 'C:/Users/tdale19/Desktop/LSTM_Hardware/LSTMpipelined/LSTMpipelined.srcs/sources_1/new/mux.vhd:34' bound to instance 'mux1' of component 'mux' [C:/Users/tdale19/Desktop/LSTM_Hardware/LSTMpipelined/LSTMpipelined.srcs/sources_1/new/gate.vhd:77]
INFO: [Synth 8-638] synthesizing module 'mux' [C:/Users/tdale19/Desktop/LSTM_Hardware/LSTMpipelined/LSTMpipelined.srcs/sources_1/new/mux.vhd:43]
	Parameter widthM bound to: 100 - type: integer 
INFO: [Synth 8-256] done synthesizing module 'mux' (3#1) [C:/Users/tdale19/Desktop/LSTM_Hardware/LSTMpipelined/LSTMpipelined.srcs/sources_1/new/mux.vhd:43]
	Parameter widthM bound to: 100 - type: integer 
INFO: [Synth 8-3491] module 'mux' declared at 'C:/Users/tdale19/Desktop/LSTM_Hardware/LSTMpipelined/LSTMpipelined.srcs/sources_1/new/mux.vhd:34' bound to instance 'mux2' of component 'mux' [C:/Users/tdale19/Desktop/LSTM_Hardware/LSTMpipelined/LSTMpipelined.srcs/sources_1/new/gate.vhd:78]
	Parameter widthM bound to: 100 - type: integer 
INFO: [Synth 8-3491] module 'addMat' declared at 'C:/Users/tdale19/Desktop/LSTM_Hardware/LSTMsingle/LSTMsingle.srcs/sources_1/new/addMat.vhd:6' bound to instance 'calcMemCell' of component 'addMat' [C:/Users/tdale19/Desktop/LSTM_Hardware/LSTMpipelined/LSTMpipelined.srcs/sources_1/new/gate.vhd:80]
INFO: [Synth 8-638] synthesizing module 'addMat' [C:/Users/tdale19/Desktop/LSTM_Hardware/LSTMsingle/LSTMsingle.srcs/sources_1/new/addMat.vhd:15]
	Parameter widthM bound to: 100 - type: integer 
INFO: [Synth 8-256] done synthesizing module 'addMat' (4#1) [C:/Users/tdale19/Desktop/LSTM_Hardware/LSTMsingle/LSTMsingle.srcs/sources_1/new/addMat.vhd:15]
	Parameter widthM bound to: 100 - type: integer 
INFO: [Synth 8-3491] module 'tanhGate' declared at 'C:/Users/tdale19/Desktop/LSTM_Hardware/LSTMsingle/LSTMsingle.srcs/sources_1/new/tanhGate.vhd:4' bound to instance 'tanhCalc' of component 'tanhGate' [C:/Users/tdale19/Desktop/LSTM_Hardware/LSTMpipelined/LSTMpipelined.srcs/sources_1/new/gate.vhd:82]
INFO: [Synth 8-638] synthesizing module 'tanhGate' [C:/Users/tdale19/Desktop/LSTM_Hardware/LSTMsingle/LSTMsingle.srcs/sources_1/new/tanhGate.vhd:12]
	Parameter widthM bound to: 100 - type: integer 
INFO: [Synth 8-256] done synthesizing module 'tanhGate' (5#1) [C:/Users/tdale19/Desktop/LSTM_Hardware/LSTMsingle/LSTMsingle.srcs/sources_1/new/tanhGate.vhd:12]
	Parameter widthM bound to: 100 - type: integer 
INFO: [Synth 8-3491] module 'sigGate' declared at 'C:/Users/tdale19/Desktop/LSTM_Hardware/LSTMsingle/LSTMsingle.srcs/sources_1/new/sigGate.vhd:6' bound to instance 'sigCalc' of component 'sigGate' [C:/Users/tdale19/Desktop/LSTM_Hardware/LSTMpipelined/LSTMpipelined.srcs/sources_1/new/gate.vhd:83]
INFO: [Synth 8-638] synthesizing module 'sigGate' [C:/Users/tdale19/Desktop/LSTM_Hardware/LSTMsingle/LSTMsingle.srcs/sources_1/new/sigGate.vhd:14]
	Parameter widthM bound to: 100 - type: integer 
INFO: [Synth 8-256] done synthesizing module 'sigGate' (6#1) [C:/Users/tdale19/Desktop/LSTM_Hardware/LSTMsingle/LSTMsingle.srcs/sources_1/new/sigGate.vhd:14]
	Parameter widthM bound to: 100 - type: integer 
INFO: [Synth 8-3491] module 'matMatMult' declared at 'C:/Users/tdale19/Desktop/LSTM_Hardware/LSTMsingle/LSTMsingle.srcs/sources_1/new/matMatMult.vhd:6' bound to instance 'hCalc' of component 'matMatMult' [C:/Users/tdale19/Desktop/LSTM_Hardware/LSTMpipelined/LSTMpipelined.srcs/sources_1/new/gate.vhd:89]
INFO: [Synth 8-256] done synthesizing module 'gate' (7#1) [C:/Users/tdale19/Desktop/LSTM_Hardware/LSTMpipelined/LSTMpipelined.srcs/sources_1/new/gate.vhd:25]
WARNING: [Synth 8-3848] Net oldH in module/entity LSTMtop does not have driver. [C:/Users/tdale19/Desktop/LSTM_Hardware/LSTMpipelined/LSTMpipelined.srcs/sources_1/new/LSTMtop.vhd:45]
INFO: [Synth 8-256] done synthesizing module 'LSTMtop' (8#1) [C:/Users/tdale19/Desktop/LSTM_Hardware/LSTMpipelined/LSTMpipelined.srcs/sources_1/new/LSTMtop.vhd:16]
WARNING: [Synth 8-312] ignoring unsynthesizable construct: wait statement with no conditon [C:/Users/tdale19/Desktop/LSTM_Hardware/LSTMpipelined/LSTMpipelined.srcs/sources_1/new/LSTMtester.vhd:28]
WARNING: [Synth 8-3848] Net weightX in module/entity LSTMtester does not have driver. [C:/Users/tdale19/Desktop/LSTM_Hardware/LSTMpipelined/LSTMpipelined.srcs/sources_1/new/LSTMtester.vhd:21]
WARNING: [Synth 8-3848] Net weightH in module/entity LSTMtester does not have driver. [C:/Users/tdale19/Desktop/LSTM_Hardware/LSTMpipelined/LSTMpipelined.srcs/sources_1/new/LSTMtester.vhd:21]
WARNING: [Synth 8-3848] Net xin in module/entity LSTMtester does not have driver. [C:/Users/tdale19/Desktop/LSTM_Hardware/LSTMpipelined/LSTMpipelined.srcs/sources_1/new/LSTMtester.vhd:22]
INFO: [Synth 8-256] done synthesizing module 'LSTMtester' (9#1) [C:/Users/tdale19/Desktop/LSTM_Hardware/LSTMpipelined/LSTMpipelined.srcs/sources_1/new/LSTMtester.vhd:9]
---------------------------------------------------------------------------------
Finished RTL Elaboration : Time (s): cpu = 00:00:03 ; elapsed = 00:00:03 . Memory (MB): peak = 1829.855 ; gain = 0.000
---------------------------------------------------------------------------------

Report Check Netlist: 
+------+------------------+-------+---------+-------+------------------+
|      |Item              |Errors |Warnings |Status |Description       |
+------+------------------+-------+---------+-------+------------------+
|1     |multi_driven_nets |      0|        0|Passed |Multi driven nets |
+------+------------------+-------+---------+-------+------------------+
WARNING: [Synth 8-3295] tying undriven pin theGate:oldH[100] to constant 0 [C:/Users/tdale19/Desktop/LSTM_Hardware/LSTMpipelined/LSTMpipelined.srcs/sources_1/new/LSTMtop.vhd:47]
WARNING: [Synth 8-3295] tying undriven pin theGate:oldH[99] to constant 0 [C:/Users/tdale19/Desktop/LSTM_Hardware/LSTMpipelined/LSTMpipelined.srcs/sources_1/new/LSTMtop.vhd:47]
WARNING: [Synth 8-3295] tying undriven pin theGate:oldH[98] to constant 0 [C:/Users/tdale19/Desktop/LSTM_Hardware/LSTMpipelined/LSTMpipelined.srcs/sources_1/new/LSTMtop.vhd:47]
WARNING: [Synth 8-3295] tying undriven pin theGate:oldH[97] to constant 0 [C:/Users/tdale19/Desktop/LSTM_Hardware/LSTMpipelined/LSTMpipelined.srcs/sources_1/new/LSTMtop.vhd:47]
WARNING: [Synth 8-3295] tying undriven pin theGate:oldH[96] to constant 0 [C:/Users/tdale19/Desktop/LSTM_Hardware/LSTMpipelined/LSTMpipelined.srcs/sources_1/new/LSTMtop.vhd:47]
WARNING: [Synth 8-3295] tying undriven pin theGate:oldH[95] to constant 0 [C:/Users/tdale19/Desktop/LSTM_Hardware/LSTMpipelined/LSTMpipelined.srcs/sources_1/new/LSTMtop.vhd:47]
WARNING: [Synth 8-3295] tying undriven pin theGate:oldH[94] to constant 0 [C:/Users/tdale19/Desktop/LSTM_Hardware/LSTMpipelined/LSTMpipelined.srcs/sources_1/new/LSTMtop.vhd:47]
WARNING: [Synth 8-3295] tying undriven pin theGate:oldH[93] to constant 0 [C:/Users/tdale19/Desktop/LSTM_Hardware/LSTMpipelined/LSTMpipelined.srcs/sources_1/new/LSTMtop.vhd:47]
WARNING: [Synth 8-3295] tying undriven pin theGate:oldH[92] to constant 0 [C:/Users/tdale19/Desktop/LSTM_Hardware/LSTMpipelined/LSTMpipelined.srcs/sources_1/new/LSTMtop.vhd:47]
WARNING: [Synth 8-3295] tying undriven pin theGate:oldH[91] to constant 0 [C:/Users/tdale19/Desktop/LSTM_Hardware/LSTMpipelined/LSTMpipelined.srcs/sources_1/new/LSTMtop.vhd:47]
WARNING: [Synth 8-3295] tying undriven pin theGate:oldH[90] to constant 0 [C:/Users/tdale19/Desktop/LSTM_Hardware/LSTMpipelined/LSTMpipelined.srcs/sources_1/new/LSTMtop.vhd:47]
WARNING: [Synth 8-3295] tying undriven pin theGate:oldH[89] to constant 0 [C:/Users/tdale19/Desktop/LSTM_Hardware/LSTMpipelined/LSTMpipelined.srcs/sources_1/new/LSTMtop.vhd:47]
WARNING: [Synth 8-3295] tying undriven pin theGate:oldH[88] to constant 0 [C:/Users/tdale19/Desktop/LSTM_Hardware/LSTMpipelined/LSTMpipelined.srcs/sources_1/new/LSTMtop.vhd:47]
WARNING: [Synth 8-3295] tying undriven pin theGate:oldH[87] to constant 0 [C:/Users/tdale19/Desktop/LSTM_Hardware/LSTMpipelined/LSTMpipelined.srcs/sources_1/new/LSTMtop.vhd:47]
WARNING: [Synth 8-3295] tying undriven pin theGate:oldH[86] to constant 0 [C:/Users/tdale19/Desktop/LSTM_Hardware/LSTMpipelined/LSTMpipelined.srcs/sources_1/new/LSTMtop.vhd:47]
WARNING: [Synth 8-3295] tying undriven pin theGate:oldH[85] to constant 0 [C:/Users/tdale19/Desktop/LSTM_Hardware/LSTMpipelined/LSTMpipelined.srcs/sources_1/new/LSTMtop.vhd:47]
WARNING: [Synth 8-3295] tying undriven pin theGate:oldH[84] to constant 0 [C:/Users/tdale19/Desktop/LSTM_Hardware/LSTMpipelined/LSTMpipelined.srcs/sources_1/new/LSTMtop.vhd:47]
WARNING: [Synth 8-3295] tying undriven pin theGate:oldH[83] to constant 0 [C:/Users/tdale19/Desktop/LSTM_Hardware/LSTMpipelined/LSTMpipelined.srcs/sources_1/new/LSTMtop.vhd:47]
WARNING: [Synth 8-3295] tying undriven pin theGate:oldH[82] to constant 0 [C:/Users/tdale19/Desktop/LSTM_Hardware/LSTMpipelined/LSTMpipelined.srcs/sources_1/new/LSTMtop.vhd:47]
WARNING: [Synth 8-3295] tying undriven pin theGate:oldH[81] to constant 0 [C:/Users/tdale19/Desktop/LSTM_Hardware/LSTMpipelined/LSTMpipelined.srcs/sources_1/new/LSTMtop.vhd:47]
WARNING: [Synth 8-3295] tying undriven pin theGate:oldH[80] to constant 0 [C:/Users/tdale19/Desktop/LSTM_Hardware/LSTMpipelined/LSTMpipelined.srcs/sources_1/new/LSTMtop.vhd:47]
WARNING: [Synth 8-3295] tying undriven pin theGate:oldH[79] to constant 0 [C:/Users/tdale19/Desktop/LSTM_Hardware/LSTMpipelined/LSTMpipelined.srcs/sources_1/new/LSTMtop.vhd:47]
WARNING: [Synth 8-3295] tying undriven pin theGate:oldH[78] to constant 0 [C:/Users/tdale19/Desktop/LSTM_Hardware/LSTMpipelined/LSTMpipelined.srcs/sources_1/new/LSTMtop.vhd:47]
WARNING: [Synth 8-3295] tying undriven pin theGate:oldH[77] to constant 0 [C:/Users/tdale19/Desktop/LSTM_Hardware/LSTMpipelined/LSTMpipelined.srcs/sources_1/new/LSTMtop.vhd:47]
WARNING: [Synth 8-3295] tying undriven pin theGate:oldH[76] to constant 0 [C:/Users/tdale19/Desktop/LSTM_Hardware/LSTMpipelined/LSTMpipelined.srcs/sources_1/new/LSTMtop.vhd:47]
WARNING: [Synth 8-3295] tying undriven pin theGate:oldH[75] to constant 0 [C:/Users/tdale19/Desktop/LSTM_Hardware/LSTMpipelined/LSTMpipelined.srcs/sources_1/new/LSTMtop.vhd:47]
WARNING: [Synth 8-3295] tying undriven pin theGate:oldH[74] to constant 0 [C:/Users/tdale19/Desktop/LSTM_Hardware/LSTMpipelined/LSTMpipelined.srcs/sources_1/new/LSTMtop.vhd:47]
WARNING: [Synth 8-3295] tying undriven pin theGate:oldH[73] to constant 0 [C:/Users/tdale19/Desktop/LSTM_Hardware/LSTMpipelined/LSTMpipelined.srcs/sources_1/new/LSTMtop.vhd:47]
WARNING: [Synth 8-3295] tying undriven pin theGate:oldH[72] to constant 0 [C:/Users/tdale19/Desktop/LSTM_Hardware/LSTMpipelined/LSTMpipelined.srcs/sources_1/new/LSTMtop.vhd:47]
WARNING: [Synth 8-3295] tying undriven pin theGate:oldH[71] to constant 0 [C:/Users/tdale19/Desktop/LSTM_Hardware/LSTMpipelined/LSTMpipelined.srcs/sources_1/new/LSTMtop.vhd:47]
WARNING: [Synth 8-3295] tying undriven pin theGate:oldH[70] to constant 0 [C:/Users/tdale19/Desktop/LSTM_Hardware/LSTMpipelined/LSTMpipelined.srcs/sources_1/new/LSTMtop.vhd:47]
WARNING: [Synth 8-3295] tying undriven pin theGate:oldH[69] to constant 0 [C:/Users/tdale19/Desktop/LSTM_Hardware/LSTMpipelined/LSTMpipelined.srcs/sources_1/new/LSTMtop.vhd:47]
WARNING: [Synth 8-3295] tying undriven pin theGate:oldH[68] to constant 0 [C:/Users/tdale19/Desktop/LSTM_Hardware/LSTMpipelined/LSTMpipelined.srcs/sources_1/new/LSTMtop.vhd:47]
WARNING: [Synth 8-3295] tying undriven pin theGate:oldH[67] to constant 0 [C:/Users/tdale19/Desktop/LSTM_Hardware/LSTMpipelined/LSTMpipelined.srcs/sources_1/new/LSTMtop.vhd:47]
WARNING: [Synth 8-3295] tying undriven pin theGate:oldH[66] to constant 0 [C:/Users/tdale19/Desktop/LSTM_Hardware/LSTMpipelined/LSTMpipelined.srcs/sources_1/new/LSTMtop.vhd:47]
WARNING: [Synth 8-3295] tying undriven pin theGate:oldH[65] to constant 0 [C:/Users/tdale19/Desktop/LSTM_Hardware/LSTMpipelined/LSTMpipelined.srcs/sources_1/new/LSTMtop.vhd:47]
WARNING: [Synth 8-3295] tying undriven pin theGate:oldH[64] to constant 0 [C:/Users/tdale19/Desktop/LSTM_Hardware/LSTMpipelined/LSTMpipelined.srcs/sources_1/new/LSTMtop.vhd:47]
WARNING: [Synth 8-3295] tying undriven pin theGate:oldH[63] to constant 0 [C:/Users/tdale19/Desktop/LSTM_Hardware/LSTMpipelined/LSTMpipelined.srcs/sources_1/new/LSTMtop.vhd:47]
WARNING: [Synth 8-3295] tying undriven pin theGate:oldH[62] to constant 0 [C:/Users/tdale19/Desktop/LSTM_Hardware/LSTMpipelined/LSTMpipelined.srcs/sources_1/new/LSTMtop.vhd:47]
WARNING: [Synth 8-3295] tying undriven pin theGate:oldH[61] to constant 0 [C:/Users/tdale19/Desktop/LSTM_Hardware/LSTMpipelined/LSTMpipelined.srcs/sources_1/new/LSTMtop.vhd:47]
WARNING: [Synth 8-3295] tying undriven pin theGate:oldH[60] to constant 0 [C:/Users/tdale19/Desktop/LSTM_Hardware/LSTMpipelined/LSTMpipelined.srcs/sources_1/new/LSTMtop.vhd:47]
WARNING: [Synth 8-3295] tying undriven pin theGate:oldH[59] to constant 0 [C:/Users/tdale19/Desktop/LSTM_Hardware/LSTMpipelined/LSTMpipelined.srcs/sources_1/new/LSTMtop.vhd:47]
WARNING: [Synth 8-3295] tying undriven pin theGate:oldH[58] to constant 0 [C:/Users/tdale19/Desktop/LSTM_Hardware/LSTMpipelined/LSTMpipelined.srcs/sources_1/new/LSTMtop.vhd:47]
WARNING: [Synth 8-3295] tying undriven pin theGate:oldH[57] to constant 0 [C:/Users/tdale19/Desktop/LSTM_Hardware/LSTMpipelined/LSTMpipelined.srcs/sources_1/new/LSTMtop.vhd:47]
WARNING: [Synth 8-3295] tying undriven pin theGate:oldH[56] to constant 0 [C:/Users/tdale19/Desktop/LSTM_Hardware/LSTMpipelined/LSTMpipelined.srcs/sources_1/new/LSTMtop.vhd:47]
WARNING: [Synth 8-3295] tying undriven pin theGate:oldH[55] to constant 0 [C:/Users/tdale19/Desktop/LSTM_Hardware/LSTMpipelined/LSTMpipelined.srcs/sources_1/new/LSTMtop.vhd:47]
WARNING: [Synth 8-3295] tying undriven pin theGate:oldH[54] to constant 0 [C:/Users/tdale19/Desktop/LSTM_Hardware/LSTMpipelined/LSTMpipelined.srcs/sources_1/new/LSTMtop.vhd:47]
WARNING: [Synth 8-3295] tying undriven pin theGate:oldH[53] to constant 0 [C:/Users/tdale19/Desktop/LSTM_Hardware/LSTMpipelined/LSTMpipelined.srcs/sources_1/new/LSTMtop.vhd:47]
WARNING: [Synth 8-3295] tying undriven pin theGate:oldH[52] to constant 0 [C:/Users/tdale19/Desktop/LSTM_Hardware/LSTMpipelined/LSTMpipelined.srcs/sources_1/new/LSTMtop.vhd:47]
WARNING: [Synth 8-3295] tying undriven pin theGate:oldH[51] to constant 0 [C:/Users/tdale19/Desktop/LSTM_Hardware/LSTMpipelined/LSTMpipelined.srcs/sources_1/new/LSTMtop.vhd:47]
WARNING: [Synth 8-3295] tying undriven pin theGate:oldH[50] to constant 0 [C:/Users/tdale19/Desktop/LSTM_Hardware/LSTMpipelined/LSTMpipelined.srcs/sources_1/new/LSTMtop.vhd:47]
WARNING: [Synth 8-3295] tying undriven pin theGate:oldH[49] to constant 0 [C:/Users/tdale19/Desktop/LSTM_Hardware/LSTMpipelined/LSTMpipelined.srcs/sources_1/new/LSTMtop.vhd:47]
WARNING: [Synth 8-3295] tying undriven pin theGate:oldH[48] to constant 0 [C:/Users/tdale19/Desktop/LSTM_Hardware/LSTMpipelined/LSTMpipelined.srcs/sources_1/new/LSTMtop.vhd:47]
WARNING: [Synth 8-3295] tying undriven pin theGate:oldH[47] to constant 0 [C:/Users/tdale19/Desktop/LSTM_Hardware/LSTMpipelined/LSTMpipelined.srcs/sources_1/new/LSTMtop.vhd:47]
WARNING: [Synth 8-3295] tying undriven pin theGate:oldH[46] to constant 0 [C:/Users/tdale19/Desktop/LSTM_Hardware/LSTMpipelined/LSTMpipelined.srcs/sources_1/new/LSTMtop.vhd:47]
WARNING: [Synth 8-3295] tying undriven pin theGate:oldH[45] to constant 0 [C:/Users/tdale19/Desktop/LSTM_Hardware/LSTMpipelined/LSTMpipelined.srcs/sources_1/new/LSTMtop.vhd:47]
WARNING: [Synth 8-3295] tying undriven pin theGate:oldH[44] to constant 0 [C:/Users/tdale19/Desktop/LSTM_Hardware/LSTMpipelined/LSTMpipelined.srcs/sources_1/new/LSTMtop.vhd:47]
WARNING: [Synth 8-3295] tying undriven pin theGate:oldH[43] to constant 0 [C:/Users/tdale19/Desktop/LSTM_Hardware/LSTMpipelined/LSTMpipelined.srcs/sources_1/new/LSTMtop.vhd:47]
WARNING: [Synth 8-3295] tying undriven pin theGate:oldH[42] to constant 0 [C:/Users/tdale19/Desktop/LSTM_Hardware/LSTMpipelined/LSTMpipelined.srcs/sources_1/new/LSTMtop.vhd:47]
WARNING: [Synth 8-3295] tying undriven pin theGate:oldH[41] to constant 0 [C:/Users/tdale19/Desktop/LSTM_Hardware/LSTMpipelined/LSTMpipelined.srcs/sources_1/new/LSTMtop.vhd:47]
WARNING: [Synth 8-3295] tying undriven pin theGate:oldH[40] to constant 0 [C:/Users/tdale19/Desktop/LSTM_Hardware/LSTMpipelined/LSTMpipelined.srcs/sources_1/new/LSTMtop.vhd:47]
WARNING: [Synth 8-3295] tying undriven pin theGate:oldH[39] to constant 0 [C:/Users/tdale19/Desktop/LSTM_Hardware/LSTMpipelined/LSTMpipelined.srcs/sources_1/new/LSTMtop.vhd:47]
WARNING: [Synth 8-3295] tying undriven pin theGate:oldH[38] to constant 0 [C:/Users/tdale19/Desktop/LSTM_Hardware/LSTMpipelined/LSTMpipelined.srcs/sources_1/new/LSTMtop.vhd:47]
WARNING: [Synth 8-3295] tying undriven pin theGate:oldH[37] to constant 0 [C:/Users/tdale19/Desktop/LSTM_Hardware/LSTMpipelined/LSTMpipelined.srcs/sources_1/new/LSTMtop.vhd:47]
WARNING: [Synth 8-3295] tying undriven pin theGate:oldH[36] to constant 0 [C:/Users/tdale19/Desktop/LSTM_Hardware/LSTMpipelined/LSTMpipelined.srcs/sources_1/new/LSTMtop.vhd:47]
WARNING: [Synth 8-3295] tying undriven pin theGate:oldH[35] to constant 0 [C:/Users/tdale19/Desktop/LSTM_Hardware/LSTMpipelined/LSTMpipelined.srcs/sources_1/new/LSTMtop.vhd:47]
WARNING: [Synth 8-3295] tying undriven pin theGate:oldH[34] to constant 0 [C:/Users/tdale19/Desktop/LSTM_Hardware/LSTMpipelined/LSTMpipelined.srcs/sources_1/new/LSTMtop.vhd:47]
WARNING: [Synth 8-3295] tying undriven pin theGate:oldH[33] to constant 0 [C:/Users/tdale19/Desktop/LSTM_Hardware/LSTMpipelined/LSTMpipelined.srcs/sources_1/new/LSTMtop.vhd:47]
WARNING: [Synth 8-3295] tying undriven pin theGate:oldH[32] to constant 0 [C:/Users/tdale19/Desktop/LSTM_Hardware/LSTMpipelined/LSTMpipelined.srcs/sources_1/new/LSTMtop.vhd:47]
WARNING: [Synth 8-3295] tying undriven pin theGate:oldH[31] to constant 0 [C:/Users/tdale19/Desktop/LSTM_Hardware/LSTMpipelined/LSTMpipelined.srcs/sources_1/new/LSTMtop.vhd:47]
WARNING: [Synth 8-3295] tying undriven pin theGate:oldH[30] to constant 0 [C:/Users/tdale19/Desktop/LSTM_Hardware/LSTMpipelined/LSTMpipelined.srcs/sources_1/new/LSTMtop.vhd:47]
WARNING: [Synth 8-3295] tying undriven pin theGate:oldH[29] to constant 0 [C:/Users/tdale19/Desktop/LSTM_Hardware/LSTMpipelined/LSTMpipelined.srcs/sources_1/new/LSTMtop.vhd:47]
WARNING: [Synth 8-3295] tying undriven pin theGate:oldH[28] to constant 0 [C:/Users/tdale19/Desktop/LSTM_Hardware/LSTMpipelined/LSTMpipelined.srcs/sources_1/new/LSTMtop.vhd:47]
WARNING: [Synth 8-3295] tying undriven pin theGate:oldH[27] to constant 0 [C:/Users/tdale19/Desktop/LSTM_Hardware/LSTMpipelined/LSTMpipelined.srcs/sources_1/new/LSTMtop.vhd:47]
WARNING: [Synth 8-3295] tying undriven pin theGate:oldH[26] to constant 0 [C:/Users/tdale19/Desktop/LSTM_Hardware/LSTMpipelined/LSTMpipelined.srcs/sources_1/new/LSTMtop.vhd:47]
WARNING: [Synth 8-3295] tying undriven pin theGate:oldH[25] to constant 0 [C:/Users/tdale19/Desktop/LSTM_Hardware/LSTMpipelined/LSTMpipelined.srcs/sources_1/new/LSTMtop.vhd:47]
WARNING: [Synth 8-3295] tying undriven pin theGate:oldH[24] to constant 0 [C:/Users/tdale19/Desktop/LSTM_Hardware/LSTMpipelined/LSTMpipelined.srcs/sources_1/new/LSTMtop.vhd:47]
WARNING: [Synth 8-3295] tying undriven pin theGate:oldH[23] to constant 0 [C:/Users/tdale19/Desktop/LSTM_Hardware/LSTMpipelined/LSTMpipelined.srcs/sources_1/new/LSTMtop.vhd:47]
WARNING: [Synth 8-3295] tying undriven pin theGate:oldH[22] to constant 0 [C:/Users/tdale19/Desktop/LSTM_Hardware/LSTMpipelined/LSTMpipelined.srcs/sources_1/new/LSTMtop.vhd:47]
WARNING: [Synth 8-3295] tying undriven pin theGate:oldH[21] to constant 0 [C:/Users/tdale19/Desktop/LSTM_Hardware/LSTMpipelined/LSTMpipelined.srcs/sources_1/new/LSTMtop.vhd:47]
WARNING: [Synth 8-3295] tying undriven pin theGate:oldH[20] to constant 0 [C:/Users/tdale19/Desktop/LSTM_Hardware/LSTMpipelined/LSTMpipelined.srcs/sources_1/new/LSTMtop.vhd:47]
WARNING: [Synth 8-3295] tying undriven pin theGate:oldH[19] to constant 0 [C:/Users/tdale19/Desktop/LSTM_Hardware/LSTMpipelined/LSTMpipelined.srcs/sources_1/new/LSTMtop.vhd:47]
WARNING: [Synth 8-3295] tying undriven pin theGate:oldH[18] to constant 0 [C:/Users/tdale19/Desktop/LSTM_Hardware/LSTMpipelined/LSTMpipelined.srcs/sources_1/new/LSTMtop.vhd:47]
WARNING: [Synth 8-3295] tying undriven pin theGate:oldH[17] to constant 0 [C:/Users/tdale19/Desktop/LSTM_Hardware/LSTMpipelined/LSTMpipelined.srcs/sources_1/new/LSTMtop.vhd:47]
WARNING: [Synth 8-3295] tying undriven pin theGate:oldH[16] to constant 0 [C:/Users/tdale19/Desktop/LSTM_Hardware/LSTMpipelined/LSTMpipelined.srcs/sources_1/new/LSTMtop.vhd:47]
WARNING: [Synth 8-3295] tying undriven pin theGate:oldH[15] to constant 0 [C:/Users/tdale19/Desktop/LSTM_Hardware/LSTMpipelined/LSTMpipelined.srcs/sources_1/new/LSTMtop.vhd:47]
WARNING: [Synth 8-3295] tying undriven pin theGate:oldH[14] to constant 0 [C:/Users/tdale19/Desktop/LSTM_Hardware/LSTMpipelined/LSTMpipelined.srcs/sources_1/new/LSTMtop.vhd:47]
WARNING: [Synth 8-3295] tying undriven pin theGate:oldH[13] to constant 0 [C:/Users/tdale19/Desktop/LSTM_Hardware/LSTMpipelined/LSTMpipelined.srcs/sources_1/new/LSTMtop.vhd:47]
WARNING: [Synth 8-3295] tying undriven pin theGate:oldH[12] to constant 0 [C:/Users/tdale19/Desktop/LSTM_Hardware/LSTMpipelined/LSTMpipelined.srcs/sources_1/new/LSTMtop.vhd:47]
WARNING: [Synth 8-3295] tying undriven pin theGate:oldH[11] to constant 0 [C:/Users/tdale19/Desktop/LSTM_Hardware/LSTMpipelined/LSTMpipelined.srcs/sources_1/new/LSTMtop.vhd:47]
WARNING: [Synth 8-3295] tying undriven pin theGate:oldH[10] to constant 0 [C:/Users/tdale19/Desktop/LSTM_Hardware/LSTMpipelined/LSTMpipelined.srcs/sources_1/new/LSTMtop.vhd:47]
WARNING: [Synth 8-3295] tying undriven pin theGate:oldH[9] to constant 0 [C:/Users/tdale19/Desktop/LSTM_Hardware/LSTMpipelined/LSTMpipelined.srcs/sources_1/new/LSTMtop.vhd:47]
WARNING: [Synth 8-3295] tying undriven pin theGate:oldH[8] to constant 0 [C:/Users/tdale19/Desktop/LSTM_Hardware/LSTMpipelined/LSTMpipelined.srcs/sources_1/new/LSTMtop.vhd:47]
WARNING: [Synth 8-3295] tying undriven pin theGate:oldH[7] to constant 0 [C:/Users/tdale19/Desktop/LSTM_Hardware/LSTMpipelined/LSTMpipelined.srcs/sources_1/new/LSTMtop.vhd:47]
WARNING: [Synth 8-3295] tying undriven pin theGate:oldH[6] to constant 0 [C:/Users/tdale19/Desktop/LSTM_Hardware/LSTMpipelined/LSTMpipelined.srcs/sources_1/new/LSTMtop.vhd:47]
WARNING: [Synth 8-3295] tying undriven pin theGate:oldH[5] to constant 0 [C:/Users/tdale19/Desktop/LSTM_Hardware/LSTMpipelined/LSTMpipelined.srcs/sources_1/new/LSTMtop.vhd:47]
WARNING: [Synth 8-3295] tying undriven pin theGate:oldH[4] to constant 0 [C:/Users/tdale19/Desktop/LSTM_Hardware/LSTMpipelined/LSTMpipelined.srcs/sources_1/new/LSTMtop.vhd:47]
WARNING: [Synth 8-3295] tying undriven pin theGate:oldH[3] to constant 0 [C:/Users/tdale19/Desktop/LSTM_Hardware/LSTMpipelined/LSTMpipelined.srcs/sources_1/new/LSTMtop.vhd:47]
WARNING: [Synth 8-3295] tying undriven pin theGate:oldH[2] to constant 0 [C:/Users/tdale19/Desktop/LSTM_Hardware/LSTMpipelined/LSTMpipelined.srcs/sources_1/new/LSTMtop.vhd:47]
WARNING: [Synth 8-3295] tying undriven pin theGate:oldH[1] to constant 0 [C:/Users/tdale19/Desktop/LSTM_Hardware/LSTMpipelined/LSTMpipelined.srcs/sources_1/new/LSTMtop.vhd:47]
INFO: [Common 17-14] Message 'Synth 8-3295' appears 100 times and further instances of the messages will be disabled. Use the Tcl command set_msg_config to change the current settings.
---------------------------------------------------------------------------------
Start Handling Custom Attributes
---------------------------------------------------------------------------------
---------------------------------------------------------------------------------
Finished Handling Custom Attributes : Time (s): cpu = 00:00:03 ; elapsed = 00:00:03 . Memory (MB): peak = 1829.855 ; gain = 0.000
---------------------------------------------------------------------------------
---------------------------------------------------------------------------------
Finished RTL Optimization Phase 1 : Time (s): cpu = 00:00:03 ; elapsed = 00:00:03 . Memory (MB): peak = 1829.855 ; gain = 0.000
---------------------------------------------------------------------------------
INFO: [Project 1-570] Preparing netlist for logic optimization

Processing XDC Constraints
Initializing timing engine
Completed Processing XDC Constraints

INFO: [Opt 31-138] Pushed 0 inverter(s) to 0 load pin(s).
INFO: [Project 1-111] Unisim Transformation Summary:
No Unisim elements were transformed.

RTL Elaboration Complete:  : Time (s): cpu = 00:00:07 ; elapsed = 00:00:05 . Memory (MB): peak = 1899.176 ; gain = 69.320
34 Infos, 105 Warnings, 0 Critical Warnings and 0 Errors encountered.
synth_design completed successfully
synth_design: Time (s): cpu = 00:00:07 ; elapsed = 00:00:05 . Memory (MB): peak = 1899.176 ; gain = 69.320
open_run synth_1 -name synth_1
Design is defaulting to impl run constrset: constrs_1
Design is defaulting to synth run part: xc7a100tcsg324-1
INFO: [Project 1-479] Netlist was created with Vivado 2018.2.1
INFO: [Project 1-570] Preparing netlist for logic optimization
INFO: [Opt 31-138] Pushed 0 inverter(s) to 0 load pin(s).
INFO: [Project 1-111] Unisim Transformation Summary:
No Unisim elements were transformed.

report_power -name {power_1}
Command: report_power -name power_1
INFO: [Timing 38-35] Done setting XDC timing constraints.
WARNING: [Power 33-232] No user defined clocks were found in the design!
Resolution: Please specify clocks using create_clock/create_generated_clock for sequential elements. For pure combinatorial circuits, please specify a virtual clock, otherwise the vectorless estimation might be inaccurate
Running Vector-less Activity Propagation...

Finished Running Vector-less Activity Propagation
1 Infos, 1 Warnings, 0 Critical Warnings and 0 Errors encountered.
report_power completed successfully
exit
INFO: [Common 17-206] Exiting Vivado at Wed Nov 28 16:25:51 2018...
